#
# There is insufficient memory for the Java Runtime Environment to continue.
# Native memory allocation (mmap) failed to map 282066944 bytes for committing reserved memory.
# Possible reasons:
#   The system is out of physical RAM or swap space
#   In 32 bit mode, the process size limit was hit
# Possible solutions:
#   Reduce memory load on the system
#   Increase physical memory or swap space
#   Check if swap backing store is full
#   Use 64 bit Java on a 64 bit OS
#   Decrease Java heap size (-Xmx/-Xms)
#   Decrease number of Java threads
#   Decrease Java thread stack sizes (-Xss)
#   Set larger code cache with -XX:ReservedCodeCacheSize=
# This output file may be truncated or incomplete.
#
#  Out of Memory Error (os_linux.cpp:2627), pid=23973, tid=0x00007f44c68ae700
#
# JRE version: Java(TM) SE Runtime Environment (8.0_101-b13) (build 1.8.0_101-b13)
# Java VM: Java HotSpot(TM) 64-Bit Server VM (25.101-b13 mixed mode linux-amd64 compressed oops)
# Failed to write core dump. Core dumps have been disabled. To enable core dumping, try "ulimit -c unlimited" before starting Java again
#

---------------  T H R E A D  ---------------

Current thread (0x00007f44e4078800):  VMThread [stack: 0x00007f44c67ae000,0x00007f44c68af000] [id=23984]

Stack: [0x00007f44c67ae000,0x00007f44c68af000],  sp=0x00007f44c68ad2a0,  free space=1020k
Native frames: (J=compiled Java code, j=interpreted, Vv=VM code, C=native code)
V  [libjvm.so+0xac3f0a]  VMError::report_and_die()+0x2ba
V  [libjvm.so+0x4fbf9b]  report_vm_out_of_memory(char const*, int, unsigned long, VMErrorType, char const*)+0x8b
V  [libjvm.so+0x9222d3]  os::Linux::commit_memory_impl(char*, unsigned long, bool)+0x103
V  [libjvm.so+0x922829]  os::pd_commit_memory(char*, unsigned long, unsigned long, bool)+0x29
V  [libjvm.so+0x91cb2a]  os::commit_memory(char*, unsigned long, unsigned long, bool)+0x2a
V  [libjvm.so+0x991053]  PSVirtualSpace::expand_by(unsigned long)+0x53
V  [libjvm.so+0x992458]  PSYoungGen::resize_generation(unsigned long, unsigned long)+0xf8
V  [libjvm.so+0x9915b2]  PSYoungGen::resize(unsigned long, unsigned long)+0x22
V  [libjvm.so+0x98e88b]  PSScavenge::invoke_no_policy()+0xf3b
V  [libjvm.so+0x98f011]  PSScavenge::invoke()+0x41
V  [libjvm.so+0x945fc0]  ParallelScavengeHeap::failed_mem_allocate(unsigned long)+0x70
V  [libjvm.so+0xac5927]  VM_ParallelGCFailedAllocation::doit()+0x97
V  [libjvm.so+0xacd405]  VM_Operation::evaluate()+0x55
V  [libjvm.so+0xacb7da]  VMThread::evaluate_operation(VM_Operation*)+0xba
V  [libjvm.so+0xacbb5e]  VMThread::loop()+0x1ce
V  [libjvm.so+0xacbfd0]  VMThread::run()+0x70
V  [libjvm.so+0x924698]  java_start(Thread*)+0x108

VM_Operation (0x00007f44eb270cc0): ParallelGCFailedAllocation, mode: safepoint, requested by thread 0x00007f44e400b000


---------------  P R O C E S S  ---------------

Java Threads: ( => current thread )
  0x00007f44e40ca000 JavaThread "Service Thread" daemon [_thread_blocked, id=23991, stack(0x00007f44c5c1c000,0x00007f44c5d1d000)]
  0x00007f44e40bf000 JavaThread "C1 CompilerThread2" daemon [_thread_blocked, id=23990, stack(0x00007f44c5d1d000,0x00007f44c5e1e000)]
  0x00007f44e40bd000 JavaThread "C2 CompilerThread1" daemon [_thread_blocked, id=23989, stack(0x00007f44c5e1e000,0x00007f44c5f1f000)]
  0x00007f44e40ba000 JavaThread "C2 CompilerThread0" daemon [_thread_blocked, id=23988, stack(0x00007f44c5f1f000,0x00007f44c6020000)]
  0x00007f44e40b8800 JavaThread "Signal Dispatcher" daemon [_thread_blocked, id=23987, stack(0x00007f44c6020000,0x00007f44c6121000)]
  0x00007f44e4085000 JavaThread "Finalizer" daemon [_thread_blocked, id=23986, stack(0x00007f44c65ac000,0x00007f44c66ad000)]
  0x00007f44e4080800 JavaThread "Reference Handler" daemon [_thread_blocked, id=23985, stack(0x00007f44c66ad000,0x00007f44c67ae000)]
  0x00007f44e400b000 JavaThread "main" [_thread_blocked, id=23975, stack(0x00007f44eb172000,0x00007f44eb273000)]

Other Threads:
=>0x00007f44e4078800 VMThread [stack: 0x00007f44c67ae000,0x00007f44c68af000] [id=23984]
  0x00007f44e40cd000 WatcherThread [stack: 0x00007f44c5b1b000,0x00007f44c5c1c000] [id=23992]

VM state:at safepoint (normal execution)

VM Mutex/Monitor currently owned by a thread:  ([mutex/lock_event])
[0x00007f44e4007130] Threads_lock - owner thread: 0x00007f44e4078800
[0x00007f44e4007630] Heap_lock - owner thread: 0x00007f44e400b000

Heap:
 PSYoungGen      total 283648K, used 29675K [0x00000000d6d00000, 0x00000000e9f00000, 0x0000000100000000)
  eden space 253952K, 0% used [0x00000000d6d00000,0x00000000d6d00000,0x00000000e6500000)
  from space 29696K, 99% used [0x00000000e6500000,0x00000000e81fafa0,0x00000000e8200000)
  to   space 28160K, 0% used [0x00000000e8380000,0x00000000e8380000,0x00000000e9f00000)
 ParOldGen       total 84992K, used 61745K [0x0000000084600000, 0x0000000089900000, 0x00000000d6d00000)
  object space 84992K, 72% used [0x0000000084600000,0x000000008824c798,0x0000000089900000)
 Metaspace       used 17138K, capacity 17266K, committed 17408K, reserved 1064960K
  class space    used 2222K, capacity 2259K, committed 2304K, reserved 1048576K

Card table byte_map: [0x00007f44d4862000,0x00007f44d4c40000] byte_map_base: 0x00007f44d443f000

Marking Bits: (ParMarkBitMap*) 0x00007f44ea646120
 Begin Bits: [0x00007f44cc230000, 0x00007f44ce118000)
 End Bits:   [0x00007f44ce118000, 0x00007f44d0000000)

Polling page: 0x00007f44eb295000

CodeCache: size=245760Kb used=9163Kb max_used=9176Kb free=236596Kb
 bounds [0x00007f44d5000000, 0x00007f44d5910000, 0x00007f44e4000000]
 total_blobs=2853 nmethods=2496 adapters=270
 compilation: enabled

Compilation events (10 events):
Event: 4.447 Thread 0x00007f44e40ba000 nmethod 2114 0x00007f44d58e6fd0 code [0x00007f44d58e7120, 0x00007f44d58e71f8]
Event: 4.447 Thread 0x00007f44e40ba000 2364       4       com.google.common.cache.LocalCache$Segment::postWriteCleanup (5 bytes)
Event: 4.450 Thread 0x00007f44e40ba000 nmethod 2364 0x00007f44d58df990 code [0x00007f44d58dfb00, 0x00007f44d58dfdf8]
Event: 4.450 Thread 0x00007f44e40ba000 2365       4       com.google.common.cache.LocalCache$Segment::preWriteCleanup (6 bytes)
Event: 4.451 Thread 0x00007f44e40ba000 nmethod 2365 0x00007f44d58ddf50 code [0x00007f44d58de0a0, 0x00007f44d58de128]
Event: 4.451 Thread 0x00007f44e40ba000 1951       4       java.util.HashSet::contains (9 bytes)
Event: 4.453 Thread 0x00007f44e40ba000 nmethod 1951 0x00007f44d58be510 code [0x00007f44d58be680, 0x00007f44d58be938]
Event: 4.453 Thread 0x00007f44e40ba000 2577       4       java.util.WeakHashMap::get (77 bytes)
Event: 4.457 Thread 0x00007f44e40ba000 nmethod 2577 0x00007f44d58e8310 code [0x00007f44d58e84a0, 0x00007f44d58e8998]
Event: 4.457 Thread 0x00007f44e40ba000 1996       4       org.semanticweb.owlapi.model.IRI::create (46 bytes)

GC Heap History (10 events):
Event: 1.153 GC heap after
Heap after GC invocations=2 (full 0):
 PSYoungGen      total 68608K, used 5104K [0x00000000d6d00000, 0x00000000db500000, 0x0000000100000000)
  eden space 63488K, 0% used [0x00000000d6d00000,0x00000000d6d00000,0x00000000dab00000)
  from space 5120K, 99% used [0x00000000db000000,0x00000000db4fc040,0x00000000db500000)
  to   space 5120K, 0% used [0x00000000dab00000,0x00000000dab00000,0x00000000db000000)
 ParOldGen       total 84992K, used 3048K [0x0000000084600000, 0x0000000089900000, 0x00000000d6d00000)
  object space 84992K, 3% used [0x0000000084600000,0x00000000848fa198,0x0000000089900000)
 Metaspace       used 12182K, capacity 12242K, committed 12416K, reserved 1060864K
  class space    used 1642K, capacity 1651K, committed 1664K, reserved 1048576K
}
Event: 1.545 GC heap before
{Heap before GC invocations=3 (full 0):
 PSYoungGen      total 68608K, used 68592K [0x00000000d6d00000, 0x00000000db500000, 0x0000000100000000)
  eden space 63488K, 100% used [0x00000000d6d00000,0x00000000dab00000,0x00000000dab00000)
  from space 5120K, 99% used [0x00000000db000000,0x00000000db4fc040,0x00000000db500000)
  to   space 5120K, 0% used [0x00000000dab00000,0x00000000dab00000,0x00000000db000000)
 ParOldGen       total 84992K, used 3048K [0x0000000084600000, 0x0000000089900000, 0x00000000d6d00000)
  object space 84992K, 3% used [0x0000000084600000,0x00000000848fa198,0x0000000089900000)
 Metaspace       used 12330K, capacity 12466K, committed 12800K, reserved 1060864K
  class space    used 1645K, capacity 1683K, committed 1792K, reserved 1048576K
Event: 1.586 GC heap after
Heap after GC invocations=3 (full 0):
 PSYoungGen      total 68608K, used 5104K [0x00000000d6d00000, 0x00000000df300000, 0x0000000100000000)
  eden space 63488K, 0% used [0x00000000d6d00000,0x00000000d6d00000,0x00000000dab00000)
  from space 5120K, 99% used [0x00000000dab00000,0x00000000daffc070,0x00000000db000000)
  to   space 5120K, 0% used [0x00000000dee00000,0x00000000dee00000,0x00000000df300000)
 ParOldGen       total 84992K, used 14363K [0x0000000084600000, 0x0000000089900000, 0x00000000d6d00000)
  object space 84992K, 16% used [0x0000000084600000,0x0000000085406e48,0x0000000089900000)
 Metaspace       used 12330K, capacity 12466K, committed 12800K, reserved 1060864K
  class space    used 1645K, capacity 1683K, committed 1792K, reserved 1048576K
}
Event: 1.855 GC heap before
{Heap before GC invocations=4 (full 0):
 PSYoungGen      total 68608K, used 68592K [0x00000000d6d00000, 0x00000000df300000, 0x0000000100000000)
  eden space 63488K, 100% used [0x00000000d6d00000,0x00000000dab00000,0x00000000dab00000)
  from space 5120K, 99% used [0x00000000dab00000,0x00000000daffc070,0x00000000db000000)
  to   space 5120K, 0% used [0x00000000dee00000,0x00000000dee00000,0x00000000df300000)
 ParOldGen       total 84992K, used 14363K [0x0000000084600000, 0x0000000089900000, 0x00000000d6d00000)
  object space 84992K, 16% used [0x0000000084600000,0x0000000085406e48,0x0000000089900000)
 Metaspace       used 12334K, capacity 12466K, committed 12800K, reserved 1060864K
  class space    used 1645K, capacity 1683K, committed 1792K, reserved 1048576K
Event: 1.895 GC heap after
Heap after GC invocations=4 (full 0):
 PSYoungGen      total 132096K, used 5111K [0x00000000d6d00000, 0x00000000df300000, 0x0000000100000000)
  eden space 126976K, 0% used [0x00000000d6d00000,0x00000000d6d00000,0x00000000de900000)
  from space 5120K, 99% used [0x00000000dee00000,0x00000000df2fdd70,0x00000000df300000)
  to   space 5120K, 0% used [0x00000000de900000,0x00000000de900000,0x00000000dee00000)
 ParOldGen       total 84992K, used 26723K [0x0000000084600000, 0x0000000089900000, 0x00000000d6d00000)
  object space 84992K, 31% used [0x0000000084600000,0x0000000086018d40,0x0000000089900000)
 Metaspace       used 12334K, capacity 12466K, committed 12800K, reserved 1060864K
  class space    used 1645K, capacity 1683K, committed 1792K, reserved 1048576K
}
Event: 3.039 GC heap before
{Heap before GC invocations=5 (full 0):
 PSYoungGen      total 132096K, used 132087K [0x00000000d6d00000, 0x00000000df300000, 0x0000000100000000)
  eden space 126976K, 100% used [0x00000000d6d00000,0x00000000de900000,0x00000000de900000)
  from space 5120K, 99% used [0x00000000dee00000,0x00000000df2fdd70,0x00000000df300000)
  to   space 5120K, 0% used [0x00000000de900000,0x00000000de900000,0x00000000dee00000)
 ParOldGen       total 84992K, used 26723K [0x0000000084600000, 0x0000000089900000, 0x00000000d6d00000)
  object space 84992K, 31% used [0x0000000084600000,0x0000000086018d40,0x0000000089900000)
 Metaspace       used 17091K, capacity 17202K, committed 17408K, reserved 1064960K
  class space    used 2222K, capacity 2259K, committed 2304K, reserved 1048576K
Event: 3.102 GC heap after
Heap after GC invocations=5 (full 0):
 PSYoungGen      total 132096K, used 5115K [0x00000000d6d00000, 0x00000000ea200000, 0x0000000100000000)
  eden space 126976K, 0% used [0x00000000d6d00000,0x00000000d6d00000,0x00000000de900000)
  from space 5120K, 99% used [0x00000000de900000,0x00000000dedfef60,0x00000000dee00000)
  to   space 31232K, 0% used [0x00000000e8380000,0x00000000e8380000,0x00000000ea200000)
 ParOldGen       total 84992K, used 50293K [0x0000000084600000, 0x0000000089900000, 0x00000000d6d00000)
  object space 84992K, 59% used [0x0000000084600000,0x000000008771d6d8,0x0000000089900000)
 Metaspace       used 17091K, capacity 17202K, committed 17408K, reserved 1064960K
  class space    used 2222K, capacity 2259K, committed 2304K, reserved 1048576K
}
Event: 3.592 GC heap before
{Heap before GC invocations=6 (full 0):
 PSYoungGen      total 132096K, used 132091K [0x00000000d6d00000, 0x00000000ea200000, 0x0000000100000000)
  eden space 126976K, 100% used [0x00000000d6d00000,0x00000000de900000,0x00000000de900000)
  from space 5120K, 99% used [0x00000000de900000,0x00000000dedfef60,0x00000000dee00000)
  to   space 31232K, 0% used [0x00000000e8380000,0x00000000e8380000,0x00000000ea200000)
 ParOldGen       total 84992K, used 50293K [0x0000000084600000, 0x0000000089900000, 0x00000000d6d00000)
  object space 84992K, 59% used [0x0000000084600000,0x000000008771d6d8,0x0000000089900000)
 Metaspace       used 17135K, capacity 17266K, committed 17408K, reserved 1064960K
  class space    used 2222K, capacity 2259K, committed 2304K, reserved 1048576K
Event: 3.637 GC heap after
Heap after GC invocations=6 (full 0):
 PSYoungGen      total 282112K, used 16879K [0x00000000d6d00000, 0x00000000e9f00000, 0x0000000100000000)
  eden space 253952K, 0% used [0x00000000d6d00000,0x00000000d6d00000,0x00000000e6500000)
  from space 28160K, 59% used [0x00000000e8380000,0x00000000e93fbe88,0x00000000e9f00000)
  to   space 29696K, 0% used [0x00000000e6500000,0x00000000e6500000,0x00000000e8200000)
 ParOldGen       total 84992K, used 50301K [0x0000000084600000, 0x0000000089900000, 0x00000000d6d00000)
  object space 84992K, 59% used [0x0000000084600000,0x000000008771f6d8,0x0000000089900000)
 Metaspace       used 17135K, capacity 17266K, committed 17408K, reserved 1064960K
  class space    used 2222K, capacity 2259K, committed 2304K, reserved 1048576K
}
Event: 4.459 GC heap before
{Heap before GC invocations=7 (full 0):
 PSYoungGen      total 282112K, used 270831K [0x00000000d6d00000, 0x00000000e9f00000, 0x0000000100000000)
  eden space 253952K, 100% used [0x00000000d6d00000,0x00000000e6500000,0x00000000e6500000)
  from space 28160K, 59% used [0x00000000e8380000,0x00000000e93fbe88,0x00000000e9f00000)
  to   space 29696K, 0% used [0x00000000e6500000,0x00000000e6500000,0x00000000e8200000)
 ParOldGen       total 84992K, used 50301K [0x0000000084600000, 0x0000000089900000, 0x00000000d6d00000)
  object space 84992K, 59% used [0x0000000084600000,0x000000008771f6d8,0x0000000089900000)
 Metaspace       used 17138K, capacity 17266K, committed 17408K, reserved 1064960K
  class space    used 2222K, capacity 2259K, committed 2304K, reserved 1048576K

Deoptimization events (10 events):
Event: 2.829 Thread 0x00007f44e400b000 Uncommon trap: reason=class_check action=maybe_recompile pc=0x00007f44d560db14 method=org.semanticweb.owlapi.rdf.rdfxml.parser.OWLRDFConsumer.remapOnlyIfRemapped(Ljava/lang/String;)Ljava/lang/String; @ 5
Event: 2.842 Thread 0x00007f44e400b000 Uncommon trap: reason=unstable_if action=reinterpret pc=0x00007f44d56348b0 method=com.sun.org.apache.xerces.internal.util.XMLStringBuffer.append([CII)V @ 11
Event: 2.939 Thread 0x00007f44e400b000 Uncommon trap: reason=class_check action=maybe_recompile pc=0x00007f44d563196c method=com.sun.org.apache.xerces.internal.parsers.AbstractSAXParser.characters(Lcom/sun/org/apache/xerces/internal/xni/XMLString;Lcom/sun/org/apache/xerces/internal/xni/Augment
Event: 2.954 Thread 0x00007f44e400b000 Uncommon trap: reason=class_check action=maybe_recompile pc=0x00007f44d560db14 method=org.semanticweb.owlapi.rdf.rdfxml.parser.OWLRDFConsumer.remapOnlyIfRemapped(Ljava/lang/String;)Ljava/lang/String; @ 5
Event: 2.963 Thread 0x00007f44e400b000 Uncommon trap: reason=class_check action=maybe_recompile pc=0x00007f44d5683d20 method=org.semanticweb.owlapi.rdf.rdfxml.parser.OWLRDFConsumer.isAnonymousNode(Lorg/semanticweb/owlapi/model/IRI;)Z @ 5
Event: 2.963 Thread 0x00007f44e400b000 Uncommon trap: reason=class_check action=maybe_recompile pc=0x00007f44d5683d20 method=org.semanticweb.owlapi.rdf.rdfxml.parser.OWLRDFConsumer.isAnonymousNode(Lorg/semanticweb/owlapi/model/IRI;)Z @ 5
Event: 2.964 Thread 0x00007f44e400b000 Uncommon trap: reason=class_check action=maybe_recompile pc=0x00007f44d5683d20 method=org.semanticweb.owlapi.rdf.rdfxml.parser.OWLRDFConsumer.isAnonymousNode(Lorg/semanticweb/owlapi/model/IRI;)Z @ 5
Event: 2.964 Thread 0x00007f44e400b000 Uncommon trap: reason=class_check action=maybe_recompile pc=0x00007f44d5683d20 method=org.semanticweb.owlapi.rdf.rdfxml.parser.OWLRDFConsumer.isAnonymousNode(Lorg/semanticweb/owlapi/model/IRI;)Z @ 5
Event: 3.146 Thread 0x00007f44e400b000 Uncommon trap: reason=unstable_if action=reinterpret pc=0x00007f44d55627d8 method=com.sun.org.apache.xerces.internal.util.XMLChar.isNameStart(I)Z @ 13
Event: 3.494 Thread 0x00007f44e400b000 Uncommon trap: reason=class_check action=maybe_recompile pc=0x00007f44d5852bc0 method=org.semanticweb.owlapi.rdf.rdfxml.parser.OWLRDFConsumer.isAnonymousNode(Lorg/semanticweb/owlapi/model/IRI;)Z @ 5

Internal exceptions (10 events):
Event: 0.042 Thread 0x00007f44e400b000 Exception <a 'java/lang/NoSuchMethodError': Method sun.misc.Unsafe.prefetchRead(Ljava/lang/Object;J)V name or signature does not match> (0x00000000d6d07fa8) thrown at [/HUDSON3/workspace/8-2-build-linux-amd64/jdk8u101/7261/hotspot/src/share/vm/prims/jni.c
Event: 0.147 Thread 0x00007f44e400b000 Exception <a 'java/security/PrivilegedActionException'> (0x00000000d7085430) thrown at [/HUDSON3/workspace/8-2-build-linux-amd64/jdk8u101/7261/hotspot/src/share/vm/prims/jvm.cpp, line 1386]
Event: 0.147 Thread 0x00007f44e400b000 Exception <a 'java/security/PrivilegedActionException'> (0x00000000d7085640) thrown at [/HUDSON3/workspace/8-2-build-linux-amd64/jdk8u101/7261/hotspot/src/share/vm/prims/jvm.cpp, line 1386]
Event: 0.148 Thread 0x00007f44e400b000 Exception <a 'java/security/PrivilegedActionException'> (0x00000000d70878e0) thrown at [/HUDSON3/workspace/8-2-build-linux-amd64/jdk8u101/7261/hotspot/src/share/vm/prims/jvm.cpp, line 1386]
Event: 0.148 Thread 0x00007f44e400b000 Exception <a 'java/security/PrivilegedActionException'> (0x00000000d7087af0) thrown at [/HUDSON3/workspace/8-2-build-linux-amd64/jdk8u101/7261/hotspot/src/share/vm/prims/jvm.cpp, line 1386]
Event: 0.158 Thread 0x00007f44e400b000 Exception <a 'java/lang/NoClassDefFoundError': org/slf4j/impl/StaticLoggerBinder> (0x00000000d7091db8) thrown at [/HUDSON3/workspace/8-2-build-linux-amd64/jdk8u101/7261/hotspot/src/share/vm/classfile/systemDictionary.cpp, line 199]
Event: 0.303 Thread 0x00007f44e400b000 Exception <a 'java/lang/ArrayIndexOutOfBoundsException'> (0x00000000d7759660) thrown at [/HUDSON3/workspace/8-2-build-linux-amd64/jdk8u101/7261/hotspot/src/share/vm/runtime/sharedRuntime.cpp, line 605]
Event: 0.303 Thread 0x00007f44e400b000 Exception <a 'java/lang/ArrayIndexOutOfBoundsException'> (0x00000000d775a988) thrown at [/HUDSON3/workspace/8-2-build-linux-amd64/jdk8u101/7261/hotspot/src/share/vm/runtime/sharedRuntime.cpp, line 605]
Event: 0.361 Thread 0x00007f44e400b000 Exception <a 'java/lang/ArrayIndexOutOfBoundsException': 234> (0x00000000d7c21778) thrown at [/HUDSON3/workspace/8-2-build-linux-amd64/jdk8u101/7261/hotspot/src/share/vm/interpreter/interpreterRuntime.cpp, line 366]
Event: 2.825 Thread 0x00007f44e400b000 Implicit null exception at 0x00007f44d54990c0 to 0x00007f44d5499af5

Events (10 events):
Event: 3.665 Thread 0x00007f44e400b000 DEOPT UNPACKING pc=0x00007f44d5047633 sp=0x00007f44eb270350 mode 0
Event: 3.666 Thread 0x00007f44e400b000 DEOPT PACKING pc=0x00007f44d56a3323 sp=0x00007f44eb2708f0
Event: 3.666 Thread 0x00007f44e400b000 DEOPT UNPACKING pc=0x00007f44d5047633 sp=0x00007f44eb270710 mode 0
Event: 3.667 Thread 0x00007f44e400b000 DEOPT PACKING pc=0x00007f44d56a3323 sp=0x00007f44eb2705e0
Event: 3.667 Thread 0x00007f44e400b000 DEOPT UNPACKING pc=0x00007f44d5047633 sp=0x00007f44eb270400 mode 0
Event: 4.102 Executing VM operation: EnableBiasedLocking
Event: 4.102 Executing VM operation: EnableBiasedLocking done
Event: 4.265 Thread 0x00007f44e400b000 DEOPT PACKING pc=0x00007f44d5790a05 sp=0x00007f44eb2710b0
Event: 4.265 Thread 0x00007f44e400b000 DEOPT UNPACKING pc=0x00007f44d5047633 sp=0x00007f44eb270e70 mode 0
Event: 4.459 Executing VM operation: ParallelGCFailedAllocation


Dynamic libraries:
00400000-00401000 r-xp 00000000 08:02 13898951                           /opt/jdk1.8.0_101/bin/java
00600000-00601000 rw-p 00000000 08:02 13898951                           /opt/jdk1.8.0_101/bin/java
00f43000-00f64000 rw-p 00000000 00:00 0                                  [heap]
84600000-89900000 rw-p 00000000 00:00 0 
89900000-d6d00000 ---p 00000000 00:00 0 
d6d00000-e9f00000 rw-p 00000000 00:00 0 
fac00000-100000000 ---p 00000000 00:00 0 
100000000-100240000 rw-p 00000000 00:00 0 
100240000-140000000 ---p 00000000 00:00 0 
7f4498000000-7f4498021000 rw-p 00000000 00:00 0 
7f4498021000-7f449c000000 ---p 00000000 00:00 0 
7f449c000000-7f449c021000 rw-p 00000000 00:00 0 
7f449c021000-7f44a0000000 ---p 00000000 00:00 0 
7f44a0000000-7f44a0fee000 rw-p 00000000 00:00 0 
7f44a0fee000-7f44a4000000 ---p 00000000 00:00 0 
7f44a4000000-7f44a4c8b000 rw-p 00000000 00:00 0 
7f44a4c8b000-7f44a8000000 ---p 00000000 00:00 0 
7f44a8000000-7f44a8021000 rw-p 00000000 00:00 0 
7f44a8021000-7f44ac000000 ---p 00000000 00:00 0 
7f44ac000000-7f44ad327000 rw-p 00000000 00:00 0 
7f44ad327000-7f44b0000000 ---p 00000000 00:00 0 
7f44b0000000-7f44b0021000 rw-p 00000000 00:00 0 
7f44b0021000-7f44b4000000 ---p 00000000 00:00 0 
7f44b4000000-7f44b4021000 rw-p 00000000 00:00 0 
7f44b4021000-7f44b8000000 ---p 00000000 00:00 0 
7f44b8000000-7f44b8021000 rw-p 00000000 00:00 0 
7f44b8021000-7f44bc000000 ---p 00000000 00:00 0 
7f44bc000000-7f44bc296000 rw-p 00000000 00:00 0 
7f44bc296000-7f44c0000000 ---p 00000000 00:00 0 
7f44c0000000-7f44c0021000 rw-p 00000000 00:00 0 
7f44c0021000-7f44c4000000 ---p 00000000 00:00 0 
7f44c5255000-7f44c5315000 rw-p 00000000 00:00 0 
7f44c5315000-7f44c5455000 ---p 00000000 00:00 0 
7f44c5455000-7f44c5655000 rw-p 00000000 00:00 0 
7f44c5655000-7f44c5659000 r--s 00097000 08:02 13898977                   /opt/jdk1.8.0_101/jre/lib/jsse.jar
7f44c5659000-7f44c5859000 rw-p 00000000 00:00 0 
7f44c5859000-7f44c5a59000 rw-p 00000000 00:00 0 
7f44c5a59000-7f44c5a5d000 r--s 00015000 08:02 11143407                   /home/fry/workspace/OWLAPI/libs/xz-1.5.jar
7f44c5a5d000-7f44c5a85000 r--s 00241000 08:02 11143406                   /home/fry/workspace/OWLAPI/libs/trove4j-3.0.3.jar
7f44c5a85000-7f44c5a86000 r--s 00007000 08:02 11143405                   /home/fry/workspace/OWLAPI/libs/slf4j-api-1.7.10.jar
7f44c5a86000-7f44c5a88000 r--s 00012000 08:02 11143404                   /home/fry/workspace/OWLAPI/libs/sesame-util-2.7.12.jar
7f44c5a88000-7f44c5a8a000 r--s 00004000 08:02 11143403                   /home/fry/workspace/OWLAPI/libs/sesame-rio-turtle-2.7.12.jar
7f44c5a8a000-7f44c5a8b000 r--s 00002000 08:02 11143402                   /home/fry/workspace/OWLAPI/libs/sesame-rio-trix-2.7.12.jar
7f44c5a8b000-7f44c5a8c000 r--s 00001000 08:02 11143401                   /home/fry/workspace/OWLAPI/libs/sesame-rio-trig-2.7.12.jar
7f44c5a8c000-7f44c5a8e000 r--s 00008000 08:02 11143400                   /home/fry/workspace/OWLAPI/libs/sesame-rio-rdfxml-2.7.12.jar
7f44c5a8e000-7f44c5a90000 r--s 00002000 08:02 11143399                   /home/fry/workspace/OWLAPI/libs/sesame-rio-rdfjson-2.7.12.jar
7f44c5a90000-7f44c5a91000 r--s 00003000 08:02 11143398                   /home/fry/workspace/OWLAPI/libs/sesame-rio-ntriples-2.7.12.jar
7f44c5a91000-7f44c5a92000 r--s 00001000 08:02 11143397                   /home/fry/workspace/OWLAPI/libs/sesame-rio-nquads-2.7.12.jar
7f44c5a92000-7f44c5a94000 r--s 00000000 08:02 11143396                   /home/fry/workspace/OWLAPI/libs/sesame-rio-n3-2.7.12.jar
7f44c5a94000-7f44c5a95000 r--s 00000000 08:02 11143395                   /home/fry/workspace/OWLAPI/libs/sesame-rio-languages-2.7.12.jar
7f44c5a95000-7f44c5a97000 r--s 00001000 08:02 11143394                   /home/fry/workspace/OWLAPI/libs/sesame-rio-datatypes-2.7.12.jar
7f44c5a97000-7f44c5a98000 r--s 00002000 08:02 11143393                   /home/fry/workspace/OWLAPI/libs/sesame-rio-binary-2.7.12.jar
7f44c5a98000-7f44c5a9b000 r--s 0000b000 08:02 11143392                   /home/fry/workspace/OWLAPI/libs/sesame-rio-api-2.7.12.jar
7f44c5a9b000-7f44c5a9e000 r--s 00026000 08:02 11143391                   /home/fry/workspace/OWLAPI/libs/sesame-model-2.7.12.jar
7f44c5a9e000-7f44c5a9f000 r--s 00002000 08:02 11143390                   /home/fry/workspace/OWLAPI/libs/semargl-sesame-0.6.1.jar
7f44c5a9f000-7f44c5aa0000 r--s 00008000 08:02 11143389                   /home/fry/workspace/OWLAPI/libs/semargl-rdfa-0.6.1.jar
7f44c5aa0000-7f44c5aa2000 r--s 00005000 08:02 11143388                   /home/fry/workspace/OWLAPI/libs/semargl-rdf-0.6.1.jar
7f44c5aa2000-7f44c5aa4000 r--s 00004000 08:02 11143387                   /home/fry/workspace/OWLAPI/libs/semargl-core-0.6.1.jar
7f44c5aa4000-7f44c5adc000 r--s 0028f000 08:02 11143386                   /home/fry/workspace/OWLAPI/libs/owlapi-distribution-4.1.4.jar
7f44c5adc000-7f44c5ade000 r--s 00006000 08:02 11143384                   /home/fry/workspace/OWLAPI/libs/jsr305-2.0.1.jar
7f44c5ade000-7f44c5af0000 r--s 00105000 08:02 11143379                   /home/fry/workspace/OWLAPI/libs/jackson-databind-2.5.1.jar
7f44c5af0000-7f44c5b1b000 r--s 001fc000 08:02 11143370                   /home/fry/workspace/OWLAPI/libs/guava-18.0.jar
7f44c5b1b000-7f44c5b1c000 ---p 00000000 00:00 0 
7f44c5b1c000-7f44c5c1c000 rw-p 00000000 00:00 0 
7f44c5c1c000-7f44c5c1f000 ---p 00000000 00:00 0 
7f44c5c1f000-7f44c5d1d000 rw-p 00000000 00:00 0 
7f44c5d1d000-7f44c5d20000 ---p 00000000 00:00 0 
7f44c5d20000-7f44c5e1e000 rw-p 00000000 00:00 0 
7f44c5e1e000-7f44c5e21000 ---p 00000000 00:00 0 
7f44c5e21000-7f44c5f1f000 rw-p 00000000 00:00 0 
7f44c5f1f000-7f44c5f22000 ---p 00000000 00:00 0 
7f44c5f22000-7f44c6020000 rw-p 00000000 00:00 0 
7f44c6020000-7f44c6023000 ---p 00000000 00:00 0 
7f44c6023000-7f44c6121000 rw-p 00000000 00:00 0 
7f44c6121000-7f44c65ac000 r--p 00000000 08:02 14944583                   /usr/lib/locale/locale-archive
7f44c65ac000-7f44c65af000 ---p 00000000 00:00 0 
7f44c65af000-7f44c66ad000 rw-p 00000000 00:00 0 
7f44c66ad000-7f44c66b0000 ---p 00000000 00:00 0 
7f44c66b0000-7f44c67ae000 rw-p 00000000 00:00 0 
7f44c67ae000-7f44c67af000 ---p 00000000 00:00 0 
7f44c67af000-7f44c8000000 rw-p 00000000 00:00 0 
7f44c8000000-7f44c8021000 rw-p 00000000 00:00 0 
7f44c8021000-7f44cc000000 ---p 00000000 00:00 0 
7f44cc000000-7f44cc002000 r--s 00002000 08:02 11143383                   /home/fry/workspace/OWLAPI/libs/jsonld-java-sesame-0.5.0.jar
7f44cc002000-7f44cc004000 r--s 0001b000 08:02 11143382                   /home/fry/workspace/OWLAPI/libs/jsonld-java-0.5.0.jar
7f44cc004000-7f44cc008000 r--s 00035000 08:02 11143378                   /home/fry/workspace/OWLAPI/libs/jackson-core-2.5.1.jar
7f44cc008000-7f44cc057000 rw-p 00000000 00:00 0 
7f44cc057000-7f44cc230000 r--s 03d29000 08:02 13898996                   /opt/jdk1.8.0_101/jre/lib/rt.jar
7f44cc230000-7f44d0000000 rw-p 00000000 00:00 0 
7f44d0000000-7f44d0021000 rw-p 00000000 00:00 0 
7f44d0021000-7f44d4000000 ---p 00000000 00:00 0 
7f44d4000000-7f44d4002000 r--s 00003000 08:02 11143381                   /home/fry/workspace/OWLAPI/libs/jcl-over-slf4j-1.7.7.jar
7f44d4002000-7f44d400b000 r--s 00061000 08:02 11143374                   /home/fry/workspace/OWLAPI/libs/httpclient-4.2.5.jar
7f44d400b000-7f44d445e000 rw-p 00000000 00:00 0 
7f44d445e000-7f44d445f000 ---p 00000000 00:00 0 
7f44d445f000-7f44d455f000 rw-p 00000000 00:00 0 
7f44d455f000-7f44d4560000 ---p 00000000 00:00 0 
7f44d4560000-7f44d4660000 rw-p 00000000 00:00 0 
7f44d4660000-7f44d4661000 ---p 00000000 00:00 0 
7f44d4661000-7f44d4761000 rw-p 00000000 00:00 0 
7f44d4761000-7f44d4762000 ---p 00000000 00:00 0 
7f44d4762000-7f44d488c000 rw-p 00000000 00:00 0 
7f44d488c000-7f44d4af5000 ---p 00000000 00:00 0 
7f44d4af5000-7f44d4b8f000 rw-p 00000000 00:00 0 
7f44d4b8f000-7f44d4c3f000 ---p 00000000 00:00 0 
7f44d4c3f000-7f44d4c65000 rw-p 00000000 00:00 0 
7f44d4c65000-7f44d5000000 ---p 00000000 00:00 0 
7f44d5000000-7f44d5910000 rwxp 00000000 00:00 0 
7f44d5910000-7f44e4000000 ---p 00000000 00:00 0 
7f44e4000000-7f44e47c7000 rw-p 00000000 00:00 0 
7f44e47c7000-7f44e8000000 ---p 00000000 00:00 0 
7f44e8000000-7f44e8001000 r--s 0002a000 08:02 11143385                   /home/fry/workspace/OWLAPI/libs/org.apache.commons.io-2.4.jar
7f44e8001000-7f44e8002000 r--s 00000000 08:02 11143380                   /home/fry/workspace/OWLAPI/libs/javax.inject-1.jar
7f44e8002000-7f44e8008000 r--s 00032000 08:02 11143376                   /home/fry/workspace/OWLAPI/libs/httpcore-4.2.4.jar
7f44e8008000-7f44e8074000 rw-p 00000000 00:00 0 
7f44e8074000-7f44e82de000 ---p 00000000 00:00 0 
7f44e82de000-7f44e82f8000 r-xp 00000000 08:02 14034456                   /opt/jdk1.8.0_101/jre/lib/amd64/libzip.so
7f44e82f8000-7f44e84f8000 ---p 0001a000 08:02 14034456                   /opt/jdk1.8.0_101/jre/lib/amd64/libzip.so
7f44e84f8000-7f44e84f9000 rw-p 0001a000 08:02 14034456                   /opt/jdk1.8.0_101/jre/lib/amd64/libzip.so
7f44e84f9000-7f44e8504000 r-xp 00000000 08:02 13633636                   /lib/x86_64-linux-gnu/libnss_files-2.23.so
7f44e8504000-7f44e8703000 ---p 0000b000 08:02 13633636                   /lib/x86_64-linux-gnu/libnss_files-2.23.so
7f44e8703000-7f44e8704000 r--p 0000a000 08:02 13633636                   /lib/x86_64-linux-gnu/libnss_files-2.23.so
7f44e8704000-7f44e8705000 rw-p 0000b000 08:02 13633636                   /lib/x86_64-linux-gnu/libnss_files-2.23.so
7f44e8705000-7f44e870b000 rw-p 00000000 00:00 0 
7f44e870b000-7f44e8716000 r-xp 00000000 08:02 13633621                   /lib/x86_64-linux-gnu/libnss_nis-2.23.so
7f44e8716000-7f44e8915000 ---p 0000b000 08:02 13633621                   /lib/x86_64-linux-gnu/libnss_nis-2.23.so
7f44e8915000-7f44e8916000 r--p 0000a000 08:02 13633621                   /lib/x86_64-linux-gnu/libnss_nis-2.23.so
7f44e8916000-7f44e8917000 rw-p 0000b000 08:02 13633621                   /lib/x86_64-linux-gnu/libnss_nis-2.23.so
7f44e8917000-7f44e892d000 r-xp 00000000 08:02 13633632                   /lib/x86_64-linux-gnu/libnsl-2.23.so
7f44e892d000-7f44e8b2c000 ---p 00016000 08:02 13633632                   /lib/x86_64-linux-gnu/libnsl-2.23.so
7f44e8b2c000-7f44e8b2d000 r--p 00015000 08:02 13633632                   /lib/x86_64-linux-gnu/libnsl-2.23.so
7f44e8b2d000-7f44e8b2e000 rw-p 00016000 08:02 13633632                   /lib/x86_64-linux-gnu/libnsl-2.23.so
7f44e8b2e000-7f44e8b30000 rw-p 00000000 00:00 0 
7f44e8b30000-7f44e8b38000 r-xp 00000000 08:02 13633633                   /lib/x86_64-linux-gnu/libnss_compat-2.23.so
7f44e8b38000-7f44e8d37000 ---p 00008000 08:02 13633633                   /lib/x86_64-linux-gnu/libnss_compat-2.23.so
7f44e8d37000-7f44e8d38000 r--p 00007000 08:02 13633633                   /lib/x86_64-linux-gnu/libnss_compat-2.23.so
7f44e8d38000-7f44e8d39000 rw-p 00008000 08:02 13633633                   /lib/x86_64-linux-gnu/libnss_compat-2.23.so
7f44e8d39000-7f44e8d63000 r-xp 00000000 08:02 14034482                   /opt/jdk1.8.0_101/jre/lib/amd64/libjava.so
7f44e8d63000-7f44e8f63000 ---p 0002a000 08:02 14034482                   /opt/jdk1.8.0_101/jre/lib/amd64/libjava.so
7f44e8f63000-7f44e8f65000 rw-p 0002a000 08:02 14034482                   /opt/jdk1.8.0_101/jre/lib/amd64/libjava.so
7f44e8f65000-7f44e8f72000 r-xp 00000000 08:02 14034436                   /opt/jdk1.8.0_101/jre/lib/amd64/libverify.so
7f44e8f72000-7f44e9172000 ---p 0000d000 08:02 14034436                   /opt/jdk1.8.0_101/jre/lib/amd64/libverify.so
7f44e9172000-7f44e9174000 rw-p 0000d000 08:02 14034436                   /opt/jdk1.8.0_101/jre/lib/amd64/libverify.so
7f44e9174000-7f44e917b000 r-xp 00000000 08:02 13633620                   /lib/x86_64-linux-gnu/librt-2.23.so
7f44e917b000-7f44e937a000 ---p 00007000 08:02 13633620                   /lib/x86_64-linux-gnu/librt-2.23.so
7f44e937a000-7f44e937b000 r--p 00006000 08:02 13633620                   /lib/x86_64-linux-gnu/librt-2.23.so
7f44e937b000-7f44e937c000 rw-p 00007000 08:02 13633620                   /lib/x86_64-linux-gnu/librt-2.23.so
7f44e937c000-7f44e9484000 r-xp 00000000 08:02 13633630                   /lib/x86_64-linux-gnu/libm-2.23.so
7f44e9484000-7f44e9683000 ---p 00108000 08:02 13633630                   /lib/x86_64-linux-gnu/libm-2.23.so
7f44e9683000-7f44e9684000 r--p 00107000 08:02 13633630                   /lib/x86_64-linux-gnu/libm-2.23.so
7f44e9684000-7f44e9685000 rw-p 00108000 08:02 13633630                   /lib/x86_64-linux-gnu/libm-2.23.so
7f44e9685000-7f44ea350000 r-xp 00000000 08:02 14034486                   /opt/jdk1.8.0_101/jre/lib/amd64/server/libjvm.so
7f44ea350000-7f44ea54f000 ---p 00ccb000 08:02 14034486                   /opt/jdk1.8.0_101/jre/lib/amd64/server/libjvm.so
7f44ea54f000-7f44ea628000 rw-p 00cca000 08:02 14034486                   /opt/jdk1.8.0_101/jre/lib/amd64/server/libjvm.so
7f44ea628000-7f44ea673000 rw-p 00000000 00:00 0 
7f44ea673000-7f44ea832000 r-xp 00000000 08:02 13633625                   /lib/x86_64-linux-gnu/libc-2.23.so
7f44ea832000-7f44eaa32000 ---p 001bf000 08:02 13633625                   /lib/x86_64-linux-gnu/libc-2.23.so
7f44eaa32000-7f44eaa36000 r--p 001bf000 08:02 13633625                   /lib/x86_64-linux-gnu/libc-2.23.so
7f44eaa36000-7f44eaa38000 rw-p 001c3000 08:02 13633625                   /lib/x86_64-linux-gnu/libc-2.23.so
7f44eaa38000-7f44eaa3c000 rw-p 00000000 00:00 0 
7f44eaa3c000-7f44eaa3f000 r-xp 00000000 08:02 13633624                   /lib/x86_64-linux-gnu/libdl-2.23.so
7f44eaa3f000-7f44eac3e000 ---p 00003000 08:02 13633624                   /lib/x86_64-linux-gnu/libdl-2.23.so
7f44eac3e000-7f44eac3f000 r--p 00002000 08:02 13633624                   /lib/x86_64-linux-gnu/libdl-2.23.so
7f44eac3f000-7f44eac40000 rw-p 00003000 08:02 13633624                   /lib/x86_64-linux-gnu/libdl-2.23.so
7f44eac40000-7f44eac55000 r-xp 00000000 08:02 13767580                   /opt/jdk1.8.0_101/lib/amd64/jli/libjli.so
7f44eac55000-7f44eae55000 ---p 00015000 08:02 13767580                   /opt/jdk1.8.0_101/lib/amd64/jli/libjli.so
7f44eae55000-7f44eae56000 rw-p 00015000 08:02 13767580                   /opt/jdk1.8.0_101/lib/amd64/jli/libjli.so
7f44eae56000-7f44eae6e000 r-xp 00000000 08:02 13633631                   /lib/x86_64-linux-gnu/libpthread-2.23.so
7f44eae6e000-7f44eb06d000 ---p 00018000 08:02 13633631                   /lib/x86_64-linux-gnu/libpthread-2.23.so
7f44eb06d000-7f44eb06e000 r--p 00017000 08:02 13633631                   /lib/x86_64-linux-gnu/libpthread-2.23.so
7f44eb06e000-7f44eb06f000 rw-p 00018000 08:02 13633631                   /lib/x86_64-linux-gnu/libpthread-2.23.so
7f44eb06f000-7f44eb073000 rw-p 00000000 00:00 0 
7f44eb073000-7f44eb099000 r-xp 00000000 08:02 13633614                   /lib/x86_64-linux-gnu/ld-2.23.so
7f44eb099000-7f44eb0a7000 r--s 00096000 08:02 11143371                   /home/fry/workspace/OWLAPI/libs/guice-4.0.jar
7f44eb0a7000-7f44eb172000 rw-p 00000000 00:00 0 
7f44eb172000-7f44eb175000 ---p 00000000 00:00 0 
7f44eb175000-7f44eb277000 rw-p 00000000 00:00 0 
7f44eb277000-7f44eb279000 r--s 00008000 08:02 11143377                   /home/fry/workspace/OWLAPI/libs/jackson-annotations-2.5.1.jar
7f44eb279000-7f44eb27c000 r--s 0001a000 08:02 11143375                   /home/fry/workspace/OWLAPI/libs/httpclient-cache-4.2.5.jar
7f44eb27c000-7f44eb27e000 r--s 00012000 08:02 11143373                   /home/fry/workspace/OWLAPI/libs/guice-multibindings-4.0.jar
7f44eb27e000-7f44eb280000 r--s 00009000 08:02 11143372                   /home/fry/workspace/OWLAPI/libs/guice-assistedinject-4.0.jar
7f44eb280000-7f44eb284000 r--s 0002a000 08:02 11143369                   /home/fry/workspace/OWLAPI/libs/commons-io-2.4.jar
7f44eb284000-7f44eb28a000 r--s 00033000 08:02 11143368                   /home/fry/workspace/OWLAPI/libs/commons-codec-1.6.jar
7f44eb28a000-7f44eb28c000 r--s 00000000 08:02 11143367                   /home/fry/workspace/OWLAPI/libs/aopalliance-1.0.jar
7f44eb28c000-7f44eb294000 rw-s 00000000 08:02 11012527                   /tmp/hsperfdata_fry/23973
7f44eb294000-7f44eb295000 rw-p 00000000 00:00 0 
7f44eb295000-7f44eb296000 ---p 00000000 00:00 0 
7f44eb296000-7f44eb298000 rw-p 00000000 00:00 0 
7f44eb298000-7f44eb299000 r--p 00025000 08:02 13633614                   /lib/x86_64-linux-gnu/ld-2.23.so
7f44eb299000-7f44eb29a000 rw-p 00026000 08:02 13633614                   /lib/x86_64-linux-gnu/ld-2.23.so
7f44eb29a000-7f44eb29b000 rw-p 00000000 00:00 0 
7fff620db000-7fff620fd000 rw-p 00000000 00:00 0                          [stack]
7fff621aa000-7fff621ac000 r--p 00000000 00:00 0                          [vvar]
7fff621ac000-7fff621ae000 r-xp 00000000 00:00 0                          [vdso]
ffffffffff600000-ffffffffff601000 r-xp 00000000 00:00 0                  [vsyscall]

VM Arguments:
jvm_args: -Dmaven.multiModuleProjectDirectory=$M2_HOME -Dfile.encoding=UTF-8 
java_command: workOwl.AddCEPT
java_class_path (initial): /home/fry/workspace/OWLAPI/bin:/home/fry/workspace/OWLAPI/libs/aopalliance-1.0.jar:/home/fry/workspace/OWLAPI/libs/commons-codec-1.6.jar:/home/fry/workspace/OWLAPI/libs/commons-io-2.4.jar:/home/fry/workspace/OWLAPI/libs/guava-18.0.jar:/home/fry/workspace/OWLAPI/libs/guice-4.0.jar:/home/fry/workspace/OWLAPI/libs/guice-assistedinject-4.0.jar:/home/fry/workspace/OWLAPI/libs/guice-multibindings-4.0.jar:/home/fry/workspace/OWLAPI/libs/httpclient-4.2.5.jar:/home/fry/workspace/OWLAPI/libs/httpclient-cache-4.2.5.jar:/home/fry/workspace/OWLAPI/libs/httpcore-4.2.4.jar:/home/fry/workspace/OWLAPI/libs/jackson-annotations-2.5.1.jar:/home/fry/workspace/OWLAPI/libs/jackson-core-2.5.1.jar:/home/fry/workspace/OWLAPI/libs/jackson-databind-2.5.1.jar:/home/fry/workspace/OWLAPI/libs/javax.inject-1.jar:/home/fry/workspace/OWLAPI/libs/jcl-over-slf4j-1.7.7.jar:/home/fry/workspace/OWLAPI/libs/jsonld-java-0.5.0.jar:/home/fry/workspace/OWLAPI/libs/jsonld-java-sesame-0.5.0.jar:/home/fry/workspace/OWLAPI/libs/jsr305-2.0.1.jar:/home/fry/workspace/OWLAPI/libs/org.apache.commons.io-2.4.jar:/home/fry/workspace/OWLAPI/libs/owlapi-distribution-4.1.4.jar:/home/fry/workspace/OWLAPI/libs/semargl-core-0.6.1.jar:/home/fry/workspace/OWLAPI/libs/semargl-rdf-0.6.1.jar:/home/fry/workspace/OWLAPI/libs/semargl-rdfa-0.6.1.jar:/home/fry/workspace/OWLAPI/libs/semargl-sesame-0.6.1.jar:/home/fry/workspace/OWLAPI/libs/sesame-model-2.7.12.jar:/home/fry/workspace/OWLAPI/libs/sesame-rio-api-2.7.12.jar:/home/fry/workspace/OWLAPI/libs/sesame-rio-binary-2.7.12.jar:/home/fry/workspace/OWLAPI/libs/sesame-rio-datatypes-2.7.12.jar:/home/fry/workspace/OWLAPI/libs/sesame-rio-languages-2.7.12.jar:/home/fry/workspace/OWLAPI/libs/sesame-rio-n3-2.7.12.jar:/home/fry/workspace/OWLAPI/libs/sesame-rio-nquads-2.7.12.jar:/home/fry/workspace/OWLAPI/libs/sesame-rio-ntriples-2.7.12.jar:/home/fry/workspace/OWLAPI/libs/sesame-rio-rdfjson-2.7.12.jar:/home/fry/workspace/OWLAPI/libs/sesame-rio-rdfxml-2.7.12.jar:/home/
Launcher Type: SUN_STANDARD

Environment Variables:
JAVA_HOME=/opt/jdk1.8.0_101
JRE_HOME=/opt/jdk1.8.0_101/jre
CLASSPATH=.:/opt/jdk1.8.0_101/lib:/opt/jdk1.8.0_101/jre/lib
PATH=/usr/local/sbin:/usr/local/bin:/usr/sbin:/usr/bin:/sbin:/bin:/usr/games:/usr/local/games:/snap/bin:/opt/jdk1.8.0_101/bin:/opt/jdk1.8.0_101/jre/bin:/home/fry/workspace/apache-maven-3.3.9/bin:/opt/jdk1.8.0_101/bin:/opt/jdk1.8.0_101/jre/bin
LD_LIBRARY_PATH=:/opt/jdk1.8.0_101/jre/lib
SHELL=/bin/bash
DISPLAY=:0

Signal Handlers:
SIGSEGV: [libjvm.so+0xac4790], sa_mask[0]=11111111011111111101111111111110, sa_flags=SA_RESTART|SA_SIGINFO
SIGBUS: [libjvm.so+0xac4790], sa_mask[0]=11111111011111111101111111111110, sa_flags=SA_RESTART|SA_SIGINFO
SIGFPE: [libjvm.so+0x91f140], sa_mask[0]=11111111011111111101111111111110, sa_flags=SA_RESTART|SA_SIGINFO
SIGPIPE: [libjvm.so+0x91f140], sa_mask[0]=11111111011111111101111111111110, sa_flags=SA_RESTART|SA_SIGINFO
SIGXFSZ: [libjvm.so+0x91f140], sa_mask[0]=11111111011111111101111111111110, sa_flags=SA_RESTART|SA_SIGINFO
SIGILL: [libjvm.so+0x91f140], sa_mask[0]=11111111011111111101111111111110, sa_flags=SA_RESTART|SA_SIGINFO
SIGUSR1: SIG_DFL, sa_mask[0]=00000000000000000000000000000000, sa_flags=none
SIGUSR2: [libjvm.so+0x920770], sa_mask[0]=00100000000000000000000000000000, sa_flags=SA_RESTART|SA_SIGINFO
SIGHUP: [libjvm.so+0x921b70], sa_mask[0]=11111111011111111101111111111110, sa_flags=SA_RESTART|SA_SIGINFO
SIGINT: [libjvm.so+0x921b70], sa_mask[0]=11111111011111111101111111111110, sa_flags=SA_RESTART|SA_SIGINFO
SIGTERM: [libjvm.so+0x921b70], sa_mask[0]=11111111011111111101111111111110, sa_flags=SA_RESTART|SA_SIGINFO
SIGQUIT: [libjvm.so+0x921b70], sa_mask[0]=11111111011111111101111111111110, sa_flags=SA_RESTART|SA_SIGINFO


---------------  S Y S T E M  ---------------

OS:DISTRIB_ID=Ubuntu
DISTRIB_RELEASE=16.04
DISTRIB_CODENAME=xenial
DISTRIB_DESCRIPTION="Ubuntu 16.04.1 LTS"

uname:Linux 4.4.0-59-generic #80-Ubuntu SMP Fri Jan 6 17:47:47 UTC 2017 x86_64
libc:glibc 2.23 NPTL 2.23 
rlimit: STACK 8192k, CORE 0k, NPROC 31054, NOFILE 65536, AS infinity
load average:1.08 1.06 1.00

/proc/meminfo:
MemTotal:        8096088 kB
MemFree:          140408 kB
MemAvailable:      49852 kB
Buffers:            1664 kB
Cached:            58920 kB
SwapCached:        12780 kB
Active:          2305088 kB
Inactive:         776320 kB
Active(anon):    2280428 kB
Inactive(anon):   750296 kB
Active(file):      24660 kB
Inactive(file):    26024 kB
Unevictable:          68 kB
Mlocked:              68 kB
SwapTotal:       8308732 kB
SwapFree:         171592 kB
Dirty:              6472 kB
Writeback:          1944 kB
AnonPages:       3009376 kB
Mapped:          4614044 kB
Shmem:              9572 kB
Slab:             123940 kB
SReclaimable:      37996 kB
SUnreclaim:        85944 kB
KernelStack:       16768 kB
PageTables:        73060 kB
NFS_Unstable:          0 kB
Bounce:                0 kB
WritebackTmp:          0 kB
CommitLimit:    12356776 kB
Committed_AS:   24092724 kB
VmallocTotal:   34359738367 kB
VmallocUsed:           0 kB
VmallocChunk:          0 kB
HardwareCorrupted:     0 kB
AnonHugePages:    452608 kB
CmaTotal:              0 kB
CmaFree:               0 kB
HugePages_Total:       0
HugePages_Free:        0
HugePages_Rsvd:        0
HugePages_Surp:        0
Hugepagesize:       2048 kB
DirectMap4k:      516932 kB
DirectMap2M:     5695488 kB
DirectMap1G:     3145728 kB


CPU:total 4 (4 cores per cpu, 1 threads per core) family 6 model 94 stepping 3, cmov, cx8, fxsr, mmx, sse, sse2, sse3, ssse3, sse4.1, sse4.2, popcnt, avx, avx2, aes, clmul, erms, rtm, 3dnowpref, lzcnt, tsc, tscinvbit, bmi1, bmi2, adx

/proc/cpuinfo:
processor	: 0
vendor_id	: GenuineIntel
cpu family	: 6
model		: 94
model name	: Intel(R) Core(TM) i5-6500 CPU @ 3.20GHz
stepping	: 3
microcode	: 0x74
cpu MHz		: 2994.375
cache size	: 6144 KB
physical id	: 0
siblings	: 4
core id		: 0
cpu cores	: 4
apicid		: 0
initial apicid	: 0
fpu		: yes
fpu_exception	: yes
cpuid level	: 22
wp		: yes
flags		: fpu vme de pse tsc msr pae mce cx8 apic sep mtrr pge mca cmov pat pse36 clflush dts acpi mmx fxsr sse sse2 ss ht tm pbe syscall nx pdpe1gb rdtscp lm constant_tsc art arch_perfmon pebs bts rep_good nopl xtopology nonstop_tsc aperfmperf eagerfpu pni pclmulqdq dtes64 monitor ds_cpl vmx smx est tm2 ssse3 sdbg fma cx16 xtpr pdcm pcid sse4_1 sse4_2 x2apic movbe popcnt tsc_deadline_timer aes xsave avx f16c rdrand lahf_lm abm 3dnowprefetch epb intel_pt tpr_shadow vnmi flexpriority ept vpid fsgsbase tsc_adjust bmi1 hle avx2 smep bmi2 erms invpcid rtm mpx rdseed adx smap clflushopt xsaveopt xsavec xgetbv1 dtherm ida arat pln pts hwp hwp_notify hwp_act_window hwp_epp
bugs		:
bogomips	: 6383.87
clflush size	: 64
cache_alignment	: 64
address sizes	: 39 bits physical, 48 bits virtual
power management:

processor	: 1
vendor_id	: GenuineIntel
cpu family	: 6
model		: 94
model name	: Intel(R) Core(TM) i5-6500 CPU @ 3.20GHz
stepping	: 3
microcode	: 0x74
cpu MHz		: 2928.750
cache size	: 6144 KB
physical id	: 0
siblings	: 4
core id		: 1
cpu cores	: 4
apicid		: 2
initial apicid	: 2
fpu		: yes
fpu_exception	: yes
cpuid level	: 22
wp		: yes
flags		: fpu vme de pse tsc msr pae mce cx8 apic sep mtrr pge mca cmov pat pse36 clflush dts acpi mmx fxsr sse sse2 ss ht tm pbe syscall nx pdpe1gb rdtscp lm constant_tsc art arch_perfmon pebs bts rep_good nopl xtopology nonstop_tsc aperfmperf eagerfpu pni pclmulqdq dtes64 monitor ds_cpl vmx smx est tm2 ssse3 sdbg fma cx16 xtpr pdcm pcid sse4_1 sse4_2 x2apic movbe popcnt tsc_deadline_timer aes xsave avx f16c rdrand lahf_lm abm 3dnowprefetch epb intel_pt tpr_shadow vnmi flexpriority ept vpid fsgsbase tsc_adjust bmi1 hle avx2 smep bmi2 erms invpcid rtm mpx rdseed adx smap clflushopt xsaveopt xsavec xgetbv1 dtherm ida arat pln pts hwp hwp_notify hwp_act_window hwp_epp
bugs		:
bogomips	: 6383.87
clflush size	: 64
cache_alignment	: 64
address sizes	: 39 bits physical, 48 bits virtual
power management:

processor	: 2
vendor_id	: GenuineIntel
cpu family	: 6
model		: 94
model name	: Intel(R) Core(TM) i5-6500 CPU @ 3.20GHz
stepping	: 3
microcode	: 0x74
cpu MHz		: 2892.500
cache size	: 6144 KB
physical id	: 0
siblings	: 4
core id		: 2
cpu cores	: 4
apicid		: 4
initial apicid	: 4
fpu		: yes
fpu_exception	: yes
cpuid level	: 22
wp		: yes
flags		: fpu vme de pse tsc msr pae mce cx8 apic sep mtrr pge mca cmov pat pse36 clflush dts acpi mmx fxsr sse sse2 ss ht tm pbe syscall nx pdpe1gb rdtscp lm constant_tsc art arch_perfmon pebs bts rep_good nopl xtopology nonstop_tsc aperfmperf eagerfpu pni pclmulqdq dtes64 monitor ds_cpl vmx smx est tm2 ssse3 sdbg fma cx16 xtpr pdcm pcid sse4_1 sse4_2 x2apic movbe popcnt tsc_deadline_timer aes xsave avx f16c rdrand lahf_lm abm 3dnowprefetch epb intel_pt tpr_shadow vnmi flexpriority ept vpid fsgsbase tsc_adjust bmi1 hle avx2 smep bmi2 erms invpcid rtm mpx rdseed adx smap clflushopt xsaveopt xsavec xgetbv1 dtherm ida arat pln pts hwp hwp_notify hwp_act_window hwp_epp
bugs		:
bogomips	: 6383.87
clflush size	: 64
cache_alignment	: 64
address sizes	: 39 bits physical, 48 bits virtual
power management:

processor	: 3
vendor_id	: GenuineIntel
cpu family	: 6
model		: 94
model name	: Intel(R) Core(TM) i5-6500 CPU @ 3.20GHz
stepping	: 3
microcode	: 0x74
cpu MHz		: 2975.875
cache size	: 6144 KB
physical id	: 0
siblings	: 4
core id		: 3
cpu cores	: 4
apicid		: 6
initial apicid	: 6
fpu		: yes
fpu_exception	: yes
cpuid level	: 22
wp		: yes
flags		: fpu vme de pse tsc msr pae mce cx8 apic sep mtrr pge mca cmov pat pse36 clflush dts acpi mmx fxsr sse sse2 ss ht tm pbe syscall nx pdpe1gb rdtscp lm constant_tsc art arch_perfmon pebs bts rep_good nopl xtopology nonstop_tsc aperfmperf eagerfpu pni pclmulqdq dtes64 monitor ds_cpl vmx smx est tm2 ssse3 sdbg fma cx16 xtpr pdcm pcid sse4_1 sse4_2 x2apic movbe popcnt tsc_deadline_timer aes xsave avx f16c rdrand lahf_lm abm 3dnowprefetch epb intel_pt tpr_shadow vnmi flexpriority ept vpid fsgsbase tsc_adjust bmi1 hle avx2 smep bmi2 erms invpcid rtm mpx rdseed adx smap clflushopt xsaveopt xsavec xgetbv1 dtherm ida arat pln pts hwp hwp_notify hwp_act_window hwp_epp
bugs		:
bogomips	: 6383.87
clflush size	: 64
cache_alignment	: 64
address sizes	: 39 bits physical, 48 bits virtual
power management:



Memory: 4k page, physical 8096088k(140556k free), swap 8308732k(171460k free)

vm_info: Java HotSpot(TM) 64-Bit Server VM (25.101-b13) for linux-amd64 JRE (1.8.0_101-b13), built on Jun 22 2016 02:59:44 by "java_re" with gcc 4.3.0 20080428 (Red Hat 4.3.0-8)

time: Thu Feb 16 18:21:44 2017
elapsed time: 4 seconds (0d 0h 0m 4s)

