#
# There is insufficient memory for the Java Runtime Environment to continue.
# Native memory allocation (mmap) failed to map 182452224 bytes for committing reserved memory.
# Possible reasons:
#   The system is out of physical RAM or swap space
#   In 32 bit mode, the process size limit was hit
# Possible solutions:
#   Reduce memory load on the system
#   Increase physical memory or swap space
#   Check if swap backing store is full
#   Use 64 bit Java on a 64 bit OS
#   Decrease Java heap size (-Xmx/-Xms)
#   Decrease number of Java threads
#   Decrease Java thread stack sizes (-Xss)
#   Set larger code cache with -XX:ReservedCodeCacheSize=
# This output file may be truncated or incomplete.
#
#  Out of Memory Error (os_linux.cpp:2627), pid=24588, tid=0x00007f5bc5c00700
#
# JRE version: Java(TM) SE Runtime Environment (8.0_101-b13) (build 1.8.0_101-b13)
# Java VM: Java HotSpot(TM) 64-Bit Server VM (25.101-b13 mixed mode linux-amd64 compressed oops)
# Failed to write core dump. Core dumps have been disabled. To enable core dumping, try "ulimit -c unlimited" before starting Java again
#

---------------  T H R E A D  ---------------

Current thread (0x00007f5bd8078800):  VMThread [stack: 0x00007f5bc5b00000,0x00007f5bc5c01000] [id=24598]

Stack: [0x00007f5bc5b00000,0x00007f5bc5c01000],  sp=0x00007f5bc5bff320,  free space=1020k
Native frames: (J=compiled Java code, j=interpreted, Vv=VM code, C=native code)
V  [libjvm.so+0xac3f0a]  VMError::report_and_die()+0x2ba
V  [libjvm.so+0x4fbf9b]  report_vm_out_of_memory(char const*, int, unsigned long, VMErrorType, char const*)+0x8b
V  [libjvm.so+0x9222d3]  os::Linux::commit_memory_impl(char*, unsigned long, bool)+0x103
V  [libjvm.so+0x922829]  os::pd_commit_memory(char*, unsigned long, unsigned long, bool)+0x29
V  [libjvm.so+0x91cb2a]  os::commit_memory(char*, unsigned long, unsigned long, bool)+0x2a
V  [libjvm.so+0x991053]  PSVirtualSpace::expand_by(unsigned long)+0x53
V  [libjvm.so+0x992458]  PSYoungGen::resize_generation(unsigned long, unsigned long)+0xf8
V  [libjvm.so+0x9915b2]  PSYoungGen::resize(unsigned long, unsigned long)+0x22
V  [libjvm.so+0x98e88b]  PSScavenge::invoke_no_policy()+0xf3b
V  [libjvm.so+0x98f011]  PSScavenge::invoke()+0x41
V  [libjvm.so+0x945fc0]  ParallelScavengeHeap::failed_mem_allocate(unsigned long)+0x70
V  [libjvm.so+0xac5927]  VM_ParallelGCFailedAllocation::doit()+0x97
V  [libjvm.so+0xacd405]  VM_Operation::evaluate()+0x55
V  [libjvm.so+0xacb7da]  VMThread::evaluate_operation(VM_Operation*)+0xba
V  [libjvm.so+0xacbb5e]  VMThread::loop()+0x1ce
V  [libjvm.so+0xacbfd0]  VMThread::run()+0x70
V  [libjvm.so+0x924698]  java_start(Thread*)+0x108

VM_Operation (0x00007f5bde7f73c0): ParallelGCFailedAllocation, mode: safepoint, requested by thread 0x00007f5bd800b000


---------------  P R O C E S S  ---------------

Java Threads: ( => current thread )
  0x00007f5bd80d4000 JavaThread "Service Thread" daemon [_thread_blocked, id=24605, stack(0x00007f5bc4f6e000,0x00007f5bc506f000)]
  0x00007f5bd80bf000 JavaThread "C1 CompilerThread2" daemon [_thread_blocked, id=24604, stack(0x00007f5bc506f000,0x00007f5bc5170000)]
  0x00007f5bd80bd000 JavaThread "C2 CompilerThread1" daemon [_thread_in_native, id=24603, stack(0x00007f5bc5170000,0x00007f5bc5271000)]
  0x00007f5bd80ba000 JavaThread "C2 CompilerThread0" daemon [_thread_blocked, id=24602, stack(0x00007f5bc5271000,0x00007f5bc5372000)]
  0x00007f5bd80b8800 JavaThread "Signal Dispatcher" daemon [_thread_blocked, id=24601, stack(0x00007f5bc5372000,0x00007f5bc5473000)]
  0x00007f5bd8085000 JavaThread "Finalizer" daemon [_thread_blocked, id=24600, stack(0x00007f5bc58fe000,0x00007f5bc59ff000)]
  0x00007f5bd8080800 JavaThread "Reference Handler" daemon [_thread_blocked, id=24599, stack(0x00007f5bc59ff000,0x00007f5bc5b00000)]
  0x00007f5bd800b000 JavaThread "main" [_thread_blocked, id=24593, stack(0x00007f5bde6f9000,0x00007f5bde7fa000)]

Other Threads:
=>0x00007f5bd8078800 VMThread [stack: 0x00007f5bc5b00000,0x00007f5bc5c01000] [id=24598]
  0x00007f5bd80df000 WatcherThread [stack: 0x00007f5bc4e6d000,0x00007f5bc4f6e000] [id=24606]

VM state:at safepoint (normal execution)

VM Mutex/Monitor currently owned by a thread:  ([mutex/lock_event])
[0x00007f5bd8007130] Threads_lock - owner thread: 0x00007f5bd8078800
[0x00007f5bd8007630] Heap_lock - owner thread: 0x00007f5bd800b000

Heap:
 PSYoungGen      total 132096K, used 5088K [0x00000000d6d00000, 0x00000000df300000, 0x0000000100000000)
  eden space 126976K, 0% used [0x00000000d6d00000,0x00000000d6d00000,0x00000000de900000)
  from space 5120K, 99% used [0x00000000de900000,0x00000000dedf8020,0x00000000dee00000)
  to   space 5120K, 0% used [0x00000000dee00000,0x00000000dee00000,0x00000000df300000)
 ParOldGen       total 84992K, used 49956K [0x0000000084600000, 0x0000000089900000, 0x00000000d6d00000)
  object space 84992K, 58% used [0x0000000084600000,0x00000000876c9028,0x0000000089900000)
 Metaspace       used 17063K, capacity 17154K, committed 17408K, reserved 1064960K
  class space    used 2222K, capacity 2259K, committed 2304K, reserved 1048576K

Card table byte_map: [0x00007f5bc8010000,0x00007f5bc83ee000] byte_map_base: 0x00007f5bc7bed000

Marking Bits: (ParMarkBitMap*) 0x00007f5bddbcd120
 Begin Bits: [0x00007f5bb4230000, 0x00007f5bb6118000)
 End Bits:   [0x00007f5bb6118000, 0x00007f5bb8000000)

Polling page: 0x00007f5bde81c000

CodeCache: size=245760Kb used=7720Kb max_used=7720Kb free=238039Kb
 bounds [0x00007f5bc87ae000, 0x00007f5bc8f3e000, 0x00007f5bd77ae000]
 total_blobs=2643 nmethods=2286 adapters=270
 compilation: enabled

Compilation events (10 events):
Event: 3.423 Thread 0x00007f5bd80bf000 2359       2       java.util.regex.Pattern$Curly::match (86 bytes)
Event: 3.423 Thread 0x00007f5bd80bf000 nmethod 2359 0x00007f5bc8f39950 code [0x00007f5bc8f39ae0, 0x00007f5bc8f39db8]
Event: 3.424 Thread 0x00007f5bd80bf000 2360       2       org.openrdf.model.datatypes.XMLDatatypeUtil::isPrimitiveDatatype (234 bytes)
Event: 3.426 Thread 0x00007f5bd80bf000 nmethod 2360 0x00007f5bc8f39f50 code [0x00007f5bc8f3a2e0, 0x00007f5bc8f3b848]
Event: 3.426 Thread 0x00007f5bd80bf000 2361       2       java.util.regex.Pattern$Prolog::match (11 bytes)
Event: 3.426 Thread 0x00007f5bd80bf000 nmethod 2361 0x00007f5bc8f3c650 code [0x00007f5bc8f3c7c0, 0x00007f5bc8f3c948]
Event: 3.426 Thread 0x00007f5bd80bf000 2362       2       java.util.regex.Pattern$Loop::matchInit (123 bytes)
Event: 3.428 Thread 0x00007f5bd80bf000 nmethod 2362 0x00007f5bc8f3ca10 code [0x00007f5bc8f3cbc0, 0x00007f5bc8f3cef8]
Event: 3.428 Thread 0x00007f5bd80bf000 2363       2       org.semanticweb.owlapi.rdf.rdfxml.parser.TripleHandlers$AbstractTripleHandler::isClassExpressionLax (38 bytes)
Event: 3.428 Thread 0x00007f5bd80bf000 nmethod 2363 0x00007f5bc8f3d190 code [0x00007f5bc8f3d300, 0x00007f5bc8f3d518]

GC Heap History (9 events):
Event: 0.753 GC heap before
{Heap before GC invocations=1 (full 0):
 PSYoungGen      total 36864K, used 31744K [0x00000000d6d00000, 0x00000000d9600000, 0x0000000100000000)
  eden space 31744K, 100% used [0x00000000d6d00000,0x00000000d8c00000,0x00000000d8c00000)
  from space 5120K, 0% used [0x00000000d9100000,0x00000000d9100000,0x00000000d9600000)
  to   space 5120K, 0% used [0x00000000d8c00000,0x00000000d8c00000,0x00000000d9100000)
 ParOldGen       total 84992K, used 0K [0x0000000084600000, 0x0000000089900000, 0x00000000d6d00000)
  object space 84992K, 0% used [0x0000000084600000,0x0000000084600000,0x0000000089900000)
 Metaspace       used 8251K, capacity 8620K, committed 8960K, reserved 1056768K
  class space    used 1144K, capacity 1170K, committed 1280K, reserved 1048576K
Event: 0.764 GC heap after
Heap after GC invocations=1 (full 0):
 PSYoungGen      total 36864K, used 5102K [0x00000000d6d00000, 0x00000000db500000, 0x0000000100000000)
  eden space 31744K, 0% used [0x00000000d6d00000,0x00000000d6d00000,0x00000000d8c00000)
  from space 5120K, 99% used [0x00000000d8c00000,0x00000000d90fba28,0x00000000d9100000)
  to   space 5120K, 0% used [0x00000000db000000,0x00000000db000000,0x00000000db500000)
 ParOldGen       total 84992K, used 943K [0x0000000084600000, 0x0000000089900000, 0x00000000d6d00000)
  object space 84992K, 1% used [0x0000000084600000,0x00000000846ebf50,0x0000000089900000)
 Metaspace       used 8251K, capacity 8620K, committed 8960K, reserved 1056768K
  class space    used 1144K, capacity 1170K, committed 1280K, reserved 1048576K
}
Event: 1.228 GC heap before
{Heap before GC invocations=2 (full 0):
 PSYoungGen      total 36864K, used 36846K [0x00000000d6d00000, 0x00000000db500000, 0x0000000100000000)
  eden space 31744K, 100% used [0x00000000d6d00000,0x00000000d8c00000,0x00000000d8c00000)
  from space 5120K, 99% used [0x00000000d8c00000,0x00000000d90fba28,0x00000000d9100000)
  to   space 5120K, 0% used [0x00000000db000000,0x00000000db000000,0x00000000db500000)
 ParOldGen       total 84992K, used 943K [0x0000000084600000, 0x0000000089900000, 0x00000000d6d00000)
  object space 84992K, 1% used [0x0000000084600000,0x00000000846ebf50,0x0000000089900000)
 Metaspace       used 12152K, capacity 12194K, committed 12416K, reserved 1060864K
  class space    used 1642K, capacity 1651K, committed 1664K, reserved 1048576K
Event: 1.239 GC heap after
Heap after GC invocations=2 (full 0):
 PSYoungGen      total 68608K, used 5109K [0x00000000d6d00000, 0x00000000db500000, 0x0000000100000000)
  eden space 63488K, 0% used [0x00000000d6d00000,0x00000000d6d00000,0x00000000dab00000)
  from space 5120K, 99% used [0x00000000db000000,0x00000000db4fd650,0x00000000db500000)
  to   space 5120K, 0% used [0x00000000dab00000,0x00000000dab00000,0x00000000db000000)
 ParOldGen       total 84992K, used 3002K [0x0000000084600000, 0x0000000089900000, 0x00000000d6d00000)
  object space 84992K, 3% used [0x0000000084600000,0x00000000848ee888,0x0000000089900000)
 Metaspace       used 12152K, capacity 12194K, committed 12416K, reserved 1060864K
  class space    used 1642K, capacity 1651K, committed 1664K, reserved 1048576K
}
Event: 1.710 GC heap before
{Heap before GC invocations=3 (full 0):
 PSYoungGen      total 68608K, used 68597K [0x00000000d6d00000, 0x00000000db500000, 0x0000000100000000)
  eden space 63488K, 100% used [0x00000000d6d00000,0x00000000dab00000,0x00000000dab00000)
  from space 5120K, 99% used [0x00000000db000000,0x00000000db4fd650,0x00000000db500000)
  to   space 5120K, 0% used [0x00000000dab00000,0x00000000dab00000,0x00000000db000000)
 ParOldGen       total 84992K, used 3002K [0x0000000084600000, 0x0000000089900000, 0x00000000d6d00000)
  object space 84992K, 3% used [0x0000000084600000,0x00000000848ee888,0x0000000089900000)
 Metaspace       used 12298K, capacity 12418K, committed 12544K, reserved 1060864K
  class space    used 1645K, capacity 1683K, committed 1792K, reserved 1048576K
Event: 1.750 GC heap after
Heap after GC invocations=3 (full 0):
 PSYoungGen      total 68608K, used 5111K [0x00000000d6d00000, 0x00000000df300000, 0x0000000100000000)
  eden space 63488K, 0% used [0x00000000d6d00000,0x00000000d6d00000,0x00000000dab00000)
  from space 5120K, 99% used [0x00000000dab00000,0x00000000daffdf40,0x00000000db000000)
  to   space 5120K, 0% used [0x00000000dee00000,0x00000000dee00000,0x00000000df300000)
 ParOldGen       total 84992K, used 14278K [0x0000000084600000, 0x0000000089900000, 0x00000000d6d00000)
  object space 84992K, 16% used [0x0000000084600000,0x00000000853f1a58,0x0000000089900000)
 Metaspace       used 12298K, capacity 12418K, committed 12544K, reserved 1060864K
  class space    used 1645K, capacity 1683K, committed 1792K, reserved 1048576K
}
Event: 2.138 GC heap before
{Heap before GC invocations=4 (full 0):
 PSYoungGen      total 68608K, used 68599K [0x00000000d6d00000, 0x00000000df300000, 0x0000000100000000)
  eden space 63488K, 100% used [0x00000000d6d00000,0x00000000dab00000,0x00000000dab00000)
  from space 5120K, 99% used [0x00000000dab00000,0x00000000daffdf40,0x00000000db000000)
  to   space 5120K, 0% used [0x00000000dee00000,0x00000000dee00000,0x00000000df300000)
 ParOldGen       total 84992K, used 14278K [0x0000000084600000, 0x0000000089900000, 0x00000000d6d00000)
  object space 84992K, 16% used [0x0000000084600000,0x00000000853f1a58,0x0000000089900000)
 Metaspace       used 12302K, capacity 12418K, committed 12544K, reserved 1060864K
  class space    used 1645K, capacity 1683K, committed 1792K, reserved 1048576K
Event: 2.185 GC heap after
Heap after GC invocations=4 (full 0):
 PSYoungGen      total 132096K, used 5109K [0x00000000d6d00000, 0x00000000df300000, 0x0000000100000000)
  eden space 126976K, 0% used [0x00000000d6d00000,0x00000000d6d00000,0x00000000de900000)
  from space 5120K, 99% used [0x00000000dee00000,0x00000000df2fd4d0,0x00000000df300000)
  to   space 5120K, 0% used [0x00000000de900000,0x00000000de900000,0x00000000dee00000)
 ParOldGen       total 84992K, used 26820K [0x0000000084600000, 0x0000000089900000, 0x00000000d6d00000)
  object space 84992K, 31% used [0x0000000084600000,0x0000000086031328,0x0000000089900000)
 Metaspace       used 12302K, capacity 12418K, committed 12544K, reserved 1060864K
  class space    used 1645K, capacity 1683K, committed 1792K, reserved 1048576K
}
Event: 3.433 GC heap before
{Heap before GC invocations=5 (full 0):
 PSYoungGen      total 132096K, used 132085K [0x00000000d6d00000, 0x00000000df300000, 0x0000000100000000)
  eden space 126976K, 100% used [0x00000000d6d00000,0x00000000de900000,0x00000000de900000)
  from space 5120K, 99% used [0x00000000dee00000,0x00000000df2fd4d0,0x00000000df300000)
  to   space 5120K, 0% used [0x00000000de900000,0x00000000de900000,0x00000000dee00000)
 ParOldGen       total 84992K, used 26820K [0x0000000084600000, 0x0000000089900000, 0x00000000d6d00000)
  object space 84992K, 31% used [0x0000000084600000,0x0000000086031328,0x0000000089900000)
 Metaspace       used 17063K, capacity 17154K, committed 17408K, reserved 1064960K
  class space    used 2222K, capacity 2259K, committed 2304K, reserved 1048576K

Deoptimization events (10 events):
Event: 3.280 Thread 0x00007f5bd800b000 Uncommon trap: reason=class_check action=maybe_recompile pc=0x00007f5bc8d7601c method=org.semanticweb.owlapi.rdf.rdfxml.parser.OWLRDFConsumer.remapOnlyIfRemapped(Ljava/lang/String;)Ljava/lang/String; @ 5
Event: 3.280 Thread 0x00007f5bd800b000 Uncommon trap: reason=class_check action=maybe_recompile pc=0x00007f5bc8d7601c method=org.semanticweb.owlapi.rdf.rdfxml.parser.OWLRDFConsumer.remapOnlyIfRemapped(Ljava/lang/String;)Ljava/lang/String; @ 5
Event: 3.282 Thread 0x00007f5bd800b000 Uncommon trap: reason=unstable_if action=reinterpret pc=0x00007f5bc8db5630 method=com.sun.org.apache.xerces.internal.util.XMLStringBuffer.append([CII)V @ 11
Event: 3.328 Thread 0x00007f5bd800b000 Uncommon trap: reason=class_check action=maybe_recompile pc=0x00007f5bc8dbe7ec method=com.sun.org.apache.xerces.internal.parsers.AbstractSAXParser.characters(Lcom/sun/org/apache/xerces/internal/xni/XMLString;Lcom/sun/org/apache/xerces/internal/xni/Augment
Event: 3.352 Thread 0x00007f5bd800b000 Uncommon trap: reason=class_check action=maybe_recompile pc=0x00007f5bc8d7601c method=org.semanticweb.owlapi.rdf.rdfxml.parser.OWLRDFConsumer.remapOnlyIfRemapped(Ljava/lang/String;)Ljava/lang/String; @ 5
Event: 3.378 Thread 0x00007f5bd800b000 Uncommon trap: reason=class_check action=maybe_recompile pc=0x00007f5bc8f17468 method=org.semanticweb.owlapi.rdf.rdfxml.parser.OWLRDFConsumer.isAnonymousNode(Lorg/semanticweb/owlapi/model/IRI;)Z @ 5
Event: 3.379 Thread 0x00007f5bd800b000 Uncommon trap: reason=class_check action=maybe_recompile pc=0x00007f5bc8f17468 method=org.semanticweb.owlapi.rdf.rdfxml.parser.OWLRDFConsumer.isAnonymousNode(Lorg/semanticweb/owlapi/model/IRI;)Z @ 5
Event: 3.379 Thread 0x00007f5bd800b000 Uncommon trap: reason=class_check action=maybe_recompile pc=0x00007f5bc8f17468 method=org.semanticweb.owlapi.rdf.rdfxml.parser.OWLRDFConsumer.isAnonymousNode(Lorg/semanticweb/owlapi/model/IRI;)Z @ 5
Event: 3.379 Thread 0x00007f5bd800b000 Uncommon trap: reason=class_check action=maybe_recompile pc=0x00007f5bc8f17468 method=org.semanticweb.owlapi.rdf.rdfxml.parser.OWLRDFConsumer.isAnonymousNode(Lorg/semanticweb/owlapi/model/IRI;)Z @ 5
Event: 3.381 Thread 0x00007f5bd800b000 Uncommon trap: reason=class_check action=maybe_recompile pc=0x00007f5bc8e24cf0 method=org.semanticweb.owlapi.rdf.rdfxml.parser.OWLRDFConsumer.isAnonymousNode(Lorg/semanticweb/owlapi/model/IRI;)Z @ 5

Internal exceptions (10 events):
Event: 0.258 Thread 0x00007f5bd800b000 Exception <a 'java/security/PrivilegedActionException'> (0x00000000d70878e0) thrown at [/HUDSON3/workspace/8-2-build-linux-amd64/jdk8u101/7261/hotspot/src/share/vm/prims/jvm.cpp, line 1386]
Event: 0.258 Thread 0x00007f5bd800b000 Exception <a 'java/security/PrivilegedActionException'> (0x00000000d7087af0) thrown at [/HUDSON3/workspace/8-2-build-linux-amd64/jdk8u101/7261/hotspot/src/share/vm/prims/jvm.cpp, line 1386]
Event: 0.259 Thread 0x00007f5bd800b000 Exception <a 'java/lang/NoClassDefFoundError': org/slf4j/impl/StaticLoggerBinder> (0x00000000d7091db8) thrown at [/HUDSON3/workspace/8-2-build-linux-amd64/jdk8u101/7261/hotspot/src/share/vm/classfile/systemDictionary.cpp, line 199]
Event: 0.450 Thread 0x00007f5bd800b000 Exception <a 'java/lang/ArrayIndexOutOfBoundsException'> (0x00000000d7759660) thrown at [/HUDSON3/workspace/8-2-build-linux-amd64/jdk8u101/7261/hotspot/src/share/vm/runtime/sharedRuntime.cpp, line 605]
Event: 0.450 Thread 0x00007f5bd800b000 Exception <a 'java/lang/ArrayIndexOutOfBoundsException'> (0x00000000d775a988) thrown at [/HUDSON3/workspace/8-2-build-linux-amd64/jdk8u101/7261/hotspot/src/share/vm/runtime/sharedRuntime.cpp, line 605]
Event: 0.509 Thread 0x00007f5bd800b000 Exception <a 'java/lang/ArrayIndexOutOfBoundsException': 234> (0x00000000d7c217a8) thrown at [/HUDSON3/workspace/8-2-build-linux-amd64/jdk8u101/7261/hotspot/src/share/vm/interpreter/interpreterRuntime.cpp, line 366]
Event: 1.769 Thread 0x00007f5bd800b000 Implicit null exception at 0x00007f5bc8db8eef to 0x00007f5bc8db96e9
Event: 1.821 Thread 0x00007f5bd800b000 Implicit null exception at 0x00007f5bc8dbc3a1 to 0x00007f5bc8dbcadd
Event: 1.877 Thread 0x00007f5bd800b000 Implicit null exception at 0x00007f5bc8dbf833 to 0x00007f5bc8dbfedd
Event: 3.277 Thread 0x00007f5bd800b000 Implicit null exception at 0x00007f5bc8cfb803 to 0x00007f5bc8cfe4ed

Events (10 events):
Event: 3.379 Thread 0x00007f5bd800b000 DEOPT UNPACKING pc=0x00007f5bc87b3229 sp=0x00007f5bde7f75c8 mode 2
Event: 3.379 Thread 0x00007f5bd800b000 Uncommon trap: trap_request=0xffffffde fr.pc=0x00007f5bc8f17468
Event: 3.380 Thread 0x00007f5bd800b000 DEOPT PACKING pc=0x00007f5bc8f17468 sp=0x00007f5bde7f76b0
Event: 3.380 Thread 0x00007f5bd800b000 DEOPT UNPACKING pc=0x00007f5bc87b3229 sp=0x00007f5bde7f75c8 mode 2
Event: 3.381 Thread 0x00007f5bd800b000 Uncommon trap: trap_request=0xffffffde fr.pc=0x00007f5bc8e24cf0
Event: 3.381 Thread 0x00007f5bd800b000 DEOPT PACKING pc=0x00007f5bc8e24cf0 sp=0x00007f5bde7f7610
Event: 3.381 Thread 0x00007f5bd800b000 DEOPT UNPACKING pc=0x00007f5bc87b3229 sp=0x00007f5bde7f74e0 mode 2
Event: 3.397 Thread 0x00007f5bd800b000 DEOPT PACKING pc=0x00007f5bc8ea0f17 sp=0x00007f5bde7f7db0
Event: 3.397 Thread 0x00007f5bd800b000 DEOPT UNPACKING pc=0x00007f5bc87f5633 sp=0x00007f5bde7f7b10 mode 0
Event: 3.431 Executing VM operation: ParallelGCFailedAllocation


Dynamic libraries:
00400000-00401000 r-xp 00000000 08:02 13898951                           /opt/jdk1.8.0_101/bin/java
00600000-00601000 rw-p 00000000 08:02 13898951                           /opt/jdk1.8.0_101/bin/java
00cfe000-00d1f000 rw-p 00000000 00:00 0                                  [heap]
84600000-89900000 rw-p 00000000 00:00 0 
89900000-d6d00000 ---p 00000000 00:00 0 
d6d00000-df300000 rw-p 00000000 00:00 0 
ea100000-100000000 ---p 00000000 00:00 0 
100000000-100240000 rw-p 00000000 00:00 0 
100240000-140000000 ---p 00000000 00:00 0 
7f5b8c000000-7f5b8c021000 rw-p 00000000 00:00 0 
7f5b8c021000-7f5b90000000 ---p 00000000 00:00 0 
7f5b90000000-7f5b90021000 rw-p 00000000 00:00 0 
7f5b90021000-7f5b94000000 ---p 00000000 00:00 0 
7f5b94000000-7f5b94d88000 rw-p 00000000 00:00 0 
7f5b94d88000-7f5b98000000 ---p 00000000 00:00 0 
7f5b98000000-7f5b98a56000 rw-p 00000000 00:00 0 
7f5b98a56000-7f5b9c000000 ---p 00000000 00:00 0 
7f5b9c000000-7f5b9c021000 rw-p 00000000 00:00 0 
7f5b9c021000-7f5ba0000000 ---p 00000000 00:00 0 
7f5ba0000000-7f5ba1576000 rw-p 00000000 00:00 0 
7f5ba1576000-7f5ba4000000 ---p 00000000 00:00 0 
7f5ba4000000-7f5ba4021000 rw-p 00000000 00:00 0 
7f5ba4021000-7f5ba8000000 ---p 00000000 00:00 0 
7f5ba8000000-7f5ba8021000 rw-p 00000000 00:00 0 
7f5ba8021000-7f5bac000000 ---p 00000000 00:00 0 
7f5bac000000-7f5bac28e000 rw-p 00000000 00:00 0 
7f5bac28e000-7f5bb0000000 ---p 00000000 00:00 0 
7f5bb0000000-7f5bb0021000 rw-p 00000000 00:00 0 
7f5bb0021000-7f5bb4000000 ---p 00000000 00:00 0 
7f5bb4230000-7f5bb8000000 rw-p 00000000 00:00 0 
7f5bb8000000-7f5bb8021000 rw-p 00000000 00:00 0 
7f5bb8021000-7f5bbc000000 ---p 00000000 00:00 0 
7f5bbc000000-7f5bbc021000 rw-p 00000000 00:00 0 
7f5bbc021000-7f5bc0000000 ---p 00000000 00:00 0 
7f5bc0000000-7f5bc0021000 rw-p 00000000 00:00 0 
7f5bc0021000-7f5bc4000000 ---p 00000000 00:00 0 
7f5bc43eb000-7f5bc466c000 rw-p 00000000 00:00 0 
7f5bc466c000-7f5bc47ac000 ---p 00000000 00:00 0 
7f5bc47ac000-7f5bc49ac000 rw-p 00000000 00:00 0 
7f5bc49ac000-7f5bc49b0000 r--s 00097000 08:02 13898977                   /opt/jdk1.8.0_101/jre/lib/jsse.jar
7f5bc49b0000-7f5bc4bb0000 rw-p 00000000 00:00 0 
7f5bc4bb0000-7f5bc4db0000 rw-p 00000000 00:00 0 
7f5bc4db0000-7f5bc4db4000 r--s 00015000 08:02 11143407                   /home/fry/workspace/OWLAPI/libs/xz-1.5.jar
7f5bc4db4000-7f5bc4ddc000 r--s 00241000 08:02 11143406                   /home/fry/workspace/OWLAPI/libs/trove4j-3.0.3.jar
7f5bc4ddc000-7f5bc4ddd000 r--s 00007000 08:02 11143405                   /home/fry/workspace/OWLAPI/libs/slf4j-api-1.7.10.jar
7f5bc4ddd000-7f5bc4ddf000 r--s 00012000 08:02 11143404                   /home/fry/workspace/OWLAPI/libs/sesame-util-2.7.12.jar
7f5bc4ddf000-7f5bc4de1000 r--s 00004000 08:02 11143403                   /home/fry/workspace/OWLAPI/libs/sesame-rio-turtle-2.7.12.jar
7f5bc4de1000-7f5bc4de2000 r--s 00002000 08:02 11143402                   /home/fry/workspace/OWLAPI/libs/sesame-rio-trix-2.7.12.jar
7f5bc4de2000-7f5bc4de3000 r--s 00001000 08:02 11143401                   /home/fry/workspace/OWLAPI/libs/sesame-rio-trig-2.7.12.jar
7f5bc4de3000-7f5bc4de5000 r--s 00008000 08:02 11143400                   /home/fry/workspace/OWLAPI/libs/sesame-rio-rdfxml-2.7.12.jar
7f5bc4de5000-7f5bc4de7000 r--s 00002000 08:02 11143399                   /home/fry/workspace/OWLAPI/libs/sesame-rio-rdfjson-2.7.12.jar
7f5bc4de7000-7f5bc4de8000 r--s 00003000 08:02 11143398                   /home/fry/workspace/OWLAPI/libs/sesame-rio-ntriples-2.7.12.jar
7f5bc4de8000-7f5bc4de9000 r--s 00001000 08:02 11143397                   /home/fry/workspace/OWLAPI/libs/sesame-rio-nquads-2.7.12.jar
7f5bc4de9000-7f5bc4deb000 r--s 00000000 08:02 11143396                   /home/fry/workspace/OWLAPI/libs/sesame-rio-n3-2.7.12.jar
7f5bc4deb000-7f5bc4dec000 r--s 00000000 08:02 11143395                   /home/fry/workspace/OWLAPI/libs/sesame-rio-languages-2.7.12.jar
7f5bc4dec000-7f5bc4dee000 r--s 00001000 08:02 11143394                   /home/fry/workspace/OWLAPI/libs/sesame-rio-datatypes-2.7.12.jar
7f5bc4dee000-7f5bc4def000 r--s 00002000 08:02 11143393                   /home/fry/workspace/OWLAPI/libs/sesame-rio-binary-2.7.12.jar
7f5bc4def000-7f5bc4df2000 r--s 0000b000 08:02 11143392                   /home/fry/workspace/OWLAPI/libs/sesame-rio-api-2.7.12.jar
7f5bc4df2000-7f5bc4df5000 r--s 00026000 08:02 11143391                   /home/fry/workspace/OWLAPI/libs/sesame-model-2.7.12.jar
7f5bc4df5000-7f5bc4df6000 r--s 00002000 08:02 11143390                   /home/fry/workspace/OWLAPI/libs/semargl-sesame-0.6.1.jar
7f5bc4df6000-7f5bc4df8000 r--s 00005000 08:02 11143388                   /home/fry/workspace/OWLAPI/libs/semargl-rdf-0.6.1.jar
7f5bc4df8000-7f5bc4e30000 r--s 0028f000 08:02 11143386                   /home/fry/workspace/OWLAPI/libs/owlapi-distribution-4.1.4.jar
7f5bc4e30000-7f5bc4e42000 r--s 00105000 08:02 11143379                   /home/fry/workspace/OWLAPI/libs/jackson-databind-2.5.1.jar
7f5bc4e42000-7f5bc4e6d000 r--s 001fc000 08:02 11143370                   /home/fry/workspace/OWLAPI/libs/guava-18.0.jar
7f5bc4e6d000-7f5bc4e6e000 ---p 00000000 00:00 0 
7f5bc4e6e000-7f5bc4f6e000 rw-p 00000000 00:00 0 
7f5bc4f6e000-7f5bc4f71000 ---p 00000000 00:00 0 
7f5bc4f71000-7f5bc506f000 rw-p 00000000 00:00 0 
7f5bc506f000-7f5bc5072000 ---p 00000000 00:00 0 
7f5bc5072000-7f5bc5170000 rw-p 00000000 00:00 0 
7f5bc5170000-7f5bc5173000 ---p 00000000 00:00 0 
7f5bc5173000-7f5bc5271000 rw-p 00000000 00:00 0 
7f5bc5271000-7f5bc5274000 ---p 00000000 00:00 0 
7f5bc5274000-7f5bc5372000 rw-p 00000000 00:00 0 
7f5bc5372000-7f5bc5375000 ---p 00000000 00:00 0 
7f5bc5375000-7f5bc5473000 rw-p 00000000 00:00 0 
7f5bc5473000-7f5bc58fe000 r--p 00000000 08:02 14944583                   /usr/lib/locale/locale-archive
7f5bc58fe000-7f5bc5901000 ---p 00000000 00:00 0 
7f5bc5901000-7f5bc59ff000 rw-p 00000000 00:00 0 
7f5bc59ff000-7f5bc5a02000 ---p 00000000 00:00 0 
7f5bc5a02000-7f5bc5b00000 rw-p 00000000 00:00 0 
7f5bc5b00000-7f5bc5b01000 ---p 00000000 00:00 0 
7f5bc5b01000-7f5bc6bc2000 rw-p 00000000 00:00 0 
7f5bc6bc2000-7f5bc6d9b000 r--s 03d29000 08:02 13898996                   /opt/jdk1.8.0_101/jre/lib/rt.jar
7f5bc6d9b000-7f5bc7978000 rw-p 00000000 00:00 0 
7f5bc7978000-7f5bc7979000 ---p 00000000 00:00 0 
7f5bc7979000-7f5bc7a79000 rw-p 00000000 00:00 0 
7f5bc7a79000-7f5bc7a7a000 ---p 00000000 00:00 0 
7f5bc7a7a000-7f5bc7b7a000 rw-p 00000000 00:00 0 
7f5bc7b7a000-7f5bc7b7b000 ---p 00000000 00:00 0 
7f5bc7b7b000-7f5bc7c7b000 rw-p 00000000 00:00 0 
7f5bc7c7b000-7f5bc7c7c000 ---p 00000000 00:00 0 
7f5bc7c7c000-7f5bc7da6000 rw-p 00000000 00:00 0 
7f5bc7da6000-7f5bc8010000 ---p 00000000 00:00 0 
7f5bc8010000-7f5bc803a000 rw-p 00000000 00:00 0 
7f5bc803a000-7f5bc82a3000 ---p 00000000 00:00 0 
7f5bc82a3000-7f5bc82e7000 rw-p 00000000 00:00 0 
7f5bc82e7000-7f5bc83ed000 ---p 00000000 00:00 0 
7f5bc83ed000-7f5bc840d000 rw-p 00000000 00:00 0 
7f5bc840d000-7f5bc87ae000 ---p 00000000 00:00 0 
7f5bc87ae000-7f5bc8f3e000 rwxp 00000000 00:00 0 
7f5bc8f3e000-7f5bd77ae000 ---p 00000000 00:00 0 
7f5bd77ae000-7f5bd77c8000 r-xp 00000000 08:02 14034456                   /opt/jdk1.8.0_101/jre/lib/amd64/libzip.so
7f5bd77c8000-7f5bd79c8000 ---p 0001a000 08:02 14034456                   /opt/jdk1.8.0_101/jre/lib/amd64/libzip.so
7f5bd79c8000-7f5bd79c9000 rw-p 0001a000 08:02 14034456                   /opt/jdk1.8.0_101/jre/lib/amd64/libzip.so
7f5bd79c9000-7f5bd79d4000 r-xp 00000000 08:02 13633636                   /lib/x86_64-linux-gnu/libnss_files-2.23.so
7f5bd79d4000-7f5bd7bd3000 ---p 0000b000 08:02 13633636                   /lib/x86_64-linux-gnu/libnss_files-2.23.so
7f5bd7bd3000-7f5bd7bd4000 r--p 0000a000 08:02 13633636                   /lib/x86_64-linux-gnu/libnss_files-2.23.so
7f5bd7bd4000-7f5bd7bd5000 rw-p 0000b000 08:02 13633636                   /lib/x86_64-linux-gnu/libnss_files-2.23.so
7f5bd7bd5000-7f5bd7bdb000 rw-p 00000000 00:00 0 
7f5bd7bdb000-7f5bd7be6000 r-xp 00000000 08:02 13633621                   /lib/x86_64-linux-gnu/libnss_nis-2.23.so
7f5bd7be6000-7f5bd7de5000 ---p 0000b000 08:02 13633621                   /lib/x86_64-linux-gnu/libnss_nis-2.23.so
7f5bd7de5000-7f5bd7de6000 r--p 0000a000 08:02 13633621                   /lib/x86_64-linux-gnu/libnss_nis-2.23.so
7f5bd7de6000-7f5bd7de7000 rw-p 0000b000 08:02 13633621                   /lib/x86_64-linux-gnu/libnss_nis-2.23.so
7f5bd7de7000-7f5bd7dfd000 r-xp 00000000 08:02 13633632                   /lib/x86_64-linux-gnu/libnsl-2.23.so
7f5bd7dfd000-7f5bd7ffc000 ---p 00016000 08:02 13633632                   /lib/x86_64-linux-gnu/libnsl-2.23.so
7f5bd7ffc000-7f5bd7ffd000 r--p 00015000 08:02 13633632                   /lib/x86_64-linux-gnu/libnsl-2.23.so
7f5bd7ffd000-7f5bd7ffe000 rw-p 00016000 08:02 13633632                   /lib/x86_64-linux-gnu/libnsl-2.23.so
7f5bd7ffe000-7f5bd8000000 rw-p 00000000 00:00 0 
7f5bd8000000-7f5bd8888000 rw-p 00000000 00:00 0 
7f5bd8888000-7f5bdc000000 ---p 00000000 00:00 0 
7f5bdc000000-7f5bdc001000 r--s 00008000 08:02 11143389                   /home/fry/workspace/OWLAPI/libs/semargl-rdfa-0.6.1.jar
7f5bdc001000-7f5bdc003000 r--s 00004000 08:02 11143387                   /home/fry/workspace/OWLAPI/libs/semargl-core-0.6.1.jar
7f5bdc003000-7f5bdc004000 r--s 0002a000 08:02 11143385                   /home/fry/workspace/OWLAPI/libs/org.apache.commons.io-2.4.jar
7f5bdc004000-7f5bdc006000 r--s 00006000 08:02 11143384                   /home/fry/workspace/OWLAPI/libs/jsr305-2.0.1.jar
7f5bdc006000-7f5bdc008000 r--s 00002000 08:02 11143383                   /home/fry/workspace/OWLAPI/libs/jsonld-java-sesame-0.5.0.jar
7f5bdc008000-7f5bdc00a000 r--s 0001b000 08:02 11143382                   /home/fry/workspace/OWLAPI/libs/jsonld-java-0.5.0.jar
7f5bdc00a000-7f5bdc00c000 r--s 00003000 08:02 11143381                   /home/fry/workspace/OWLAPI/libs/jcl-over-slf4j-1.7.7.jar
7f5bdc00c000-7f5bdc00d000 r--s 00000000 08:02 11143380                   /home/fry/workspace/OWLAPI/libs/javax.inject-1.jar
7f5bdc00d000-7f5bdc011000 r--s 00035000 08:02 11143378                   /home/fry/workspace/OWLAPI/libs/jackson-core-2.5.1.jar
7f5bdc011000-7f5bdc017000 r--s 00032000 08:02 11143376                   /home/fry/workspace/OWLAPI/libs/httpcore-4.2.4.jar
7f5bdc017000-7f5bdc020000 r--s 00061000 08:02 11143374                   /home/fry/workspace/OWLAPI/libs/httpclient-4.2.5.jar
7f5bdc020000-7f5bdc0b7000 rw-p 00000000 00:00 0 
7f5bdc0b7000-7f5bdc0bf000 r-xp 00000000 08:02 13633633                   /lib/x86_64-linux-gnu/libnss_compat-2.23.so
7f5bdc0bf000-7f5bdc2be000 ---p 00008000 08:02 13633633                   /lib/x86_64-linux-gnu/libnss_compat-2.23.so
7f5bdc2be000-7f5bdc2bf000 r--p 00007000 08:02 13633633                   /lib/x86_64-linux-gnu/libnss_compat-2.23.so
7f5bdc2bf000-7f5bdc2c0000 rw-p 00008000 08:02 13633633                   /lib/x86_64-linux-gnu/libnss_compat-2.23.so
7f5bdc2c0000-7f5bdc2ea000 r-xp 00000000 08:02 14034482                   /opt/jdk1.8.0_101/jre/lib/amd64/libjava.so
7f5bdc2ea000-7f5bdc4ea000 ---p 0002a000 08:02 14034482                   /opt/jdk1.8.0_101/jre/lib/amd64/libjava.so
7f5bdc4ea000-7f5bdc4ec000 rw-p 0002a000 08:02 14034482                   /opt/jdk1.8.0_101/jre/lib/amd64/libjava.so
7f5bdc4ec000-7f5bdc4f9000 r-xp 00000000 08:02 14034436                   /opt/jdk1.8.0_101/jre/lib/amd64/libverify.so
7f5bdc4f9000-7f5bdc6f9000 ---p 0000d000 08:02 14034436                   /opt/jdk1.8.0_101/jre/lib/amd64/libverify.so
7f5bdc6f9000-7f5bdc6fb000 rw-p 0000d000 08:02 14034436                   /opt/jdk1.8.0_101/jre/lib/amd64/libverify.so
7f5bdc6fb000-7f5bdc702000 r-xp 00000000 08:02 13633620                   /lib/x86_64-linux-gnu/librt-2.23.so
7f5bdc702000-7f5bdc901000 ---p 00007000 08:02 13633620                   /lib/x86_64-linux-gnu/librt-2.23.so
7f5bdc901000-7f5bdc902000 r--p 00006000 08:02 13633620                   /lib/x86_64-linux-gnu/librt-2.23.so
7f5bdc902000-7f5bdc903000 rw-p 00007000 08:02 13633620                   /lib/x86_64-linux-gnu/librt-2.23.so
7f5bdc903000-7f5bdca0b000 r-xp 00000000 08:02 13633630                   /lib/x86_64-linux-gnu/libm-2.23.so
7f5bdca0b000-7f5bdcc0a000 ---p 00108000 08:02 13633630                   /lib/x86_64-linux-gnu/libm-2.23.so
7f5bdcc0a000-7f5bdcc0b000 r--p 00107000 08:02 13633630                   /lib/x86_64-linux-gnu/libm-2.23.so
7f5bdcc0b000-7f5bdcc0c000 rw-p 00108000 08:02 13633630                   /lib/x86_64-linux-gnu/libm-2.23.so
7f5bdcc0c000-7f5bdd8d7000 r-xp 00000000 08:02 14034486                   /opt/jdk1.8.0_101/jre/lib/amd64/server/libjvm.so
7f5bdd8d7000-7f5bddad6000 ---p 00ccb000 08:02 14034486                   /opt/jdk1.8.0_101/jre/lib/amd64/server/libjvm.so
7f5bddad6000-7f5bddbaf000 rw-p 00cca000 08:02 14034486                   /opt/jdk1.8.0_101/jre/lib/amd64/server/libjvm.so
7f5bddbaf000-7f5bddbfa000 rw-p 00000000 00:00 0 
7f5bddbfa000-7f5bdddb9000 r-xp 00000000 08:02 13633625                   /lib/x86_64-linux-gnu/libc-2.23.so
7f5bdddb9000-7f5bddfb9000 ---p 001bf000 08:02 13633625                   /lib/x86_64-linux-gnu/libc-2.23.so
7f5bddfb9000-7f5bddfbd000 r--p 001bf000 08:02 13633625                   /lib/x86_64-linux-gnu/libc-2.23.so
7f5bddfbd000-7f5bddfbf000 rw-p 001c3000 08:02 13633625                   /lib/x86_64-linux-gnu/libc-2.23.so
7f5bddfbf000-7f5bddfc3000 rw-p 00000000 00:00 0 
7f5bddfc3000-7f5bddfc6000 r-xp 00000000 08:02 13633624                   /lib/x86_64-linux-gnu/libdl-2.23.so
7f5bddfc6000-7f5bde1c5000 ---p 00003000 08:02 13633624                   /lib/x86_64-linux-gnu/libdl-2.23.so
7f5bde1c5000-7f5bde1c6000 r--p 00002000 08:02 13633624                   /lib/x86_64-linux-gnu/libdl-2.23.so
7f5bde1c6000-7f5bde1c7000 rw-p 00003000 08:02 13633624                   /lib/x86_64-linux-gnu/libdl-2.23.so
7f5bde1c7000-7f5bde1dc000 r-xp 00000000 08:02 13767580                   /opt/jdk1.8.0_101/lib/amd64/jli/libjli.so
7f5bde1dc000-7f5bde3dc000 ---p 00015000 08:02 13767580                   /opt/jdk1.8.0_101/lib/amd64/jli/libjli.so
7f5bde3dc000-7f5bde3dd000 rw-p 00015000 08:02 13767580                   /opt/jdk1.8.0_101/lib/amd64/jli/libjli.so
7f5bde3dd000-7f5bde3f5000 r-xp 00000000 08:02 13633631                   /lib/x86_64-linux-gnu/libpthread-2.23.so
7f5bde3f5000-7f5bde5f4000 ---p 00018000 08:02 13633631                   /lib/x86_64-linux-gnu/libpthread-2.23.so
7f5bde5f4000-7f5bde5f5000 r--p 00017000 08:02 13633631                   /lib/x86_64-linux-gnu/libpthread-2.23.so
7f5bde5f5000-7f5bde5f6000 rw-p 00018000 08:02 13633631                   /lib/x86_64-linux-gnu/libpthread-2.23.so
7f5bde5f6000-7f5bde5fa000 rw-p 00000000 00:00 0 
7f5bde5fa000-7f5bde620000 r-xp 00000000 08:02 13633614                   /lib/x86_64-linux-gnu/ld-2.23.so
7f5bde620000-7f5bde62e000 r--s 00096000 08:02 11143371                   /home/fry/workspace/OWLAPI/libs/guice-4.0.jar
7f5bde62e000-7f5bde6f9000 rw-p 00000000 00:00 0 
7f5bde6f9000-7f5bde6fc000 ---p 00000000 00:00 0 
7f5bde6fc000-7f5bde7fe000 rw-p 00000000 00:00 0 
7f5bde7fe000-7f5bde800000 r--s 00008000 08:02 11143377                   /home/fry/workspace/OWLAPI/libs/jackson-annotations-2.5.1.jar
7f5bde800000-7f5bde803000 r--s 0001a000 08:02 11143375                   /home/fry/workspace/OWLAPI/libs/httpclient-cache-4.2.5.jar
7f5bde803000-7f5bde805000 r--s 00012000 08:02 11143373                   /home/fry/workspace/OWLAPI/libs/guice-multibindings-4.0.jar
7f5bde805000-7f5bde807000 r--s 00009000 08:02 11143372                   /home/fry/workspace/OWLAPI/libs/guice-assistedinject-4.0.jar
7f5bde807000-7f5bde80b000 r--s 0002a000 08:02 11143369                   /home/fry/workspace/OWLAPI/libs/commons-io-2.4.jar
7f5bde80b000-7f5bde811000 r--s 00033000 08:02 11143368                   /home/fry/workspace/OWLAPI/libs/commons-codec-1.6.jar
7f5bde811000-7f5bde813000 r--s 00000000 08:02 11143367                   /home/fry/workspace/OWLAPI/libs/aopalliance-1.0.jar
7f5bde813000-7f5bde81b000 rw-s 00000000 08:02 11013110                   /tmp/hsperfdata_fry/24588
7f5bde81b000-7f5bde81c000 rw-p 00000000 00:00 0 
7f5bde81c000-7f5bde81d000 ---p 00000000 00:00 0 
7f5bde81d000-7f5bde81f000 rw-p 00000000 00:00 0 
7f5bde81f000-7f5bde820000 r--p 00025000 08:02 13633614                   /lib/x86_64-linux-gnu/ld-2.23.so
7f5bde820000-7f5bde821000 rw-p 00026000 08:02 13633614                   /lib/x86_64-linux-gnu/ld-2.23.so
7f5bde821000-7f5bde822000 rw-p 00000000 00:00 0 
7ffe9c05f000-7ffe9c081000 rw-p 00000000 00:00 0                          [stack]
7ffe9c166000-7ffe9c168000 r--p 00000000 00:00 0                          [vvar]
7ffe9c168000-7ffe9c16a000 r-xp 00000000 00:00 0                          [vdso]
ffffffffff600000-ffffffffff601000 r-xp 00000000 00:00 0                  [vsyscall]

VM Arguments:
jvm_args: -Dmaven.multiModuleProjectDirectory=$M2_HOME -Dfile.encoding=UTF-8 
java_command: workOwl.AddCEPT
java_class_path (initial): /home/fry/workspace/OWLAPI/bin:/home/fry/workspace/OWLAPI/libs/aopalliance-1.0.jar:/home/fry/workspace/OWLAPI/libs/commons-codec-1.6.jar:/home/fry/workspace/OWLAPI/libs/commons-io-2.4.jar:/home/fry/workspace/OWLAPI/libs/guava-18.0.jar:/home/fry/workspace/OWLAPI/libs/guice-4.0.jar:/home/fry/workspace/OWLAPI/libs/guice-assistedinject-4.0.jar:/home/fry/workspace/OWLAPI/libs/guice-multibindings-4.0.jar:/home/fry/workspace/OWLAPI/libs/httpclient-4.2.5.jar:/home/fry/workspace/OWLAPI/libs/httpclient-cache-4.2.5.jar:/home/fry/workspace/OWLAPI/libs/httpcore-4.2.4.jar:/home/fry/workspace/OWLAPI/libs/jackson-annotations-2.5.1.jar:/home/fry/workspace/OWLAPI/libs/jackson-core-2.5.1.jar:/home/fry/workspace/OWLAPI/libs/jackson-databind-2.5.1.jar:/home/fry/workspace/OWLAPI/libs/javax.inject-1.jar:/home/fry/workspace/OWLAPI/libs/jcl-over-slf4j-1.7.7.jar:/home/fry/workspace/OWLAPI/libs/jsonld-java-0.5.0.jar:/home/fry/workspace/OWLAPI/libs/jsonld-java-sesame-0.5.0.jar:/home/fry/workspace/OWLAPI/libs/jsr305-2.0.1.jar:/home/fry/workspace/OWLAPI/libs/org.apache.commons.io-2.4.jar:/home/fry/workspace/OWLAPI/libs/owlapi-distribution-4.1.4.jar:/home/fry/workspace/OWLAPI/libs/semargl-core-0.6.1.jar:/home/fry/workspace/OWLAPI/libs/semargl-rdf-0.6.1.jar:/home/fry/workspace/OWLAPI/libs/semargl-rdfa-0.6.1.jar:/home/fry/workspace/OWLAPI/libs/semargl-sesame-0.6.1.jar:/home/fry/workspace/OWLAPI/libs/sesame-model-2.7.12.jar:/home/fry/workspace/OWLAPI/libs/sesame-rio-api-2.7.12.jar:/home/fry/workspace/OWLAPI/libs/sesame-rio-binary-2.7.12.jar:/home/fry/workspace/OWLAPI/libs/sesame-rio-datatypes-2.7.12.jar:/home/fry/workspace/OWLAPI/libs/sesame-rio-languages-2.7.12.jar:/home/fry/workspace/OWLAPI/libs/sesame-rio-n3-2.7.12.jar:/home/fry/workspace/OWLAPI/libs/sesame-rio-nquads-2.7.12.jar:/home/fry/workspace/OWLAPI/libs/sesame-rio-ntriples-2.7.12.jar:/home/fry/workspace/OWLAPI/libs/sesame-rio-rdfjson-2.7.12.jar:/home/fry/workspace/OWLAPI/libs/sesame-rio-rdfxml-2.7.12.jar:/home/
Launcher Type: SUN_STANDARD

Environment Variables:
JAVA_HOME=/opt/jdk1.8.0_101
JRE_HOME=/opt/jdk1.8.0_101/jre
CLASSPATH=.:/opt/jdk1.8.0_101/lib:/opt/jdk1.8.0_101/jre/lib
PATH=/usr/local/sbin:/usr/local/bin:/usr/sbin:/usr/bin:/sbin:/bin:/usr/games:/usr/local/games:/snap/bin:/opt/jdk1.8.0_101/bin:/opt/jdk1.8.0_101/jre/bin:/home/fry/workspace/apache-maven-3.3.9/bin:/opt/jdk1.8.0_101/bin:/opt/jdk1.8.0_101/jre/bin
LD_LIBRARY_PATH=:/opt/jdk1.8.0_101/jre/lib
SHELL=/bin/bash
DISPLAY=:0

Signal Handlers:
SIGSEGV: [libjvm.so+0xac4790], sa_mask[0]=11111111011111111101111111111110, sa_flags=SA_RESTART|SA_SIGINFO
SIGBUS: [libjvm.so+0xac4790], sa_mask[0]=11111111011111111101111111111110, sa_flags=SA_RESTART|SA_SIGINFO
SIGFPE: [libjvm.so+0x91f140], sa_mask[0]=11111111011111111101111111111110, sa_flags=SA_RESTART|SA_SIGINFO
SIGPIPE: [libjvm.so+0x91f140], sa_mask[0]=11111111011111111101111111111110, sa_flags=SA_RESTART|SA_SIGINFO
SIGXFSZ: [libjvm.so+0x91f140], sa_mask[0]=11111111011111111101111111111110, sa_flags=SA_RESTART|SA_SIGINFO
SIGILL: [libjvm.so+0x91f140], sa_mask[0]=11111111011111111101111111111110, sa_flags=SA_RESTART|SA_SIGINFO
SIGUSR1: SIG_DFL, sa_mask[0]=00000000000000000000000000000000, sa_flags=none
SIGUSR2: [libjvm.so+0x920770], sa_mask[0]=00100000000000000000000000000000, sa_flags=SA_RESTART|SA_SIGINFO
SIGHUP: [libjvm.so+0x921b70], sa_mask[0]=11111111011111111101111111111110, sa_flags=SA_RESTART|SA_SIGINFO
SIGINT: [libjvm.so+0x921b70], sa_mask[0]=11111111011111111101111111111110, sa_flags=SA_RESTART|SA_SIGINFO
SIGTERM: [libjvm.so+0x921b70], sa_mask[0]=11111111011111111101111111111110, sa_flags=SA_RESTART|SA_SIGINFO
SIGQUIT: [libjvm.so+0x921b70], sa_mask[0]=11111111011111111101111111111110, sa_flags=SA_RESTART|SA_SIGINFO


---------------  S Y S T E M  ---------------

OS:DISTRIB_ID=Ubuntu
DISTRIB_RELEASE=16.04
DISTRIB_CODENAME=xenial
DISTRIB_DESCRIPTION="Ubuntu 16.04.1 LTS"

uname:Linux 4.4.0-59-generic #80-Ubuntu SMP Fri Jan 6 17:47:47 UTC 2017 x86_64
libc:glibc 2.23 NPTL 2.23 
rlimit: STACK 8192k, CORE 0k, NPROC 31054, NOFILE 65536, AS infinity
load average:3.50 1.91 1.23

/proc/meminfo:
MemTotal:        8096088 kB
MemFree:          143828 kB
MemAvailable:      42088 kB
Buffers:            2000 kB
Cached:            42908 kB
SwapCached:        46064 kB
Active:          2302196 kB
Inactive:         778104 kB
Active(anon):    2287004 kB
Inactive(anon):   763808 kB
Active(file):      15192 kB
Inactive(file):    14296 kB
Unevictable:          68 kB
Mlocked:              68 kB
SwapTotal:       8308732 kB
SwapFree:              0 kB
Dirty:               432 kB
Writeback:             0 kB
AnonPages:       2991016 kB
Mapped:          4609112 kB
Shmem:             14276 kB
Slab:             123672 kB
SReclaimable:      36832 kB
SUnreclaim:        86840 kB
KernelStack:       16992 kB
PageTables:        72336 kB
NFS_Unstable:          0 kB
Bounce:                0 kB
WritebackTmp:          0 kB
CommitLimit:    12356776 kB
Committed_AS:   24498440 kB
VmallocTotal:   34359738367 kB
VmallocUsed:           0 kB
VmallocChunk:          0 kB
HardwareCorrupted:     0 kB
AnonHugePages:    501760 kB
CmaTotal:              0 kB
CmaFree:               0 kB
HugePages_Total:       0
HugePages_Free:        0
HugePages_Rsvd:        0
HugePages_Surp:        0
Hugepagesize:       2048 kB
DirectMap4k:      516932 kB
DirectMap2M:     5695488 kB
DirectMap1G:     3145728 kB


CPU:total 4 (4 cores per cpu, 1 threads per core) family 6 model 94 stepping 3, cmov, cx8, fxsr, mmx, sse, sse2, sse3, ssse3, sse4.1, sse4.2, popcnt, avx, avx2, aes, clmul, erms, rtm, 3dnowpref, lzcnt, tsc, tscinvbit, bmi1, bmi2, adx

/proc/cpuinfo:
processor	: 0
vendor_id	: GenuineIntel
cpu family	: 6
model		: 94
model name	: Intel(R) Core(TM) i5-6500 CPU @ 3.20GHz
stepping	: 3
microcode	: 0x74
cpu MHz		: 3024.875
cache size	: 6144 KB
physical id	: 0
siblings	: 4
core id		: 0
cpu cores	: 4
apicid		: 0
initial apicid	: 0
fpu		: yes
fpu_exception	: yes
cpuid level	: 22
wp		: yes
flags		: fpu vme de pse tsc msr pae mce cx8 apic sep mtrr pge mca cmov pat pse36 clflush dts acpi mmx fxsr sse sse2 ss ht tm pbe syscall nx pdpe1gb rdtscp lm constant_tsc art arch_perfmon pebs bts rep_good nopl xtopology nonstop_tsc aperfmperf eagerfpu pni pclmulqdq dtes64 monitor ds_cpl vmx smx est tm2 ssse3 sdbg fma cx16 xtpr pdcm pcid sse4_1 sse4_2 x2apic movbe popcnt tsc_deadline_timer aes xsave avx f16c rdrand lahf_lm abm 3dnowprefetch epb intel_pt tpr_shadow vnmi flexpriority ept vpid fsgsbase tsc_adjust bmi1 hle avx2 smep bmi2 erms invpcid rtm mpx rdseed adx smap clflushopt xsaveopt xsavec xgetbv1 dtherm ida arat pln pts hwp hwp_notify hwp_act_window hwp_epp
bugs		:
bogomips	: 6383.87
clflush size	: 64
cache_alignment	: 64
address sizes	: 39 bits physical, 48 bits virtual
power management:

processor	: 1
vendor_id	: GenuineIntel
cpu family	: 6
model		: 94
model name	: Intel(R) Core(TM) i5-6500 CPU @ 3.20GHz
stepping	: 3
microcode	: 0x74
cpu MHz		: 2702.875
cache size	: 6144 KB
physical id	: 0
siblings	: 4
core id		: 1
cpu cores	: 4
apicid		: 2
initial apicid	: 2
fpu		: yes
fpu_exception	: yes
cpuid level	: 22
wp		: yes
flags		: fpu vme de pse tsc msr pae mce cx8 apic sep mtrr pge mca cmov pat pse36 clflush dts acpi mmx fxsr sse sse2 ss ht tm pbe syscall nx pdpe1gb rdtscp lm constant_tsc art arch_perfmon pebs bts rep_good nopl xtopology nonstop_tsc aperfmperf eagerfpu pni pclmulqdq dtes64 monitor ds_cpl vmx smx est tm2 ssse3 sdbg fma cx16 xtpr pdcm pcid sse4_1 sse4_2 x2apic movbe popcnt tsc_deadline_timer aes xsave avx f16c rdrand lahf_lm abm 3dnowprefetch epb intel_pt tpr_shadow vnmi flexpriority ept vpid fsgsbase tsc_adjust bmi1 hle avx2 smep bmi2 erms invpcid rtm mpx rdseed adx smap clflushopt xsaveopt xsavec xgetbv1 dtherm ida arat pln pts hwp hwp_notify hwp_act_window hwp_epp
bugs		:
bogomips	: 6383.87
clflush size	: 64
cache_alignment	: 64
address sizes	: 39 bits physical, 48 bits virtual
power management:

processor	: 2
vendor_id	: GenuineIntel
cpu family	: 6
model		: 94
model name	: Intel(R) Core(TM) i5-6500 CPU @ 3.20GHz
stepping	: 3
microcode	: 0x74
cpu MHz		: 2810.125
cache size	: 6144 KB
physical id	: 0
siblings	: 4
core id		: 2
cpu cores	: 4
apicid		: 4
initial apicid	: 4
fpu		: yes
fpu_exception	: yes
cpuid level	: 22
wp		: yes
flags		: fpu vme de pse tsc msr pae mce cx8 apic sep mtrr pge mca cmov pat pse36 clflush dts acpi mmx fxsr sse sse2 ss ht tm pbe syscall nx pdpe1gb rdtscp lm constant_tsc art arch_perfmon pebs bts rep_good nopl xtopology nonstop_tsc aperfmperf eagerfpu pni pclmulqdq dtes64 monitor ds_cpl vmx smx est tm2 ssse3 sdbg fma cx16 xtpr pdcm pcid sse4_1 sse4_2 x2apic movbe popcnt tsc_deadline_timer aes xsave avx f16c rdrand lahf_lm abm 3dnowprefetch epb intel_pt tpr_shadow vnmi flexpriority ept vpid fsgsbase tsc_adjust bmi1 hle avx2 smep bmi2 erms invpcid rtm mpx rdseed adx smap clflushopt xsaveopt xsavec xgetbv1 dtherm ida arat pln pts hwp hwp_notify hwp_act_window hwp_epp
bugs		:
bogomips	: 6383.87
clflush size	: 64
cache_alignment	: 64
address sizes	: 39 bits physical, 48 bits virtual
power management:

processor	: 3
vendor_id	: GenuineIntel
cpu family	: 6
model		: 94
model name	: Intel(R) Core(TM) i5-6500 CPU @ 3.20GHz
stepping	: 3
microcode	: 0x74
cpu MHz		: 2834.750
cache size	: 6144 KB
physical id	: 0
siblings	: 4
core id		: 3
cpu cores	: 4
apicid		: 6
initial apicid	: 6
fpu		: yes
fpu_exception	: yes
cpuid level	: 22
wp		: yes
flags		: fpu vme de pse tsc msr pae mce cx8 apic sep mtrr pge mca cmov pat pse36 clflush dts acpi mmx fxsr sse sse2 ss ht tm pbe syscall nx pdpe1gb rdtscp lm constant_tsc art arch_perfmon pebs bts rep_good nopl xtopology nonstop_tsc aperfmperf eagerfpu pni pclmulqdq dtes64 monitor ds_cpl vmx smx est tm2 ssse3 sdbg fma cx16 xtpr pdcm pcid sse4_1 sse4_2 x2apic movbe popcnt tsc_deadline_timer aes xsave avx f16c rdrand lahf_lm abm 3dnowprefetch epb intel_pt tpr_shadow vnmi flexpriority ept vpid fsgsbase tsc_adjust bmi1 hle avx2 smep bmi2 erms invpcid rtm mpx rdseed adx smap clflushopt xsaveopt xsavec xgetbv1 dtherm ida arat pln pts hwp hwp_notify hwp_act_window hwp_epp
bugs		:
bogomips	: 6383.87
clflush size	: 64
cache_alignment	: 64
address sizes	: 39 bits physical, 48 bits virtual
power management:



Memory: 4k page, physical 8096088k(143728k free), swap 8308732k(0k free)

vm_info: Java HotSpot(TM) 64-Bit Server VM (25.101-b13) for linux-amd64 JRE (1.8.0_101-b13), built on Jun 22 2016 02:59:44 by "java_re" with gcc 4.3.0 20080428 (Red Hat 4.3.0-8)

time: Thu Feb 16 18:53:31 2017
elapsed time: 3 seconds (0d 0h 0m 3s)

