#
# There is insufficient memory for the Java Runtime Environment to continue.
# Native memory allocation (mmap) failed to map 182452224 bytes for committing reserved memory.
# Possible reasons:
#   The system is out of physical RAM or swap space
#   In 32 bit mode, the process size limit was hit
# Possible solutions:
#   Reduce memory load on the system
#   Increase physical memory or swap space
#   Check if swap backing store is full
#   Use 64 bit Java on a 64 bit OS
#   Decrease Java heap size (-Xmx/-Xms)
#   Decrease number of Java threads
#   Decrease Java thread stack sizes (-Xss)
#   Set larger code cache with -XX:ReservedCodeCacheSize=
# This output file may be truncated or incomplete.
#
#  Out of Memory Error (os_linux.cpp:2627), pid=24565, tid=0x00007fe7468e4700
#
# JRE version: Java(TM) SE Runtime Environment (8.0_101-b13) (build 1.8.0_101-b13)
# Java VM: Java HotSpot(TM) 64-Bit Server VM (25.101-b13 mixed mode linux-amd64 compressed oops)
# Failed to write core dump. Core dumps have been disabled. To enable core dumping, try "ulimit -c unlimited" before starting Java again
#

---------------  T H R E A D  ---------------

Current thread (0x00007fe76c078800):  VMThread [stack: 0x00007fe7467e4000,0x00007fe7468e5000] [id=24575]

Stack: [0x00007fe7467e4000,0x00007fe7468e5000],  sp=0x00007fe7468e32a0,  free space=1020k
Native frames: (J=compiled Java code, j=interpreted, Vv=VM code, C=native code)
V  [libjvm.so+0xac3f0a]  VMError::report_and_die()+0x2ba
V  [libjvm.so+0x4fbf9b]  report_vm_out_of_memory(char const*, int, unsigned long, VMErrorType, char const*)+0x8b
V  [libjvm.so+0x9222d3]  os::Linux::commit_memory_impl(char*, unsigned long, bool)+0x103
V  [libjvm.so+0x922829]  os::pd_commit_memory(char*, unsigned long, unsigned long, bool)+0x29
V  [libjvm.so+0x91cb2a]  os::commit_memory(char*, unsigned long, unsigned long, bool)+0x2a
V  [libjvm.so+0x991053]  PSVirtualSpace::expand_by(unsigned long)+0x53
V  [libjvm.so+0x992458]  PSYoungGen::resize_generation(unsigned long, unsigned long)+0xf8
V  [libjvm.so+0x9915b2]  PSYoungGen::resize(unsigned long, unsigned long)+0x22
V  [libjvm.so+0x98e88b]  PSScavenge::invoke_no_policy()+0xf3b
V  [libjvm.so+0x98f011]  PSScavenge::invoke()+0x41
V  [libjvm.so+0x945fc0]  ParallelScavengeHeap::failed_mem_allocate(unsigned long)+0x70
V  [libjvm.so+0xac5927]  VM_ParallelGCFailedAllocation::doit()+0x97
V  [libjvm.so+0xacd405]  VM_Operation::evaluate()+0x55
V  [libjvm.so+0xacb7da]  VMThread::evaluate_operation(VM_Operation*)+0xba
V  [libjvm.so+0xacbb5e]  VMThread::loop()+0x1ce
V  [libjvm.so+0xacbfd0]  VMThread::run()+0x70
V  [libjvm.so+0x924698]  java_start(Thread*)+0x108

VM_Operation (0x00007fe7732b7450): ParallelGCFailedAllocation, mode: safepoint, requested by thread 0x00007fe76c00b000


---------------  P R O C E S S  ---------------

Java Threads: ( => current thread )
  0x00007fe76c0c2000 JavaThread "Service Thread" daemon [_thread_blocked, id=24582, stack(0x00007fe745c52000,0x00007fe745d53000)]
  0x00007fe76c0bf000 JavaThread "C1 CompilerThread2" daemon [_thread_blocked, id=24581, stack(0x00007fe745d53000,0x00007fe745e54000)]
  0x00007fe76c0bd000 JavaThread "C2 CompilerThread1" daemon [_thread_blocked, id=24580, stack(0x00007fe745e54000,0x00007fe745f55000)]
  0x00007fe76c0ba000 JavaThread "C2 CompilerThread0" daemon [_thread_in_native, id=24579, stack(0x00007fe745f55000,0x00007fe746056000)]
  0x00007fe76c0b8800 JavaThread "Signal Dispatcher" daemon [_thread_blocked, id=24578, stack(0x00007fe746056000,0x00007fe746157000)]
  0x00007fe76c085000 JavaThread "Finalizer" daemon [_thread_blocked, id=24577, stack(0x00007fe7465e2000,0x00007fe7466e3000)]
  0x00007fe76c080800 JavaThread "Reference Handler" daemon [_thread_blocked, id=24576, stack(0x00007fe7466e3000,0x00007fe7467e4000)]
  0x00007fe76c00b000 JavaThread "main" [_thread_blocked, id=24570, stack(0x00007fe7731b9000,0x00007fe7732ba000)]

Other Threads:
=>0x00007fe76c078800 VMThread [stack: 0x00007fe7467e4000,0x00007fe7468e5000] [id=24575]
  0x00007fe76c0c5000 WatcherThread [stack: 0x00007fe745b51000,0x00007fe745c52000] [id=24583]

VM state:at safepoint (normal execution)

VM Mutex/Monitor currently owned by a thread:  ([mutex/lock_event])
[0x00007fe76c007130] Threads_lock - owner thread: 0x00007fe76c078800
[0x00007fe76c007630] Heap_lock - owner thread: 0x00007fe76c00b000

Heap:
 PSYoungGen      total 132096K, used 5111K [0x00000000d6d00000, 0x00000000df300000, 0x0000000100000000)
  eden space 126976K, 0% used [0x00000000d6d00000,0x00000000d6d00000,0x00000000de900000)
  from space 5120K, 99% used [0x00000000de900000,0x00000000dedfdd50,0x00000000dee00000)
  to   space 5120K, 0% used [0x00000000dee00000,0x00000000dee00000,0x00000000df300000)
 ParOldGen       total 84992K, used 49872K [0x0000000084600000, 0x0000000089900000, 0x00000000d6d00000)
  object space 84992K, 58% used [0x0000000084600000,0x00000000876b41c0,0x0000000089900000)
 Metaspace       used 17064K, capacity 17154K, committed 17408K, reserved 1064960K
  class space    used 2221K, capacity 2259K, committed 2304K, reserved 1048576K

Card table byte_map: [0x00007fe75c862000,0x00007fe75cc40000] byte_map_base: 0x00007fe75c43f000

Marking Bits: (ParMarkBitMap*) 0x00007fe77268d120
 Begin Bits: [0x00007fe748230000, 0x00007fe74a118000)
 End Bits:   [0x00007fe74a118000, 0x00007fe74c000000)

Polling page: 0x00007fe7732dc000

CodeCache: size=245760Kb used=7636Kb max_used=7636Kb free=238123Kb
 bounds [0x00007fe75d000000, 0x00007fe75d780000, 0x00007fe76c000000]
 total_blobs=2640 nmethods=2283 adapters=270
 compilation: enabled

Compilation events (10 events):
Event: 3.202 Thread 0x00007fe76c0bf000 nmethod 2359 0x00007fe75d7772d0 code [0x00007fe75d777660, 0x00007fe75d778bc8]
Event: 3.202 Thread 0x00007fe76c0bf000 2360       2       java.util.regex.Pattern$1::isSatisfiedBy (13 bytes)
Event: 3.202 Thread 0x00007fe76c0bf000 nmethod 2360 0x00007fe75d7799d0 code [0x00007fe75d779b20, 0x00007fe75d779c90]
Event: 3.202 Thread 0x00007fe76c0bf000 2361       2       java.util.regex.Pattern::access$200 (7 bytes)
Event: 3.202 Thread 0x00007fe76c0bf000 nmethod 2361 0x00007fe75d779d10 code [0x00007fe75d779e60, 0x00007fe75d779fb0]
Event: 3.202 Thread 0x00007fe76c0bf000 2362       2       java.util.regex.Pattern::inRange (16 bytes)
Event: 3.202 Thread 0x00007fe76c0bf000 nmethod 2362 0x00007fe75d77a010 code [0x00007fe75d77a160, 0x00007fe75d77a2b0]
Event: 3.202 Thread 0x00007fe76c0bf000 2363       2       org.semanticweb.owlapi.rdf.rdfxml.parser.TripleHandlers$AbstractTripleHandler::isClassExpressionLax (38 bytes)
Event: 3.203 Thread 0x00007fe76c0bf000 nmethod 2363 0x00007fe75d77a310 code [0x00007fe75d77a480, 0x00007fe75d77a698]
Event: 3.203 Thread 0x00007fe76c0bf000 2364       2       org.semanticweb.owlapi.rdf.rdfxml.parser.Translators$NamedClassTranslator::matchesLax (14 bytes)

GC Heap History (9 events):
Event: 0.682 GC heap before
{Heap before GC invocations=1 (full 0):
 PSYoungGen      total 36864K, used 31744K [0x00000000d6d00000, 0x00000000d9600000, 0x0000000100000000)
  eden space 31744K, 100% used [0x00000000d6d00000,0x00000000d8c00000,0x00000000d8c00000)
  from space 5120K, 0% used [0x00000000d9100000,0x00000000d9100000,0x00000000d9600000)
  to   space 5120K, 0% used [0x00000000d8c00000,0x00000000d8c00000,0x00000000d9100000)
 ParOldGen       total 84992K, used 0K [0x0000000084600000, 0x0000000089900000, 0x00000000d6d00000)
  object space 84992K, 0% used [0x0000000084600000,0x0000000084600000,0x0000000089900000)
 Metaspace       used 8251K, capacity 8620K, committed 8960K, reserved 1056768K
  class space    used 1144K, capacity 1170K, committed 1280K, reserved 1048576K
Event: 0.690 GC heap after
Heap after GC invocations=1 (full 0):
 PSYoungGen      total 36864K, used 5118K [0x00000000d6d00000, 0x00000000db500000, 0x0000000100000000)
  eden space 31744K, 0% used [0x00000000d6d00000,0x00000000d6d00000,0x00000000d8c00000)
  from space 5120K, 99% used [0x00000000d8c00000,0x00000000d90ff828,0x00000000d9100000)
  to   space 5120K, 0% used [0x00000000db000000,0x00000000db000000,0x00000000db500000)
 ParOldGen       total 84992K, used 944K [0x0000000084600000, 0x0000000089900000, 0x00000000d6d00000)
  object space 84992K, 1% used [0x0000000084600000,0x00000000846ec210,0x0000000089900000)
 Metaspace       used 8251K, capacity 8620K, committed 8960K, reserved 1056768K
  class space    used 1144K, capacity 1170K, committed 1280K, reserved 1048576K
}
Event: 1.174 GC heap before
{Heap before GC invocations=2 (full 0):
 PSYoungGen      total 36864K, used 36862K [0x00000000d6d00000, 0x00000000db500000, 0x0000000100000000)
  eden space 31744K, 100% used [0x00000000d6d00000,0x00000000d8c00000,0x00000000d8c00000)
  from space 5120K, 99% used [0x00000000d8c00000,0x00000000d90ff828,0x00000000d9100000)
  to   space 5120K, 0% used [0x00000000db000000,0x00000000db000000,0x00000000db500000)
 ParOldGen       total 84992K, used 944K [0x0000000084600000, 0x0000000089900000, 0x00000000d6d00000)
  object space 84992K, 1% used [0x0000000084600000,0x00000000846ec210,0x0000000089900000)
 Metaspace       used 12126K, capacity 12194K, committed 12416K, reserved 1060864K
  class space    used 1642K, capacity 1651K, committed 1664K, reserved 1048576K
Event: 1.191 GC heap after
Heap after GC invocations=2 (full 0):
 PSYoungGen      total 68608K, used 5093K [0x00000000d6d00000, 0x00000000db500000, 0x0000000100000000)
  eden space 63488K, 0% used [0x00000000d6d00000,0x00000000d6d00000,0x00000000dab00000)
  from space 5120K, 99% used [0x00000000db000000,0x00000000db4f9640,0x00000000db500000)
  to   space 5120K, 0% used [0x00000000dab00000,0x00000000dab00000,0x00000000db000000)
 ParOldGen       total 84992K, used 3040K [0x0000000084600000, 0x0000000089900000, 0x00000000d6d00000)
  object space 84992K, 3% used [0x0000000084600000,0x00000000848f8118,0x0000000089900000)
 Metaspace       used 12126K, capacity 12194K, committed 12416K, reserved 1060864K
  class space    used 1642K, capacity 1651K, committed 1664K, reserved 1048576K
}
Event: 1.679 GC heap before
{Heap before GC invocations=3 (full 0):
 PSYoungGen      total 68608K, used 68581K [0x00000000d6d00000, 0x00000000db500000, 0x0000000100000000)
  eden space 63488K, 100% used [0x00000000d6d00000,0x00000000dab00000,0x00000000dab00000)
  from space 5120K, 99% used [0x00000000db000000,0x00000000db4f9640,0x00000000db500000)
  to   space 5120K, 0% used [0x00000000dab00000,0x00000000dab00000,0x00000000db000000)
 ParOldGen       total 84992K, used 3040K [0x0000000084600000, 0x0000000089900000, 0x00000000d6d00000)
  object space 84992K, 3% used [0x0000000084600000,0x00000000848f8118,0x0000000089900000)
 Metaspace       used 12283K, capacity 12354K, committed 12544K, reserved 1060864K
  class space    used 1645K, capacity 1683K, committed 1792K, reserved 1048576K
Event: 1.719 GC heap after
Heap after GC invocations=3 (full 0):
 PSYoungGen      total 68608K, used 5088K [0x00000000d6d00000, 0x00000000df300000, 0x0000000100000000)
  eden space 63488K, 0% used [0x00000000d6d00000,0x00000000d6d00000,0x00000000dab00000)
  from space 5120K, 99% used [0x00000000dab00000,0x00000000daff80a0,0x00000000db000000)
  to   space 5120K, 0% used [0x00000000dee00000,0x00000000dee00000,0x00000000df300000)
 ParOldGen       total 84992K, used 14267K [0x0000000084600000, 0x0000000089900000, 0x00000000d6d00000)
  object space 84992K, 16% used [0x0000000084600000,0x00000000853eec80,0x0000000089900000)
 Metaspace       used 12283K, capacity 12354K, committed 12544K, reserved 1060864K
  class space    used 1645K, capacity 1683K, committed 1792K, reserved 1048576K
}
Event: 1.995 GC heap before
{Heap before GC invocations=4 (full 0):
 PSYoungGen      total 68608K, used 68576K [0x00000000d6d00000, 0x00000000df300000, 0x0000000100000000)
  eden space 63488K, 100% used [0x00000000d6d00000,0x00000000dab00000,0x00000000dab00000)
  from space 5120K, 99% used [0x00000000dab00000,0x00000000daff80a0,0x00000000db000000)
  to   space 5120K, 0% used [0x00000000dee00000,0x00000000dee00000,0x00000000df300000)
 ParOldGen       total 84992K, used 14267K [0x0000000084600000, 0x0000000089900000, 0x00000000d6d00000)
  object space 84992K, 16% used [0x0000000084600000,0x00000000853eec80,0x0000000089900000)
 Metaspace       used 12288K, capacity 12354K, committed 12544K, reserved 1060864K
  class space    used 1645K, capacity 1683K, committed 1792K, reserved 1048576K
Event: 2.055 GC heap after
Heap after GC invocations=4 (full 0):
 PSYoungGen      total 132096K, used 5100K [0x00000000d6d00000, 0x00000000df300000, 0x0000000100000000)
  eden space 126976K, 0% used [0x00000000d6d00000,0x00000000d6d00000,0x00000000de900000)
  from space 5120K, 99% used [0x00000000dee00000,0x00000000df2fb370,0x00000000df300000)
  to   space 5120K, 0% used [0x00000000de900000,0x00000000de900000,0x00000000dee00000)
 ParOldGen       total 84992K, used 26925K [0x0000000084600000, 0x0000000089900000, 0x00000000d6d00000)
  object space 84992K, 31% used [0x0000000084600000,0x000000008604b7b8,0x0000000089900000)
 Metaspace       used 12288K, capacity 12354K, committed 12544K, reserved 1060864K
  class space    used 1645K, capacity 1683K, committed 1792K, reserved 1048576K
}
Event: 3.203 GC heap before
{Heap before GC invocations=5 (full 0):
 PSYoungGen      total 132096K, used 132076K [0x00000000d6d00000, 0x00000000df300000, 0x0000000100000000)
  eden space 126976K, 100% used [0x00000000d6d00000,0x00000000de900000,0x00000000de900000)
  from space 5120K, 99% used [0x00000000dee00000,0x00000000df2fb370,0x00000000df300000)
  to   space 5120K, 0% used [0x00000000de900000,0x00000000de900000,0x00000000dee00000)
 ParOldGen       total 84992K, used 26925K [0x0000000084600000, 0x0000000089900000, 0x00000000d6d00000)
  object space 84992K, 31% used [0x0000000084600000,0x000000008604b7b8,0x0000000089900000)
 Metaspace       used 17064K, capacity 17154K, committed 17408K, reserved 1064960K
  class space    used 2221K, capacity 2259K, committed 2304K, reserved 1048576K

Deoptimization events (10 events):
Event: 3.048 Thread 0x00007fe76c00b000 Uncommon trap: reason=class_check action=maybe_recompile pc=0x00007fe75d5f831c method=org.semanticweb.owlapi.rdf.rdfxml.parser.OWLRDFConsumer.remapOnlyIfRemapped(Ljava/lang/String;)Ljava/lang/String; @ 5
Event: 3.049 Thread 0x00007fe76c00b000 Uncommon trap: reason=class_check action=maybe_recompile pc=0x00007fe75d5f831c method=org.semanticweb.owlapi.rdf.rdfxml.parser.OWLRDFConsumer.remapOnlyIfRemapped(Ljava/lang/String;)Ljava/lang/String; @ 5
Event: 3.049 Thread 0x00007fe76c00b000 Uncommon trap: reason=class_check action=maybe_recompile pc=0x00007fe75d5f831c method=org.semanticweb.owlapi.rdf.rdfxml.parser.OWLRDFConsumer.remapOnlyIfRemapped(Ljava/lang/String;)Ljava/lang/String; @ 5
Event: 3.051 Thread 0x00007fe76c00b000 Uncommon trap: reason=unstable_if action=reinterpret pc=0x00007fe75d63eeb0 method=com.sun.org.apache.xerces.internal.util.XMLStringBuffer.append([CII)V @ 11
Event: 3.150 Thread 0x00007fe76c00b000 Uncommon trap: reason=class_check action=maybe_recompile pc=0x00007fe75d64992c method=com.sun.org.apache.xerces.internal.parsers.AbstractSAXParser.characters(Lcom/sun/org/apache/xerces/internal/xni/XMLString;Lcom/sun/org/apache/xerces/internal/xni/Augment
Event: 3.160 Thread 0x00007fe76c00b000 Uncommon trap: reason=class_check action=maybe_recompile pc=0x00007fe75d5f831c method=org.semanticweb.owlapi.rdf.rdfxml.parser.OWLRDFConsumer.remapOnlyIfRemapped(Ljava/lang/String;)Ljava/lang/String; @ 5
Event: 3.168 Thread 0x00007fe76c00b000 Uncommon trap: reason=class_check action=maybe_recompile pc=0x00007fe75d677e58 method=org.semanticweb.owlapi.rdf.rdfxml.parser.OWLRDFConsumer.isAnonymousNode(Lorg/semanticweb/owlapi/model/IRI;)Z @ 5
Event: 3.168 Thread 0x00007fe76c00b000 Uncommon trap: reason=class_check action=maybe_recompile pc=0x00007fe75d677e58 method=org.semanticweb.owlapi.rdf.rdfxml.parser.OWLRDFConsumer.isAnonymousNode(Lorg/semanticweb/owlapi/model/IRI;)Z @ 5
Event: 3.168 Thread 0x00007fe76c00b000 Uncommon trap: reason=class_check action=maybe_recompile pc=0x00007fe75d677e58 method=org.semanticweb.owlapi.rdf.rdfxml.parser.OWLRDFConsumer.isAnonymousNode(Lorg/semanticweb/owlapi/model/IRI;)Z @ 5
Event: 3.168 Thread 0x00007fe76c00b000 Uncommon trap: reason=class_check action=maybe_recompile pc=0x00007fe75d677e58 method=org.semanticweb.owlapi.rdf.rdfxml.parser.OWLRDFConsumer.isAnonymousNode(Lorg/semanticweb/owlapi/model/IRI;)Z @ 5

Internal exceptions (10 events):
Event: 0.045 Thread 0x00007fe76c00b000 Exception <a 'java/lang/NoSuchMethodError': Method sun.misc.Unsafe.prefetchRead(Ljava/lang/Object;J)V name or signature does not match> (0x00000000d6d07fa8) thrown at [/HUDSON3/workspace/8-2-build-linux-amd64/jdk8u101/7261/hotspot/src/share/vm/prims/jni.c
Event: 0.184 Thread 0x00007fe76c00b000 Exception <a 'java/security/PrivilegedActionException'> (0x00000000d7085430) thrown at [/HUDSON3/workspace/8-2-build-linux-amd64/jdk8u101/7261/hotspot/src/share/vm/prims/jvm.cpp, line 1386]
Event: 0.184 Thread 0x00007fe76c00b000 Exception <a 'java/security/PrivilegedActionException'> (0x00000000d7085640) thrown at [/HUDSON3/workspace/8-2-build-linux-amd64/jdk8u101/7261/hotspot/src/share/vm/prims/jvm.cpp, line 1386]
Event: 0.184 Thread 0x00007fe76c00b000 Exception <a 'java/security/PrivilegedActionException'> (0x00000000d70878e0) thrown at [/HUDSON3/workspace/8-2-build-linux-amd64/jdk8u101/7261/hotspot/src/share/vm/prims/jvm.cpp, line 1386]
Event: 0.184 Thread 0x00007fe76c00b000 Exception <a 'java/security/PrivilegedActionException'> (0x00000000d7087af0) thrown at [/HUDSON3/workspace/8-2-build-linux-amd64/jdk8u101/7261/hotspot/src/share/vm/prims/jvm.cpp, line 1386]
Event: 0.185 Thread 0x00007fe76c00b000 Exception <a 'java/lang/NoClassDefFoundError': org/slf4j/impl/StaticLoggerBinder> (0x00000000d7091db8) thrown at [/HUDSON3/workspace/8-2-build-linux-amd64/jdk8u101/7261/hotspot/src/share/vm/classfile/systemDictionary.cpp, line 199]
Event: 0.348 Thread 0x00007fe76c00b000 Exception <a 'java/lang/ArrayIndexOutOfBoundsException'> (0x00000000d7759700) thrown at [/HUDSON3/workspace/8-2-build-linux-amd64/jdk8u101/7261/hotspot/src/share/vm/runtime/sharedRuntime.cpp, line 605]
Event: 0.348 Thread 0x00007fe76c00b000 Exception <a 'java/lang/ArrayIndexOutOfBoundsException'> (0x00000000d775aa28) thrown at [/HUDSON3/workspace/8-2-build-linux-amd64/jdk8u101/7261/hotspot/src/share/vm/runtime/sharedRuntime.cpp, line 605]
Event: 0.432 Thread 0x00007fe76c00b000 Exception <a 'java/lang/ArrayIndexOutOfBoundsException': 234> (0x00000000d7c21398) thrown at [/HUDSON3/workspace/8-2-build-linux-amd64/jdk8u101/7261/hotspot/src/share/vm/interpreter/interpreterRuntime.cpp, line 366]
Event: 3.046 Thread 0x00007fe76c00b000 Implicit null exception at 0x00007fe75d56a143 to 0x00007fe75d56ce35

Events (10 events):
Event: 3.197 Thread 0x00007fe76c00b000 DEOPT UNPACKING pc=0x00007fe75d047633 sp=0x00007fe7732b7310 mode 0
Event: 3.199 Thread 0x00007fe76c00b000 DEOPT PACKING pc=0x00007fe75d68fca3 sp=0x00007fe7732b7660
Event: 3.199 Thread 0x00007fe76c00b000 DEOPT UNPACKING pc=0x00007fe75d047633 sp=0x00007fe7732b7480 mode 0
Event: 3.200 Thread 0x00007fe76c00b000 DEOPT PACKING pc=0x00007fe75d68fca3 sp=0x00007fe7732b7800
Event: 3.200 Thread 0x00007fe76c00b000 DEOPT UNPACKING pc=0x00007fe75d047633 sp=0x00007fe7732b7620 mode 0
Event: 3.201 Thread 0x00007fe76c00b000 DEOPT PACKING pc=0x00007fe75d68fca3 sp=0x00007fe7732b7810
Event: 3.201 Thread 0x00007fe76c00b000 DEOPT UNPACKING pc=0x00007fe75d047633 sp=0x00007fe7732b7630 mode 0
Event: 3.202 Thread 0x00007fe76c00b000 DEOPT PACKING pc=0x00007fe75d68fca3 sp=0x00007fe7732b7540
Event: 3.202 Thread 0x00007fe76c00b000 DEOPT UNPACKING pc=0x00007fe75d047633 sp=0x00007fe7732b7360 mode 0
Event: 3.203 Executing VM operation: ParallelGCFailedAllocation


Dynamic libraries:
00400000-00401000 r-xp 00000000 08:02 13898951                           /opt/jdk1.8.0_101/bin/java
00600000-00601000 rw-p 00000000 08:02 13898951                           /opt/jdk1.8.0_101/bin/java
00611000-00632000 rw-p 00000000 00:00 0                                  [heap]
84600000-89900000 rw-p 00000000 00:00 0 
89900000-d6d00000 ---p 00000000 00:00 0 
d6d00000-df300000 rw-p 00000000 00:00 0 
ea100000-100000000 ---p 00000000 00:00 0 
100000000-100240000 rw-p 00000000 00:00 0 
100240000-140000000 ---p 00000000 00:00 0 
7fe720000000-7fe720021000 rw-p 00000000 00:00 0 
7fe720021000-7fe724000000 ---p 00000000 00:00 0 
7fe724000000-7fe724021000 rw-p 00000000 00:00 0 
7fe724021000-7fe728000000 ---p 00000000 00:00 0 
7fe728000000-7fe729470000 rw-p 00000000 00:00 0 
7fe729470000-7fe72c000000 ---p 00000000 00:00 0 
7fe72c000000-7fe72caef000 rw-p 00000000 00:00 0 
7fe72caef000-7fe730000000 ---p 00000000 00:00 0 
7fe730000000-7fe730021000 rw-p 00000000 00:00 0 
7fe730021000-7fe734000000 ---p 00000000 00:00 0 
7fe734000000-7fe735097000 rw-p 00000000 00:00 0 
7fe735097000-7fe738000000 ---p 00000000 00:00 0 
7fe738000000-7fe738021000 rw-p 00000000 00:00 0 
7fe738021000-7fe73c000000 ---p 00000000 00:00 0 
7fe73c000000-7fe73c021000 rw-p 00000000 00:00 0 
7fe73c021000-7fe740000000 ---p 00000000 00:00 0 
7fe740000000-7fe740296000 rw-p 00000000 00:00 0 
7fe740296000-7fe744000000 ---p 00000000 00:00 0 
7fe74529c000-7fe74535c000 rw-p 00000000 00:00 0 
7fe74535c000-7fe74549c000 ---p 00000000 00:00 0 
7fe74549c000-7fe74569c000 rw-p 00000000 00:00 0 
7fe74569c000-7fe7456a0000 r--s 00097000 08:02 13898977                   /opt/jdk1.8.0_101/jre/lib/jsse.jar
7fe7456a0000-7fe7458a0000 rw-p 00000000 00:00 0 
7fe7458a0000-7fe745aa0000 rw-p 00000000 00:00 0 
7fe745aa0000-7fe745aa4000 r--s 00015000 08:02 11143407                   /home/fry/workspace/OWLAPI/libs/xz-1.5.jar
7fe745aa4000-7fe745acc000 r--s 00241000 08:02 11143406                   /home/fry/workspace/OWLAPI/libs/trove4j-3.0.3.jar
7fe745acc000-7fe745acd000 r--s 00007000 08:02 11143405                   /home/fry/workspace/OWLAPI/libs/slf4j-api-1.7.10.jar
7fe745acd000-7fe745acf000 r--s 00012000 08:02 11143404                   /home/fry/workspace/OWLAPI/libs/sesame-util-2.7.12.jar
7fe745acf000-7fe745ad1000 r--s 00004000 08:02 11143403                   /home/fry/workspace/OWLAPI/libs/sesame-rio-turtle-2.7.12.jar
7fe745ad1000-7fe745ad2000 r--s 00002000 08:02 11143402                   /home/fry/workspace/OWLAPI/libs/sesame-rio-trix-2.7.12.jar
7fe745ad2000-7fe745ad3000 r--s 00001000 08:02 11143401                   /home/fry/workspace/OWLAPI/libs/sesame-rio-trig-2.7.12.jar
7fe745ad3000-7fe745ad5000 r--s 00008000 08:02 11143400                   /home/fry/workspace/OWLAPI/libs/sesame-rio-rdfxml-2.7.12.jar
7fe745ad5000-7fe745ad7000 r--s 00002000 08:02 11143399                   /home/fry/workspace/OWLAPI/libs/sesame-rio-rdfjson-2.7.12.jar
7fe745ad7000-7fe745ad8000 r--s 00003000 08:02 11143398                   /home/fry/workspace/OWLAPI/libs/sesame-rio-ntriples-2.7.12.jar
7fe745ad8000-7fe745ad9000 r--s 00001000 08:02 11143397                   /home/fry/workspace/OWLAPI/libs/sesame-rio-nquads-2.7.12.jar
7fe745ad9000-7fe745adb000 r--s 00000000 08:02 11143396                   /home/fry/workspace/OWLAPI/libs/sesame-rio-n3-2.7.12.jar
7fe745adb000-7fe745adc000 r--s 00000000 08:02 11143395                   /home/fry/workspace/OWLAPI/libs/sesame-rio-languages-2.7.12.jar
7fe745adc000-7fe745b14000 r--s 0028f000 08:02 11143386                   /home/fry/workspace/OWLAPI/libs/owlapi-distribution-4.1.4.jar
7fe745b14000-7fe745b26000 r--s 00105000 08:02 11143379                   /home/fry/workspace/OWLAPI/libs/jackson-databind-2.5.1.jar
7fe745b26000-7fe745b51000 r--s 001fc000 08:02 11143370                   /home/fry/workspace/OWLAPI/libs/guava-18.0.jar
7fe745b51000-7fe745b52000 ---p 00000000 00:00 0 
7fe745b52000-7fe745c52000 rw-p 00000000 00:00 0 
7fe745c52000-7fe745c55000 ---p 00000000 00:00 0 
7fe745c55000-7fe745d53000 rw-p 00000000 00:00 0 
7fe745d53000-7fe745d56000 ---p 00000000 00:00 0 
7fe745d56000-7fe745e54000 rw-p 00000000 00:00 0 
7fe745e54000-7fe745e57000 ---p 00000000 00:00 0 
7fe745e57000-7fe745f55000 rw-p 00000000 00:00 0 
7fe745f55000-7fe745f58000 ---p 00000000 00:00 0 
7fe745f58000-7fe746056000 rw-p 00000000 00:00 0 
7fe746056000-7fe746059000 ---p 00000000 00:00 0 
7fe746059000-7fe746157000 rw-p 00000000 00:00 0 
7fe746157000-7fe7465e2000 r--p 00000000 08:02 14944583                   /usr/lib/locale/locale-archive
7fe7465e2000-7fe7465e5000 ---p 00000000 00:00 0 
7fe7465e5000-7fe7466e3000 rw-p 00000000 00:00 0 
7fe7466e3000-7fe7466e6000 ---p 00000000 00:00 0 
7fe7466e6000-7fe7467e4000 rw-p 00000000 00:00 0 
7fe7467e4000-7fe7467e5000 ---p 00000000 00:00 0 
7fe7467e5000-7fe747857000 rw-p 00000000 00:00 0 
7fe747857000-7fe747a30000 r--s 03d29000 08:02 13898996                   /opt/jdk1.8.0_101/jre/lib/rt.jar
7fe747a30000-7fe74c000000 rw-p 00000000 00:00 0 
7fe74c000000-7fe74c021000 rw-p 00000000 00:00 0 
7fe74c021000-7fe750000000 ---p 00000000 00:00 0 
7fe750000000-7fe750021000 rw-p 00000000 00:00 0 
7fe750021000-7fe754000000 ---p 00000000 00:00 0 
7fe754000000-7fe754021000 rw-p 00000000 00:00 0 
7fe754021000-7fe758000000 ---p 00000000 00:00 0 
7fe758000000-7fe758021000 rw-p 00000000 00:00 0 
7fe758021000-7fe75c000000 ---p 00000000 00:00 0 
7fe75c000000-7fe75c002000 r--s 00001000 08:02 11143394                   /home/fry/workspace/OWLAPI/libs/sesame-rio-datatypes-2.7.12.jar
7fe75c002000-7fe75c003000 r--s 00002000 08:02 11143393                   /home/fry/workspace/OWLAPI/libs/sesame-rio-binary-2.7.12.jar
7fe75c003000-7fe75c006000 r--s 0000b000 08:02 11143392                   /home/fry/workspace/OWLAPI/libs/sesame-rio-api-2.7.12.jar
7fe75c006000-7fe75c009000 r--s 00026000 08:02 11143391                   /home/fry/workspace/OWLAPI/libs/sesame-model-2.7.12.jar
7fe75c009000-7fe75c00a000 r--s 00002000 08:02 11143390                   /home/fry/workspace/OWLAPI/libs/semargl-sesame-0.6.1.jar
7fe75c00a000-7fe75c00b000 r--s 00008000 08:02 11143389                   /home/fry/workspace/OWLAPI/libs/semargl-rdfa-0.6.1.jar
7fe75c00b000-7fe75c00d000 r--s 00005000 08:02 11143388                   /home/fry/workspace/OWLAPI/libs/semargl-rdf-0.6.1.jar
7fe75c00d000-7fe75c00f000 r--s 00004000 08:02 11143387                   /home/fry/workspace/OWLAPI/libs/semargl-core-0.6.1.jar
7fe75c00f000-7fe75c011000 r--s 00006000 08:02 11143384                   /home/fry/workspace/OWLAPI/libs/jsr305-2.0.1.jar
7fe75c011000-7fe75c45e000 rw-p 00000000 00:00 0 
7fe75c45e000-7fe75c45f000 ---p 00000000 00:00 0 
7fe75c45f000-7fe75c55f000 rw-p 00000000 00:00 0 
7fe75c55f000-7fe75c560000 ---p 00000000 00:00 0 
7fe75c560000-7fe75c660000 rw-p 00000000 00:00 0 
7fe75c660000-7fe75c661000 ---p 00000000 00:00 0 
7fe75c661000-7fe75c761000 rw-p 00000000 00:00 0 
7fe75c761000-7fe75c762000 ---p 00000000 00:00 0 
7fe75c762000-7fe75c88c000 rw-p 00000000 00:00 0 
7fe75c88c000-7fe75caf5000 ---p 00000000 00:00 0 
7fe75caf5000-7fe75cb39000 rw-p 00000000 00:00 0 
7fe75cb39000-7fe75cc3f000 ---p 00000000 00:00 0 
7fe75cc3f000-7fe75cc5e000 rw-p 00000000 00:00 0 
7fe75cc5e000-7fe75d000000 ---p 00000000 00:00 0 
7fe75d000000-7fe75d780000 rwxp 00000000 00:00 0 
7fe75d780000-7fe76c000000 ---p 00000000 00:00 0 
7fe76c000000-7fe76c819000 rw-p 00000000 00:00 0 
7fe76c819000-7fe770000000 ---p 00000000 00:00 0 
7fe770000000-7fe770001000 r--s 0002a000 08:02 11143385                   /home/fry/workspace/OWLAPI/libs/org.apache.commons.io-2.4.jar
7fe770001000-7fe770003000 r--s 00002000 08:02 11143383                   /home/fry/workspace/OWLAPI/libs/jsonld-java-sesame-0.5.0.jar
7fe770003000-7fe770005000 r--s 0001b000 08:02 11143382                   /home/fry/workspace/OWLAPI/libs/jsonld-java-0.5.0.jar
7fe770005000-7fe770007000 r--s 00003000 08:02 11143381                   /home/fry/workspace/OWLAPI/libs/jcl-over-slf4j-1.7.7.jar
7fe770007000-7fe770008000 r--s 00000000 08:02 11143380                   /home/fry/workspace/OWLAPI/libs/javax.inject-1.jar
7fe770008000-7fe77000c000 r--s 00035000 08:02 11143378                   /home/fry/workspace/OWLAPI/libs/jackson-core-2.5.1.jar
7fe77000c000-7fe770012000 r--s 00032000 08:02 11143376                   /home/fry/workspace/OWLAPI/libs/httpcore-4.2.4.jar
7fe770012000-7fe77001b000 r--s 00061000 08:02 11143374                   /home/fry/workspace/OWLAPI/libs/httpclient-4.2.5.jar
7fe77001b000-7fe7700bb000 rw-p 00000000 00:00 0 
7fe7700bb000-7fe770325000 ---p 00000000 00:00 0 
7fe770325000-7fe77033f000 r-xp 00000000 08:02 14034456                   /opt/jdk1.8.0_101/jre/lib/amd64/libzip.so
7fe77033f000-7fe77053f000 ---p 0001a000 08:02 14034456                   /opt/jdk1.8.0_101/jre/lib/amd64/libzip.so
7fe77053f000-7fe770540000 rw-p 0001a000 08:02 14034456                   /opt/jdk1.8.0_101/jre/lib/amd64/libzip.so
7fe770540000-7fe77054b000 r-xp 00000000 08:02 13633636                   /lib/x86_64-linux-gnu/libnss_files-2.23.so
7fe77054b000-7fe77074a000 ---p 0000b000 08:02 13633636                   /lib/x86_64-linux-gnu/libnss_files-2.23.so
7fe77074a000-7fe77074b000 r--p 0000a000 08:02 13633636                   /lib/x86_64-linux-gnu/libnss_files-2.23.so
7fe77074b000-7fe77074c000 rw-p 0000b000 08:02 13633636                   /lib/x86_64-linux-gnu/libnss_files-2.23.so
7fe77074c000-7fe770752000 rw-p 00000000 00:00 0 
7fe770752000-7fe77075d000 r-xp 00000000 08:02 13633621                   /lib/x86_64-linux-gnu/libnss_nis-2.23.so
7fe77075d000-7fe77095c000 ---p 0000b000 08:02 13633621                   /lib/x86_64-linux-gnu/libnss_nis-2.23.so
7fe77095c000-7fe77095d000 r--p 0000a000 08:02 13633621                   /lib/x86_64-linux-gnu/libnss_nis-2.23.so
7fe77095d000-7fe77095e000 rw-p 0000b000 08:02 13633621                   /lib/x86_64-linux-gnu/libnss_nis-2.23.so
7fe77095e000-7fe770974000 r-xp 00000000 08:02 13633632                   /lib/x86_64-linux-gnu/libnsl-2.23.so
7fe770974000-7fe770b73000 ---p 00016000 08:02 13633632                   /lib/x86_64-linux-gnu/libnsl-2.23.so
7fe770b73000-7fe770b74000 r--p 00015000 08:02 13633632                   /lib/x86_64-linux-gnu/libnsl-2.23.so
7fe770b74000-7fe770b75000 rw-p 00016000 08:02 13633632                   /lib/x86_64-linux-gnu/libnsl-2.23.so
7fe770b75000-7fe770b77000 rw-p 00000000 00:00 0 
7fe770b77000-7fe770b7f000 r-xp 00000000 08:02 13633633                   /lib/x86_64-linux-gnu/libnss_compat-2.23.so
7fe770b7f000-7fe770d7e000 ---p 00008000 08:02 13633633                   /lib/x86_64-linux-gnu/libnss_compat-2.23.so
7fe770d7e000-7fe770d7f000 r--p 00007000 08:02 13633633                   /lib/x86_64-linux-gnu/libnss_compat-2.23.so
7fe770d7f000-7fe770d80000 rw-p 00008000 08:02 13633633                   /lib/x86_64-linux-gnu/libnss_compat-2.23.so
7fe770d80000-7fe770daa000 r-xp 00000000 08:02 14034482                   /opt/jdk1.8.0_101/jre/lib/amd64/libjava.so
7fe770daa000-7fe770faa000 ---p 0002a000 08:02 14034482                   /opt/jdk1.8.0_101/jre/lib/amd64/libjava.so
7fe770faa000-7fe770fac000 rw-p 0002a000 08:02 14034482                   /opt/jdk1.8.0_101/jre/lib/amd64/libjava.so
7fe770fac000-7fe770fb9000 r-xp 00000000 08:02 14034436                   /opt/jdk1.8.0_101/jre/lib/amd64/libverify.so
7fe770fb9000-7fe7711b9000 ---p 0000d000 08:02 14034436                   /opt/jdk1.8.0_101/jre/lib/amd64/libverify.so
7fe7711b9000-7fe7711bb000 rw-p 0000d000 08:02 14034436                   /opt/jdk1.8.0_101/jre/lib/amd64/libverify.so
7fe7711bb000-7fe7711c2000 r-xp 00000000 08:02 13633620                   /lib/x86_64-linux-gnu/librt-2.23.so
7fe7711c2000-7fe7713c1000 ---p 00007000 08:02 13633620                   /lib/x86_64-linux-gnu/librt-2.23.so
7fe7713c1000-7fe7713c2000 r--p 00006000 08:02 13633620                   /lib/x86_64-linux-gnu/librt-2.23.so
7fe7713c2000-7fe7713c3000 rw-p 00007000 08:02 13633620                   /lib/x86_64-linux-gnu/librt-2.23.so
7fe7713c3000-7fe7714cb000 r-xp 00000000 08:02 13633630                   /lib/x86_64-linux-gnu/libm-2.23.so
7fe7714cb000-7fe7716ca000 ---p 00108000 08:02 13633630                   /lib/x86_64-linux-gnu/libm-2.23.so
7fe7716ca000-7fe7716cb000 r--p 00107000 08:02 13633630                   /lib/x86_64-linux-gnu/libm-2.23.so
7fe7716cb000-7fe7716cc000 rw-p 00108000 08:02 13633630                   /lib/x86_64-linux-gnu/libm-2.23.so
7fe7716cc000-7fe772397000 r-xp 00000000 08:02 14034486                   /opt/jdk1.8.0_101/jre/lib/amd64/server/libjvm.so
7fe772397000-7fe772596000 ---p 00ccb000 08:02 14034486                   /opt/jdk1.8.0_101/jre/lib/amd64/server/libjvm.so
7fe772596000-7fe77266f000 rw-p 00cca000 08:02 14034486                   /opt/jdk1.8.0_101/jre/lib/amd64/server/libjvm.so
7fe77266f000-7fe7726ba000 rw-p 00000000 00:00 0 
7fe7726ba000-7fe772879000 r-xp 00000000 08:02 13633625                   /lib/x86_64-linux-gnu/libc-2.23.so
7fe772879000-7fe772a79000 ---p 001bf000 08:02 13633625                   /lib/x86_64-linux-gnu/libc-2.23.so
7fe772a79000-7fe772a7d000 r--p 001bf000 08:02 13633625                   /lib/x86_64-linux-gnu/libc-2.23.so
7fe772a7d000-7fe772a7f000 rw-p 001c3000 08:02 13633625                   /lib/x86_64-linux-gnu/libc-2.23.so
7fe772a7f000-7fe772a83000 rw-p 00000000 00:00 0 
7fe772a83000-7fe772a86000 r-xp 00000000 08:02 13633624                   /lib/x86_64-linux-gnu/libdl-2.23.so
7fe772a86000-7fe772c85000 ---p 00003000 08:02 13633624                   /lib/x86_64-linux-gnu/libdl-2.23.so
7fe772c85000-7fe772c86000 r--p 00002000 08:02 13633624                   /lib/x86_64-linux-gnu/libdl-2.23.so
7fe772c86000-7fe772c87000 rw-p 00003000 08:02 13633624                   /lib/x86_64-linux-gnu/libdl-2.23.so
7fe772c87000-7fe772c9c000 r-xp 00000000 08:02 13767580                   /opt/jdk1.8.0_101/lib/amd64/jli/libjli.so
7fe772c9c000-7fe772e9c000 ---p 00015000 08:02 13767580                   /opt/jdk1.8.0_101/lib/amd64/jli/libjli.so
7fe772e9c000-7fe772e9d000 rw-p 00015000 08:02 13767580                   /opt/jdk1.8.0_101/lib/amd64/jli/libjli.so
7fe772e9d000-7fe772eb5000 r-xp 00000000 08:02 13633631                   /lib/x86_64-linux-gnu/libpthread-2.23.so
7fe772eb5000-7fe7730b4000 ---p 00018000 08:02 13633631                   /lib/x86_64-linux-gnu/libpthread-2.23.so
7fe7730b4000-7fe7730b5000 r--p 00017000 08:02 13633631                   /lib/x86_64-linux-gnu/libpthread-2.23.so
7fe7730b5000-7fe7730b6000 rw-p 00018000 08:02 13633631                   /lib/x86_64-linux-gnu/libpthread-2.23.so
7fe7730b6000-7fe7730ba000 rw-p 00000000 00:00 0 
7fe7730ba000-7fe7730e0000 r-xp 00000000 08:02 13633614                   /lib/x86_64-linux-gnu/ld-2.23.so
7fe7730e0000-7fe7730ee000 r--s 00096000 08:02 11143371                   /home/fry/workspace/OWLAPI/libs/guice-4.0.jar
7fe7730ee000-7fe7731b9000 rw-p 00000000 00:00 0 
7fe7731b9000-7fe7731bc000 ---p 00000000 00:00 0 
7fe7731bc000-7fe7732be000 rw-p 00000000 00:00 0 
7fe7732be000-7fe7732c0000 r--s 00008000 08:02 11143377                   /home/fry/workspace/OWLAPI/libs/jackson-annotations-2.5.1.jar
7fe7732c0000-7fe7732c3000 r--s 0001a000 08:02 11143375                   /home/fry/workspace/OWLAPI/libs/httpclient-cache-4.2.5.jar
7fe7732c3000-7fe7732c5000 r--s 00012000 08:02 11143373                   /home/fry/workspace/OWLAPI/libs/guice-multibindings-4.0.jar
7fe7732c5000-7fe7732c7000 r--s 00009000 08:02 11143372                   /home/fry/workspace/OWLAPI/libs/guice-assistedinject-4.0.jar
7fe7732c7000-7fe7732cb000 r--s 0002a000 08:02 11143369                   /home/fry/workspace/OWLAPI/libs/commons-io-2.4.jar
7fe7732cb000-7fe7732d1000 r--s 00033000 08:02 11143368                   /home/fry/workspace/OWLAPI/libs/commons-codec-1.6.jar
7fe7732d1000-7fe7732d3000 r--s 00000000 08:02 11143367                   /home/fry/workspace/OWLAPI/libs/aopalliance-1.0.jar
7fe7732d3000-7fe7732db000 rw-s 00000000 08:02 11013110                   /tmp/hsperfdata_fry/24565
7fe7732db000-7fe7732dc000 rw-p 00000000 00:00 0 
7fe7732dc000-7fe7732dd000 ---p 00000000 00:00 0 
7fe7732dd000-7fe7732df000 rw-p 00000000 00:00 0 
7fe7732df000-7fe7732e0000 r--p 00025000 08:02 13633614                   /lib/x86_64-linux-gnu/ld-2.23.so
7fe7732e0000-7fe7732e1000 rw-p 00026000 08:02 13633614                   /lib/x86_64-linux-gnu/ld-2.23.so
7fe7732e1000-7fe7732e2000 rw-p 00000000 00:00 0 
7ffda082b000-7ffda084d000 rw-p 00000000 00:00 0                          [stack]
7ffda0978000-7ffda097a000 r--p 00000000 00:00 0                          [vvar]
7ffda097a000-7ffda097c000 r-xp 00000000 00:00 0                          [vdso]
ffffffffff600000-ffffffffff601000 r-xp 00000000 00:00 0                  [vsyscall]

VM Arguments:
jvm_args: -Dmaven.multiModuleProjectDirectory=$M2_HOME -Dfile.encoding=UTF-8 
java_command: workOwl.AddCEPT
java_class_path (initial): /home/fry/workspace/OWLAPI/bin:/home/fry/workspace/OWLAPI/libs/aopalliance-1.0.jar:/home/fry/workspace/OWLAPI/libs/commons-codec-1.6.jar:/home/fry/workspace/OWLAPI/libs/commons-io-2.4.jar:/home/fry/workspace/OWLAPI/libs/guava-18.0.jar:/home/fry/workspace/OWLAPI/libs/guice-4.0.jar:/home/fry/workspace/OWLAPI/libs/guice-assistedinject-4.0.jar:/home/fry/workspace/OWLAPI/libs/guice-multibindings-4.0.jar:/home/fry/workspace/OWLAPI/libs/httpclient-4.2.5.jar:/home/fry/workspace/OWLAPI/libs/httpclient-cache-4.2.5.jar:/home/fry/workspace/OWLAPI/libs/httpcore-4.2.4.jar:/home/fry/workspace/OWLAPI/libs/jackson-annotations-2.5.1.jar:/home/fry/workspace/OWLAPI/libs/jackson-core-2.5.1.jar:/home/fry/workspace/OWLAPI/libs/jackson-databind-2.5.1.jar:/home/fry/workspace/OWLAPI/libs/javax.inject-1.jar:/home/fry/workspace/OWLAPI/libs/jcl-over-slf4j-1.7.7.jar:/home/fry/workspace/OWLAPI/libs/jsonld-java-0.5.0.jar:/home/fry/workspace/OWLAPI/libs/jsonld-java-sesame-0.5.0.jar:/home/fry/workspace/OWLAPI/libs/jsr305-2.0.1.jar:/home/fry/workspace/OWLAPI/libs/org.apache.commons.io-2.4.jar:/home/fry/workspace/OWLAPI/libs/owlapi-distribution-4.1.4.jar:/home/fry/workspace/OWLAPI/libs/semargl-core-0.6.1.jar:/home/fry/workspace/OWLAPI/libs/semargl-rdf-0.6.1.jar:/home/fry/workspace/OWLAPI/libs/semargl-rdfa-0.6.1.jar:/home/fry/workspace/OWLAPI/libs/semargl-sesame-0.6.1.jar:/home/fry/workspace/OWLAPI/libs/sesame-model-2.7.12.jar:/home/fry/workspace/OWLAPI/libs/sesame-rio-api-2.7.12.jar:/home/fry/workspace/OWLAPI/libs/sesame-rio-binary-2.7.12.jar:/home/fry/workspace/OWLAPI/libs/sesame-rio-datatypes-2.7.12.jar:/home/fry/workspace/OWLAPI/libs/sesame-rio-languages-2.7.12.jar:/home/fry/workspace/OWLAPI/libs/sesame-rio-n3-2.7.12.jar:/home/fry/workspace/OWLAPI/libs/sesame-rio-nquads-2.7.12.jar:/home/fry/workspace/OWLAPI/libs/sesame-rio-ntriples-2.7.12.jar:/home/fry/workspace/OWLAPI/libs/sesame-rio-rdfjson-2.7.12.jar:/home/fry/workspace/OWLAPI/libs/sesame-rio-rdfxml-2.7.12.jar:/home/
Launcher Type: SUN_STANDARD

Environment Variables:
JAVA_HOME=/opt/jdk1.8.0_101
JRE_HOME=/opt/jdk1.8.0_101/jre
CLASSPATH=.:/opt/jdk1.8.0_101/lib:/opt/jdk1.8.0_101/jre/lib
PATH=/usr/local/sbin:/usr/local/bin:/usr/sbin:/usr/bin:/sbin:/bin:/usr/games:/usr/local/games:/snap/bin:/opt/jdk1.8.0_101/bin:/opt/jdk1.8.0_101/jre/bin:/home/fry/workspace/apache-maven-3.3.9/bin:/opt/jdk1.8.0_101/bin:/opt/jdk1.8.0_101/jre/bin
LD_LIBRARY_PATH=:/opt/jdk1.8.0_101/jre/lib
SHELL=/bin/bash
DISPLAY=:0

Signal Handlers:
SIGSEGV: [libjvm.so+0xac4790], sa_mask[0]=11111111011111111101111111111110, sa_flags=SA_RESTART|SA_SIGINFO
SIGBUS: [libjvm.so+0xac4790], sa_mask[0]=11111111011111111101111111111110, sa_flags=SA_RESTART|SA_SIGINFO
SIGFPE: [libjvm.so+0x91f140], sa_mask[0]=11111111011111111101111111111110, sa_flags=SA_RESTART|SA_SIGINFO
SIGPIPE: [libjvm.so+0x91f140], sa_mask[0]=11111111011111111101111111111110, sa_flags=SA_RESTART|SA_SIGINFO
SIGXFSZ: [libjvm.so+0x91f140], sa_mask[0]=11111111011111111101111111111110, sa_flags=SA_RESTART|SA_SIGINFO
SIGILL: [libjvm.so+0x91f140], sa_mask[0]=11111111011111111101111111111110, sa_flags=SA_RESTART|SA_SIGINFO
SIGUSR1: SIG_DFL, sa_mask[0]=00000000000000000000000000000000, sa_flags=none
SIGUSR2: [libjvm.so+0x920770], sa_mask[0]=00100000000000000000000000000000, sa_flags=SA_RESTART|SA_SIGINFO
SIGHUP: [libjvm.so+0x921b70], sa_mask[0]=11111111011111111101111111111110, sa_flags=SA_RESTART|SA_SIGINFO
SIGINT: [libjvm.so+0x921b70], sa_mask[0]=11111111011111111101111111111110, sa_flags=SA_RESTART|SA_SIGINFO
SIGTERM: [libjvm.so+0x921b70], sa_mask[0]=11111111011111111101111111111110, sa_flags=SA_RESTART|SA_SIGINFO
SIGQUIT: [libjvm.so+0x921b70], sa_mask[0]=11111111011111111101111111111110, sa_flags=SA_RESTART|SA_SIGINFO


---------------  S Y S T E M  ---------------

OS:DISTRIB_ID=Ubuntu
DISTRIB_RELEASE=16.04
DISTRIB_CODENAME=xenial
DISTRIB_DESCRIPTION="Ubuntu 16.04.1 LTS"

uname:Linux 4.4.0-59-generic #80-Ubuntu SMP Fri Jan 6 17:47:47 UTC 2017 x86_64
libc:glibc 2.23 NPTL 2.23 
rlimit: STACK 8192k, CORE 0k, NPROC 31054, NOFILE 65536, AS infinity
load average:4.46 1.88 1.20

/proc/meminfo:
MemTotal:        8096088 kB
MemFree:          124648 kB
MemAvailable:      22280 kB
Buffers:             612 kB
Cached:            39400 kB
SwapCached:        46204 kB
Active:          2308752 kB
Inactive:         796700 kB
Active(anon):    2308136 kB
Inactive(anon):   769200 kB
Active(file):        616 kB
Inactive(file):    27500 kB
Unevictable:          68 kB
Mlocked:              68 kB
SwapTotal:       8308732 kB
SwapFree:              8 kB
Dirty:               256 kB
Writeback:             0 kB
AnonPages:       3020444 kB
Mapped:          4600672 kB
Shmem:             11204 kB
Slab:             123832 kB
SReclaimable:      36940 kB
SUnreclaim:        86892 kB
KernelStack:       17040 kB
PageTables:        72416 kB
NFS_Unstable:          0 kB
Bounce:                0 kB
WritebackTmp:          0 kB
CommitLimit:    12356776 kB
Committed_AS:   24507904 kB
VmallocTotal:   34359738367 kB
VmallocUsed:           0 kB
VmallocChunk:          0 kB
HardwareCorrupted:     0 kB
AnonHugePages:    538624 kB
CmaTotal:              0 kB
CmaFree:               0 kB
HugePages_Total:       0
HugePages_Free:        0
HugePages_Rsvd:        0
HugePages_Surp:        0
Hugepagesize:       2048 kB
DirectMap4k:      516932 kB
DirectMap2M:     5695488 kB
DirectMap1G:     3145728 kB


CPU:total 4 (4 cores per cpu, 1 threads per core) family 6 model 94 stepping 3, cmov, cx8, fxsr, mmx, sse, sse2, sse3, ssse3, sse4.1, sse4.2, popcnt, avx, avx2, aes, clmul, erms, rtm, 3dnowpref, lzcnt, tsc, tscinvbit, bmi1, bmi2, adx

/proc/cpuinfo:
processor	: 0
vendor_id	: GenuineIntel
cpu family	: 6
model		: 94
model name	: Intel(R) Core(TM) i5-6500 CPU @ 3.20GHz
stepping	: 3
microcode	: 0x74
cpu MHz		: 2438.125
cache size	: 6144 KB
physical id	: 0
siblings	: 4
core id		: 0
cpu cores	: 4
apicid		: 0
initial apicid	: 0
fpu		: yes
fpu_exception	: yes
cpuid level	: 22
wp		: yes
flags		: fpu vme de pse tsc msr pae mce cx8 apic sep mtrr pge mca cmov pat pse36 clflush dts acpi mmx fxsr sse sse2 ss ht tm pbe syscall nx pdpe1gb rdtscp lm constant_tsc art arch_perfmon pebs bts rep_good nopl xtopology nonstop_tsc aperfmperf eagerfpu pni pclmulqdq dtes64 monitor ds_cpl vmx smx est tm2 ssse3 sdbg fma cx16 xtpr pdcm pcid sse4_1 sse4_2 x2apic movbe popcnt tsc_deadline_timer aes xsave avx f16c rdrand lahf_lm abm 3dnowprefetch epb intel_pt tpr_shadow vnmi flexpriority ept vpid fsgsbase tsc_adjust bmi1 hle avx2 smep bmi2 erms invpcid rtm mpx rdseed adx smap clflushopt xsaveopt xsavec xgetbv1 dtherm ida arat pln pts hwp hwp_notify hwp_act_window hwp_epp
bugs		:
bogomips	: 6383.87
clflush size	: 64
cache_alignment	: 64
address sizes	: 39 bits physical, 48 bits virtual
power management:

processor	: 1
vendor_id	: GenuineIntel
cpu family	: 6
model		: 94
model name	: Intel(R) Core(TM) i5-6500 CPU @ 3.20GHz
stepping	: 3
microcode	: 0x74
cpu MHz		: 2952.125
cache size	: 6144 KB
physical id	: 0
siblings	: 4
core id		: 1
cpu cores	: 4
apicid		: 2
initial apicid	: 2
fpu		: yes
fpu_exception	: yes
cpuid level	: 22
wp		: yes
flags		: fpu vme de pse tsc msr pae mce cx8 apic sep mtrr pge mca cmov pat pse36 clflush dts acpi mmx fxsr sse sse2 ss ht tm pbe syscall nx pdpe1gb rdtscp lm constant_tsc art arch_perfmon pebs bts rep_good nopl xtopology nonstop_tsc aperfmperf eagerfpu pni pclmulqdq dtes64 monitor ds_cpl vmx smx est tm2 ssse3 sdbg fma cx16 xtpr pdcm pcid sse4_1 sse4_2 x2apic movbe popcnt tsc_deadline_timer aes xsave avx f16c rdrand lahf_lm abm 3dnowprefetch epb intel_pt tpr_shadow vnmi flexpriority ept vpid fsgsbase tsc_adjust bmi1 hle avx2 smep bmi2 erms invpcid rtm mpx rdseed adx smap clflushopt xsaveopt xsavec xgetbv1 dtherm ida arat pln pts hwp hwp_notify hwp_act_window hwp_epp
bugs		:
bogomips	: 6383.87
clflush size	: 64
cache_alignment	: 64
address sizes	: 39 bits physical, 48 bits virtual
power management:

processor	: 2
vendor_id	: GenuineIntel
cpu family	: 6
model		: 94
model name	: Intel(R) Core(TM) i5-6500 CPU @ 3.20GHz
stepping	: 3
microcode	: 0x74
cpu MHz		: 3120.375
cache size	: 6144 KB
physical id	: 0
siblings	: 4
core id		: 2
cpu cores	: 4
apicid		: 4
initial apicid	: 4
fpu		: yes
fpu_exception	: yes
cpuid level	: 22
wp		: yes
flags		: fpu vme de pse tsc msr pae mce cx8 apic sep mtrr pge mca cmov pat pse36 clflush dts acpi mmx fxsr sse sse2 ss ht tm pbe syscall nx pdpe1gb rdtscp lm constant_tsc art arch_perfmon pebs bts rep_good nopl xtopology nonstop_tsc aperfmperf eagerfpu pni pclmulqdq dtes64 monitor ds_cpl vmx smx est tm2 ssse3 sdbg fma cx16 xtpr pdcm pcid sse4_1 sse4_2 x2apic movbe popcnt tsc_deadline_timer aes xsave avx f16c rdrand lahf_lm abm 3dnowprefetch epb intel_pt tpr_shadow vnmi flexpriority ept vpid fsgsbase tsc_adjust bmi1 hle avx2 smep bmi2 erms invpcid rtm mpx rdseed adx smap clflushopt xsaveopt xsavec xgetbv1 dtherm ida arat pln pts hwp hwp_notify hwp_act_window hwp_epp
bugs		:
bogomips	: 6383.87
clflush size	: 64
cache_alignment	: 64
address sizes	: 39 bits physical, 48 bits virtual
power management:

processor	: 3
vendor_id	: GenuineIntel
cpu family	: 6
model		: 94
model name	: Intel(R) Core(TM) i5-6500 CPU @ 3.20GHz
stepping	: 3
microcode	: 0x74
cpu MHz		: 3066.500
cache size	: 6144 KB
physical id	: 0
siblings	: 4
core id		: 3
cpu cores	: 4
apicid		: 6
initial apicid	: 6
fpu		: yes
fpu_exception	: yes
cpuid level	: 22
wp		: yes
flags		: fpu vme de pse tsc msr pae mce cx8 apic sep mtrr pge mca cmov pat pse36 clflush dts acpi mmx fxsr sse sse2 ss ht tm pbe syscall nx pdpe1gb rdtscp lm constant_tsc art arch_perfmon pebs bts rep_good nopl xtopology nonstop_tsc aperfmperf eagerfpu pni pclmulqdq dtes64 monitor ds_cpl vmx smx est tm2 ssse3 sdbg fma cx16 xtpr pdcm pcid sse4_1 sse4_2 x2apic movbe popcnt tsc_deadline_timer aes xsave avx f16c rdrand lahf_lm abm 3dnowprefetch epb intel_pt tpr_shadow vnmi flexpriority ept vpid fsgsbase tsc_adjust bmi1 hle avx2 smep bmi2 erms invpcid rtm mpx rdseed adx smap clflushopt xsaveopt xsavec xgetbv1 dtherm ida arat pln pts hwp hwp_notify hwp_act_window hwp_epp
bugs		:
bogomips	: 6383.87
clflush size	: 64
cache_alignment	: 64
address sizes	: 39 bits physical, 48 bits virtual
power management:



Memory: 4k page, physical 8096088k(124648k free), swap 8308732k(8k free)

vm_info: Java HotSpot(TM) 64-Bit Server VM (25.101-b13) for linux-amd64 JRE (1.8.0_101-b13), built on Jun 22 2016 02:59:44 by "java_re" with gcc 4.3.0 20080428 (Red Hat 4.3.0-8)

time: Thu Feb 16 18:52:56 2017
elapsed time: 3 seconds (0d 0h 0m 3s)

