#
# There is insufficient memory for the Java Runtime Environment to continue.
# Native memory allocation (mmap) failed to map 182452224 bytes for committing reserved memory.
# Possible reasons:
#   The system is out of physical RAM or swap space
#   In 32 bit mode, the process size limit was hit
# Possible solutions:
#   Reduce memory load on the system
#   Increase physical memory or swap space
#   Check if swap backing store is full
#   Use 64 bit Java on a 64 bit OS
#   Decrease Java heap size (-Xmx/-Xms)
#   Decrease number of Java threads
#   Decrease Java thread stack sizes (-Xss)
#   Set larger code cache with -XX:ReservedCodeCacheSize=
# This output file may be truncated or incomplete.
#
#  Out of Memory Error (os_linux.cpp:2627), pid=24474, tid=0x00007f31e38f8700
#
# JRE version: Java(TM) SE Runtime Environment (8.0_101-b13) (build 1.8.0_101-b13)
# Java VM: Java HotSpot(TM) 64-Bit Server VM (25.101-b13 mixed mode linux-amd64 compressed oops)
# Failed to write core dump. Core dumps have been disabled. To enable core dumping, try "ulimit -c unlimited" before starting Java again
#

---------------  T H R E A D  ---------------

Current thread (0x00007f3200078800):  VMThread [stack: 0x00007f31e37f8000,0x00007f31e38f9000] [id=24486]

Stack: [0x00007f31e37f8000,0x00007f31e38f9000],  sp=0x00007f31e38f7020,  free space=1020k
Native frames: (J=compiled Java code, j=interpreted, Vv=VM code, C=native code)
V  [libjvm.so+0xac3f0a]  VMError::report_and_die()+0x2ba
V  [libjvm.so+0x4fbf9b]  report_vm_out_of_memory(char const*, int, unsigned long, VMErrorType, char const*)+0x8b
V  [libjvm.so+0x9222d3]  os::Linux::commit_memory_impl(char*, unsigned long, bool)+0x103
V  [libjvm.so+0x922829]  os::pd_commit_memory(char*, unsigned long, unsigned long, bool)+0x29
V  [libjvm.so+0x91cb2a]  os::commit_memory(char*, unsigned long, unsigned long, bool)+0x2a
V  [libjvm.so+0x991053]  PSVirtualSpace::expand_by(unsigned long)+0x53
V  [libjvm.so+0x992458]  PSYoungGen::resize_generation(unsigned long, unsigned long)+0xf8
V  [libjvm.so+0x9915b2]  PSYoungGen::resize(unsigned long, unsigned long)+0x22
V  [libjvm.so+0x98e88b]  PSScavenge::invoke_no_policy()+0xf3b
V  [libjvm.so+0x98f011]  PSScavenge::invoke()+0x41
V  [libjvm.so+0x945fc0]  ParallelScavengeHeap::failed_mem_allocate(unsigned long)+0x70
V  [libjvm.so+0xac5927]  VM_ParallelGCFailedAllocation::doit()+0x97
V  [libjvm.so+0xacd405]  VM_Operation::evaluate()+0x55
V  [libjvm.so+0xacb7da]  VMThread::evaluate_operation(VM_Operation*)+0xba
V  [libjvm.so+0xacbb5e]  VMThread::loop()+0x1ce
V  [libjvm.so+0xacbfd0]  VMThread::run()+0x70
V  [libjvm.so+0x924698]  java_start(Thread*)+0x108

VM_Operation (0x00007f32083206c0): ParallelGCFailedAllocation, mode: safepoint, requested by thread 0x00007f320000b000


---------------  P R O C E S S  ---------------

Java Threads: ( => current thread )
  0x00007f32000c2000 JavaThread "Service Thread" daemon [_thread_blocked, id=24493, stack(0x00007f31e2c66000,0x00007f31e2d67000)]
  0x00007f32000bf000 JavaThread "C1 CompilerThread2" daemon [_thread_blocked, id=24492, stack(0x00007f31e2d67000,0x00007f31e2e68000)]
  0x00007f32000bd000 JavaThread "C2 CompilerThread1" daemon [_thread_blocked, id=24491, stack(0x00007f31e2e68000,0x00007f31e2f69000)]
  0x00007f32000ba000 JavaThread "C2 CompilerThread0" daemon [_thread_in_native, id=24490, stack(0x00007f31e2f69000,0x00007f31e306a000)]
  0x00007f32000b8800 JavaThread "Signal Dispatcher" daemon [_thread_blocked, id=24489, stack(0x00007f31e306a000,0x00007f31e316b000)]
  0x00007f3200085000 JavaThread "Finalizer" daemon [_thread_blocked, id=24488, stack(0x00007f31e35f6000,0x00007f31e36f7000)]
  0x00007f3200080800 JavaThread "Reference Handler" daemon [_thread_blocked, id=24487, stack(0x00007f31e36f7000,0x00007f31e37f8000)]
  0x00007f320000b000 JavaThread "main" [_thread_blocked, id=24476, stack(0x00007f3208222000,0x00007f3208323000)]

Other Threads:
=>0x00007f3200078800 VMThread [stack: 0x00007f31e37f8000,0x00007f31e38f9000] [id=24486]
  0x00007f32000c5000 WatcherThread [stack: 0x00007f31e2b65000,0x00007f31e2c66000] [id=24494]

VM state:at safepoint (normal execution)

VM Mutex/Monitor currently owned by a thread:  ([mutex/lock_event])
[0x00007f3200007130] Threads_lock - owner thread: 0x00007f3200078800
[0x00007f3200007630] Heap_lock - owner thread: 0x00007f320000b000

Heap:
 PSYoungGen      total 132096K, used 5100K [0x00000000d6d00000, 0x00000000df300000, 0x0000000100000000)
  eden space 126976K, 0% used [0x00000000d6d00000,0x00000000d6d00000,0x00000000de900000)
  from space 5120K, 99% used [0x00000000de900000,0x00000000dedfb340,0x00000000dee00000)
  to   space 5120K, 0% used [0x00000000dee00000,0x00000000dee00000,0x00000000df300000)
 ParOldGen       total 84992K, used 49824K [0x0000000084600000, 0x0000000089900000, 0x00000000d6d00000)
  object space 84992K, 58% used [0x0000000084600000,0x00000000876a8110,0x0000000089900000)
 Metaspace       used 17087K, capacity 17206K, committed 17408K, reserved 1064960K
  class space    used 2222K, capacity 2259K, committed 2304K, reserved 1048576K

Card table byte_map: [0x00007f3204bf0000,0x00007f3204fce000] byte_map_base: 0x00007f32047cd000

Marking Bits: (ParMarkBitMap*) 0x00007f32076f6120
 Begin Bits: [0x00007f31e8230000, 0x00007f31ea118000)
 End Bits:   [0x00007f31ea118000, 0x00007f31ec000000)

Polling page: 0x00007f3208345000

CodeCache: size=245760Kb used=7986Kb max_used=7986Kb free=237773Kb
 bounds [0x00007f31f1000000, 0x00007f31f17e0000, 0x00007f3200000000]
 total_blobs=2656 nmethods=2299 adapters=270
 compilation: enabled

Compilation events (10 events):
Event: 4.210 Thread 0x00007f32000bf000 2362       2       org.semanticweb.owlapi.rdf.rdfxml.parser.Translators$AbstractClassExpressionTranslator::isAnonymous (9 bytes)
Event: 4.210 Thread 0x00007f32000bf000 nmethod 2362 0x00007f31f17cfc10 code [0x00007f31f17cfd80, 0x00007f31f17cff08]
Event: 4.211 Thread 0x00007f32000bf000 2363       2       org.semanticweb.owlapi.rdf.rdfxml.parser.Translators$NamedClassTranslator::translate (6 bytes)
Event: 4.211 Thread 0x00007f32000bf000 nmethod 2363 0x00007f31f17cffd0 code [0x00007f31f17d0140, 0x00007f31f17d02c8]
Event: 4.211 Thread 0x00007f32000bf000 2364       2       org.semanticweb.owlapi.rdf.rdfxml.parser.Translators$NamedClassTranslator::translate (9 bytes)
Event: 4.211 Thread 0x00007f32000bf000 nmethod 2364 0x00007f31f17d03d0 code [0x00007f31f17d0540, 0x00007f31f17d06c8]
Event: 4.211 Thread 0x00007f32000bf000 2365       2       org.semanticweb.owlapi.rdf.rdfxml.parser.OWLRDFConsumer::getOWLClass (11 bytes)
Event: 4.211 Thread 0x00007f32000bf000 nmethod 2365 0x00007f31f17d07d0 code [0x00007f31f17d0940, 0x00007f31f17d0ac8]
Event: 4.212 Thread 0x00007f32000bf000 2366       2       org.semanticweb.owlapi.rdf.rdfxml.parser.TripleHandlers$TypeClassHandler::handleTriple (56 bytes)
Event: 4.213 Thread 0x00007f32000bf000 nmethod 2366 0x00007f31f17d0b50 code [0x00007f31f17d0da0, 0x00007f31f17d1488]

GC Heap History (9 events):
Event: 0.764 GC heap before
{Heap before GC invocations=1 (full 0):
 PSYoungGen      total 36864K, used 31744K [0x00000000d6d00000, 0x00000000d9600000, 0x0000000100000000)
  eden space 31744K, 100% used [0x00000000d6d00000,0x00000000d8c00000,0x00000000d8c00000)
  from space 5120K, 0% used [0x00000000d9100000,0x00000000d9100000,0x00000000d9600000)
  to   space 5120K, 0% used [0x00000000d8c00000,0x00000000d8c00000,0x00000000d9100000)
 ParOldGen       total 84992K, used 0K [0x0000000084600000, 0x0000000089900000, 0x00000000d6d00000)
  object space 84992K, 0% used [0x0000000084600000,0x0000000084600000,0x0000000089900000)
 Metaspace       used 8254K, capacity 8620K, committed 8960K, reserved 1056768K
  class space    used 1144K, capacity 1170K, committed 1280K, reserved 1048576K
Event: 0.774 GC heap after
Heap after GC invocations=1 (full 0):
 PSYoungGen      total 36864K, used 5107K [0x00000000d6d00000, 0x00000000db500000, 0x0000000100000000)
  eden space 31744K, 0% used [0x00000000d6d00000,0x00000000d6d00000,0x00000000d8c00000)
  from space 5120K, 99% used [0x00000000d8c00000,0x00000000d90fcde8,0x00000000d9100000)
  to   space 5120K, 0% used [0x00000000db000000,0x00000000db000000,0x00000000db500000)
 ParOldGen       total 84992K, used 914K [0x0000000084600000, 0x0000000089900000, 0x00000000d6d00000)
  object space 84992K, 1% used [0x0000000084600000,0x00000000846e4800,0x0000000089900000)
 Metaspace       used 8254K, capacity 8620K, committed 8960K, reserved 1056768K
  class space    used 1144K, capacity 1170K, committed 1280K, reserved 1048576K
}
Event: 1.269 GC heap before
{Heap before GC invocations=2 (full 0):
 PSYoungGen      total 36864K, used 36851K [0x00000000d6d00000, 0x00000000db500000, 0x0000000100000000)
  eden space 31744K, 100% used [0x00000000d6d00000,0x00000000d8c00000,0x00000000d8c00000)
  from space 5120K, 99% used [0x00000000d8c00000,0x00000000d90fcde8,0x00000000d9100000)
  to   space 5120K, 0% used [0x00000000db000000,0x00000000db000000,0x00000000db500000)
 ParOldGen       total 84992K, used 914K [0x0000000084600000, 0x0000000089900000, 0x00000000d6d00000)
  object space 84992K, 1% used [0x0000000084600000,0x00000000846e4800,0x0000000089900000)
 Metaspace       used 12198K, capacity 12246K, committed 12416K, reserved 1060864K
  class space    used 1642K, capacity 1651K, committed 1664K, reserved 1048576K
Event: 1.280 GC heap after
Heap after GC invocations=2 (full 0):
 PSYoungGen      total 68608K, used 5093K [0x00000000d6d00000, 0x00000000db500000, 0x0000000100000000)
  eden space 63488K, 0% used [0x00000000d6d00000,0x00000000d6d00000,0x00000000dab00000)
  from space 5120K, 99% used [0x00000000db000000,0x00000000db4f9640,0x00000000db500000)
  to   space 5120K, 0% used [0x00000000dab00000,0x00000000dab00000,0x00000000db000000)
 ParOldGen       total 84992K, used 3021K [0x0000000084600000, 0x0000000089900000, 0x00000000d6d00000)
  object space 84992K, 3% used [0x0000000084600000,0x00000000848f3458,0x0000000089900000)
 Metaspace       used 12198K, capacity 12246K, committed 12416K, reserved 1060864K
  class space    used 1642K, capacity 1651K, committed 1664K, reserved 1048576K
}
Event: 1.832 GC heap before
{Heap before GC invocations=3 (full 0):
 PSYoungGen      total 68608K, used 68581K [0x00000000d6d00000, 0x00000000db500000, 0x0000000100000000)
  eden space 63488K, 100% used [0x00000000d6d00000,0x00000000dab00000,0x00000000dab00000)
  from space 5120K, 99% used [0x00000000db000000,0x00000000db4f9640,0x00000000db500000)
  to   space 5120K, 0% used [0x00000000dab00000,0x00000000dab00000,0x00000000db000000)
 ParOldGen       total 84992K, used 3021K [0x0000000084600000, 0x0000000089900000, 0x00000000d6d00000)
  object space 84992K, 3% used [0x0000000084600000,0x00000000848f3458,0x0000000089900000)
 Metaspace       used 12336K, capacity 12470K, committed 12800K, reserved 1060864K
  class space    used 1645K, capacity 1683K, committed 1792K, reserved 1048576K
Event: 1.872 GC heap after
Heap after GC invocations=3 (full 0):
 PSYoungGen      total 68608K, used 5111K [0x00000000d6d00000, 0x00000000df300000, 0x0000000100000000)
  eden space 63488K, 0% used [0x00000000d6d00000,0x00000000d6d00000,0x00000000dab00000)
  from space 5120K, 99% used [0x00000000dab00000,0x00000000daffdf20,0x00000000db000000)
  to   space 5120K, 0% used [0x00000000dee00000,0x00000000dee00000,0x00000000df300000)
 ParOldGen       total 84992K, used 14261K [0x0000000084600000, 0x0000000089900000, 0x00000000d6d00000)
  object space 84992K, 16% used [0x0000000084600000,0x00000000853ed638,0x0000000089900000)
 Metaspace       used 12336K, capacity 12470K, committed 12800K, reserved 1060864K
  class space    used 1645K, capacity 1683K, committed 1792K, reserved 1048576K
}
Event: 2.351 GC heap before
{Heap before GC invocations=4 (full 0):
 PSYoungGen      total 68608K, used 68599K [0x00000000d6d00000, 0x00000000df300000, 0x0000000100000000)
  eden space 63488K, 100% used [0x00000000d6d00000,0x00000000dab00000,0x00000000dab00000)
  from space 5120K, 99% used [0x00000000dab00000,0x00000000daffdf20,0x00000000db000000)
  to   space 5120K, 0% used [0x00000000dee00000,0x00000000dee00000,0x00000000df300000)
 ParOldGen       total 84992K, used 14261K [0x0000000084600000, 0x0000000089900000, 0x00000000d6d00000)
  object space 84992K, 16% used [0x0000000084600000,0x00000000853ed638,0x0000000089900000)
 Metaspace       used 12341K, capacity 12470K, committed 12800K, reserved 1060864K
  class space    used 1645K, capacity 1683K, committed 1792K, reserved 1048576K
Event: 2.431 GC heap after
Heap after GC invocations=4 (full 0):
 PSYoungGen      total 132096K, used 5104K [0x00000000d6d00000, 0x00000000df300000, 0x0000000100000000)
  eden space 126976K, 0% used [0x00000000d6d00000,0x00000000d6d00000,0x00000000de900000)
  from space 5120K, 99% used [0x00000000dee00000,0x00000000df2fc358,0x00000000df300000)
  to   space 5120K, 0% used [0x00000000de900000,0x00000000de900000,0x00000000dee00000)
 ParOldGen       total 84992K, used 26811K [0x0000000084600000, 0x0000000089900000, 0x00000000d6d00000)
  object space 84992K, 31% used [0x0000000084600000,0x000000008602ee38,0x0000000089900000)
 Metaspace       used 12341K, capacity 12470K, committed 12800K, reserved 1060864K
  class space    used 1645K, capacity 1683K, committed 1792K, reserved 1048576K
}
Event: 4.217 GC heap before
{Heap before GC invocations=5 (full 0):
 PSYoungGen      total 132096K, used 132080K [0x00000000d6d00000, 0x00000000df300000, 0x0000000100000000)
  eden space 126976K, 100% used [0x00000000d6d00000,0x00000000de900000,0x00000000de900000)
  from space 5120K, 99% used [0x00000000dee00000,0x00000000df2fc358,0x00000000df300000)
  to   space 5120K, 0% used [0x00000000de900000,0x00000000de900000,0x00000000dee00000)
 ParOldGen       total 84992K, used 26811K [0x0000000084600000, 0x0000000089900000, 0x00000000d6d00000)
  object space 84992K, 31% used [0x0000000084600000,0x000000008602ee38,0x0000000089900000)
 Metaspace       used 17087K, capacity 17206K, committed 17408K, reserved 1064960K
  class space    used 2222K, capacity 2259K, committed 2304K, reserved 1048576K

Deoptimization events (10 events):
Event: 3.871 Thread 0x00007f320000b000 Uncommon trap: reason=class_check action=maybe_recompile pc=0x00007f31f17046e8 method=org.semanticweb.owlapi.rdf.rdfxml.parser.OWLRDFConsumer.isAnonymousNode(Lorg/semanticweb/owlapi/model/IRI;)Z @ 5
Event: 3.872 Thread 0x00007f320000b000 Uncommon trap: reason=class_check action=maybe_recompile pc=0x00007f31f15d3d9c method=org.semanticweb.owlapi.rdf.rdfxml.parser.OWLRDFConsumer.remapOnlyIfRemapped(Ljava/lang/String;)Ljava/lang/String; @ 5
Event: 3.872 Thread 0x00007f320000b000 Uncommon trap: reason=class_check action=maybe_recompile pc=0x00007f31f17046e8 method=org.semanticweb.owlapi.rdf.rdfxml.parser.OWLRDFConsumer.isAnonymousNode(Lorg/semanticweb/owlapi/model/IRI;)Z @ 5
Event: 3.872 Thread 0x00007f320000b000 Uncommon trap: reason=class_check action=maybe_recompile pc=0x00007f31f15d3d9c method=org.semanticweb.owlapi.rdf.rdfxml.parser.OWLRDFConsumer.remapOnlyIfRemapped(Ljava/lang/String;)Ljava/lang/String; @ 5
Event: 3.872 Thread 0x00007f320000b000 Uncommon trap: reason=class_check action=maybe_recompile pc=0x00007f31f17046e8 method=org.semanticweb.owlapi.rdf.rdfxml.parser.OWLRDFConsumer.isAnonymousNode(Lorg/semanticweb/owlapi/model/IRI;)Z @ 5
Event: 3.877 Thread 0x00007f320000b000 Uncommon trap: reason=unstable_if action=reinterpret pc=0x00007f31f1611eb0 method=com.sun.org.apache.xerces.internal.util.XMLStringBuffer.append([CII)V @ 11
Event: 4.077 Thread 0x00007f320000b000 Uncommon trap: reason=class_check action=maybe_recompile pc=0x00007f31f161f7ac method=com.sun.org.apache.xerces.internal.parsers.AbstractSAXParser.characters(Lcom/sun/org/apache/xerces/internal/xni/XMLString;Lcom/sun/org/apache/xerces/internal/xni/Augment
Event: 4.107 Thread 0x00007f320000b000 Uncommon trap: reason=class_check action=maybe_recompile pc=0x00007f31f15d3d9c method=org.semanticweb.owlapi.rdf.rdfxml.parser.OWLRDFConsumer.remapOnlyIfRemapped(Ljava/lang/String;)Ljava/lang/String; @ 5
Event: 4.107 Thread 0x00007f320000b000 Uncommon trap: reason=class_check action=maybe_recompile pc=0x00007f31f17046e8 method=org.semanticweb.owlapi.rdf.rdfxml.parser.OWLRDFConsumer.isAnonymousNode(Lorg/semanticweb/owlapi/model/IRI;)Z @ 5
Event: 4.133 Thread 0x00007f320000b000 Uncommon trap: reason=class_check action=maybe_recompile pc=0x00007f31f1664cd0 method=org.semanticweb.owlapi.rdf.rdfxml.parser.OWLRDFConsumer.isAnonymousNode(Lorg/semanticweb/owlapi/model/IRI;)Z @ 5

Internal exceptions (10 events):
Event: 0.228 Thread 0x00007f320000b000 Exception <a 'java/security/PrivilegedActionException'> (0x00000000d70878e0) thrown at [/HUDSON3/workspace/8-2-build-linux-amd64/jdk8u101/7261/hotspot/src/share/vm/prims/jvm.cpp, line 1386]
Event: 0.228 Thread 0x00007f320000b000 Exception <a 'java/security/PrivilegedActionException'> (0x00000000d7087af0) thrown at [/HUDSON3/workspace/8-2-build-linux-amd64/jdk8u101/7261/hotspot/src/share/vm/prims/jvm.cpp, line 1386]
Event: 0.232 Thread 0x00007f320000b000 Exception <a 'java/lang/NoClassDefFoundError': org/slf4j/impl/StaticLoggerBinder> (0x00000000d7091db8) thrown at [/HUDSON3/workspace/8-2-build-linux-amd64/jdk8u101/7261/hotspot/src/share/vm/classfile/systemDictionary.cpp, line 199]
Event: 0.441 Thread 0x00007f320000b000 Exception <a 'java/lang/ArrayIndexOutOfBoundsException'> (0x00000000d7758fb0) thrown at [/HUDSON3/workspace/8-2-build-linux-amd64/jdk8u101/7261/hotspot/src/share/vm/runtime/sharedRuntime.cpp, line 605]
Event: 0.441 Thread 0x00007f320000b000 Exception <a 'java/lang/ArrayIndexOutOfBoundsException'> (0x00000000d775a2d8) thrown at [/HUDSON3/workspace/8-2-build-linux-amd64/jdk8u101/7261/hotspot/src/share/vm/runtime/sharedRuntime.cpp, line 605]
Event: 0.514 Thread 0x00007f320000b000 Exception <a 'java/lang/ArrayIndexOutOfBoundsException': 234> (0x00000000d7c20530) thrown at [/HUDSON3/workspace/8-2-build-linux-amd64/jdk8u101/7261/hotspot/src/share/vm/interpreter/interpreterRuntime.cpp, line 366]
Event: 1.794 Thread 0x00007f320000b000 Implicit null exception at 0x00007f31f160deef to 0x00007f31f160e721
Event: 1.888 Thread 0x00007f320000b000 Implicit null exception at 0x00007f31f16100e1 to 0x00007f31f1610805
Event: 1.947 Thread 0x00007f320000b000 Implicit null exception at 0x00007f31f1613873 to 0x00007f31f1613f1d
Event: 3.866 Thread 0x00007f320000b000 Implicit null exception at 0x00007f31f1594883 to 0x00007f31f1597fd5

Events (10 events):
Event: 4.128 loading class org/openrdf/model/vocabulary/XMLSchema
Event: 4.128 loading class org/openrdf/model/vocabulary/XMLSchema done
Event: 4.133 Thread 0x00007f320000b000 Uncommon trap: trap_request=0xffffffde fr.pc=0x00007f31f1664cd0
Event: 4.133 Thread 0x00007f320000b000 DEOPT PACKING pc=0x00007f31f1664cd0 sp=0x00007f32083206d0
Event: 4.133 Thread 0x00007f320000b000 DEOPT UNPACKING pc=0x00007f31f1005229 sp=0x00007f3208320580 mode 2
Event: 4.156 Executing VM operation: EnableBiasedLocking
Event: 4.157 Executing VM operation: EnableBiasedLocking done
Event: 4.164 Thread 0x00007f320000b000 DEOPT PACKING pc=0x00007f31f1766ef1 sp=0x00007f3208320a90
Event: 4.164 Thread 0x00007f320000b000 DEOPT UNPACKING pc=0x00007f31f1047633 sp=0x00007f3208320800 mode 0
Event: 4.216 Executing VM operation: ParallelGCFailedAllocation


Dynamic libraries:
00400000-00401000 r-xp 00000000 08:02 13898951                           /opt/jdk1.8.0_101/bin/java
00600000-00601000 rw-p 00000000 08:02 13898951                           /opt/jdk1.8.0_101/bin/java
02585000-025a6000 rw-p 00000000 00:00 0                                  [heap]
84600000-89900000 rw-p 00000000 00:00 0 
89900000-d6d00000 ---p 00000000 00:00 0 
d6d00000-df300000 rw-p 00000000 00:00 0 
ea100000-100000000 ---p 00000000 00:00 0 
100000000-100240000 rw-p 00000000 00:00 0 
100240000-140000000 ---p 00000000 00:00 0 
7f31b4000000-7f31b4021000 rw-p 00000000 00:00 0 
7f31b4021000-7f31b8000000 ---p 00000000 00:00 0 
7f31b8000000-7f31b8021000 rw-p 00000000 00:00 0 
7f31b8021000-7f31bc000000 ---p 00000000 00:00 0 
7f31bc000000-7f31bd5bb000 rw-p 00000000 00:00 0 
7f31bd5bb000-7f31c0000000 ---p 00000000 00:00 0 
7f31c0000000-7f31c0874000 rw-p 00000000 00:00 0 
7f31c0874000-7f31c4000000 ---p 00000000 00:00 0 
7f31c4000000-7f31c4021000 rw-p 00000000 00:00 0 
7f31c4021000-7f31c8000000 ---p 00000000 00:00 0 
7f31c8000000-7f31c934e000 rw-p 00000000 00:00 0 
7f31c934e000-7f31cc000000 ---p 00000000 00:00 0 
7f31cc000000-7f31cc021000 rw-p 00000000 00:00 0 
7f31cc021000-7f31d0000000 ---p 00000000 00:00 0 
7f31d0000000-7f31d0021000 rw-p 00000000 00:00 0 
7f31d0021000-7f31d4000000 ---p 00000000 00:00 0 
7f31d4000000-7f31d4021000 rw-p 00000000 00:00 0 
7f31d4021000-7f31d8000000 ---p 00000000 00:00 0 
7f31d8000000-7f31d8296000 rw-p 00000000 00:00 0 
7f31d8296000-7f31dc000000 ---p 00000000 00:00 0 
7f31dc000000-7f31dc021000 rw-p 00000000 00:00 0 
7f31dc021000-7f31e0000000 ---p 00000000 00:00 0 
7f31e2305000-7f31e23c5000 rw-p 00000000 00:00 0 
7f31e23c5000-7f31e2505000 ---p 00000000 00:00 0 
7f31e2505000-7f31e2705000 rw-p 00000000 00:00 0 
7f31e2705000-7f31e2905000 rw-p 00000000 00:00 0 
7f31e2905000-7f31e2b05000 rw-p 00000000 00:00 0 
7f31e2b05000-7f31e2b2d000 r--s 00241000 08:02 11143406                   /home/fry/workspace/OWLAPI/libs/trove4j-3.0.3.jar
7f31e2b2d000-7f31e2b65000 r--s 0028f000 08:02 11143386                   /home/fry/workspace/OWLAPI/libs/owlapi-distribution-4.1.4.jar
7f31e2b65000-7f31e2b66000 ---p 00000000 00:00 0 
7f31e2b66000-7f31e2c66000 rw-p 00000000 00:00 0 
7f31e2c66000-7f31e2c69000 ---p 00000000 00:00 0 
7f31e2c69000-7f31e2d67000 rw-p 00000000 00:00 0 
7f31e2d67000-7f31e2d6a000 ---p 00000000 00:00 0 
7f31e2d6a000-7f31e2e68000 rw-p 00000000 00:00 0 
7f31e2e68000-7f31e2e6b000 ---p 00000000 00:00 0 
7f31e2e6b000-7f31e2f69000 rw-p 00000000 00:00 0 
7f31e2f69000-7f31e2f6c000 ---p 00000000 00:00 0 
7f31e2f6c000-7f31e306a000 rw-p 00000000 00:00 0 
7f31e306a000-7f31e306d000 ---p 00000000 00:00 0 
7f31e306d000-7f31e316b000 rw-p 00000000 00:00 0 
7f31e316b000-7f31e35f6000 r--p 00000000 08:02 14944583                   /usr/lib/locale/locale-archive
7f31e35f6000-7f31e35f9000 ---p 00000000 00:00 0 
7f31e35f9000-7f31e36f7000 rw-p 00000000 00:00 0 
7f31e36f7000-7f31e36fa000 ---p 00000000 00:00 0 
7f31e36fa000-7f31e37f8000 rw-p 00000000 00:00 0 
7f31e37f8000-7f31e37f9000 ---p 00000000 00:00 0 
7f31e37f9000-7f31e4000000 rw-p 00000000 00:00 0 
7f31e4000000-7f31e4021000 rw-p 00000000 00:00 0 
7f31e4021000-7f31e8000000 ---p 00000000 00:00 0 
7f31e8000000-7f31e8004000 r--s 00097000 08:02 13898977                   /opt/jdk1.8.0_101/jre/lib/jsse.jar
7f31e8004000-7f31e8008000 r--s 00015000 08:02 11143407                   /home/fry/workspace/OWLAPI/libs/xz-1.5.jar
7f31e8008000-7f31e8009000 r--s 00007000 08:02 11143405                   /home/fry/workspace/OWLAPI/libs/slf4j-api-1.7.10.jar
7f31e8009000-7f31e800b000 r--s 00012000 08:02 11143404                   /home/fry/workspace/OWLAPI/libs/sesame-util-2.7.12.jar
7f31e800b000-7f31e800d000 r--s 00004000 08:02 11143403                   /home/fry/workspace/OWLAPI/libs/sesame-rio-turtle-2.7.12.jar
7f31e800d000-7f31e800e000 r--s 00002000 08:02 11143402                   /home/fry/workspace/OWLAPI/libs/sesame-rio-trix-2.7.12.jar
7f31e800e000-7f31e800f000 r--s 00001000 08:02 11143401                   /home/fry/workspace/OWLAPI/libs/sesame-rio-trig-2.7.12.jar
7f31e800f000-7f31e8011000 r--s 00008000 08:02 11143400                   /home/fry/workspace/OWLAPI/libs/sesame-rio-rdfxml-2.7.12.jar
7f31e8011000-7f31e8013000 r--s 00002000 08:02 11143399                   /home/fry/workspace/OWLAPI/libs/sesame-rio-rdfjson-2.7.12.jar
7f31e8013000-7f31e8014000 r--s 00003000 08:02 11143398                   /home/fry/workspace/OWLAPI/libs/sesame-rio-ntriples-2.7.12.jar
7f31e8014000-7f31e8015000 r--s 00001000 08:02 11143397                   /home/fry/workspace/OWLAPI/libs/sesame-rio-nquads-2.7.12.jar
7f31e8015000-7f31e8017000 r--s 00000000 08:02 11143396                   /home/fry/workspace/OWLAPI/libs/sesame-rio-n3-2.7.12.jar
7f31e8017000-7f31e8018000 r--s 00000000 08:02 11143395                   /home/fry/workspace/OWLAPI/libs/sesame-rio-languages-2.7.12.jar
7f31e8018000-7f31e801a000 r--s 00001000 08:02 11143394                   /home/fry/workspace/OWLAPI/libs/sesame-rio-datatypes-2.7.12.jar
7f31e801a000-7f31e801b000 r--s 00002000 08:02 11143393                   /home/fry/workspace/OWLAPI/libs/sesame-rio-binary-2.7.12.jar
7f31e801b000-7f31e801e000 r--s 0000b000 08:02 11143392                   /home/fry/workspace/OWLAPI/libs/sesame-rio-api-2.7.12.jar
7f31e801e000-7f31e8021000 r--s 00026000 08:02 11143391                   /home/fry/workspace/OWLAPI/libs/sesame-model-2.7.12.jar
7f31e8021000-7f31e8022000 r--s 00002000 08:02 11143390                   /home/fry/workspace/OWLAPI/libs/semargl-sesame-0.6.1.jar
7f31e8022000-7f31e8023000 r--s 00008000 08:02 11143389                   /home/fry/workspace/OWLAPI/libs/semargl-rdfa-0.6.1.jar
7f31e8023000-7f31e8025000 r--s 00005000 08:02 11143388                   /home/fry/workspace/OWLAPI/libs/semargl-rdf-0.6.1.jar
7f31e8025000-7f31e8027000 r--s 00004000 08:02 11143387                   /home/fry/workspace/OWLAPI/libs/semargl-core-0.6.1.jar
7f31e8027000-7f31e8028000 r--s 0002a000 08:02 11143385                   /home/fry/workspace/OWLAPI/libs/org.apache.commons.io-2.4.jar
7f31e8028000-7f31e802a000 r--s 00006000 08:02 11143384                   /home/fry/workspace/OWLAPI/libs/jsr305-2.0.1.jar
7f31e802a000-7f31e802c000 r--s 00002000 08:02 11143383                   /home/fry/workspace/OWLAPI/libs/jsonld-java-sesame-0.5.0.jar
7f31e802c000-7f31e802e000 r--s 0001b000 08:02 11143382                   /home/fry/workspace/OWLAPI/libs/jsonld-java-0.5.0.jar
7f31e802e000-7f31ec000000 rw-p 00000000 00:00 0 
7f31ec000000-7f31ec021000 rw-p 00000000 00:00 0 
7f31ec021000-7f31f0000000 ---p 00000000 00:00 0 
7f31f0000000-7f31f0002000 r--s 00003000 08:02 11143381                   /home/fry/workspace/OWLAPI/libs/jcl-over-slf4j-1.7.7.jar
7f31f0002000-7f31f0014000 r--s 00105000 08:02 11143379                   /home/fry/workspace/OWLAPI/libs/jackson-databind-2.5.1.jar
7f31f0014000-7f31f0018000 r--s 00035000 08:02 11143378                   /home/fry/workspace/OWLAPI/libs/jackson-core-2.5.1.jar
7f31f0018000-7f31f0021000 r--s 00061000 08:02 11143374                   /home/fry/workspace/OWLAPI/libs/httpclient-4.2.5.jar
7f31f0021000-7f31f0627000 rw-p 00000000 00:00 0 
7f31f0627000-7f31f0800000 r--s 03d29000 08:02 13898996                   /opt/jdk1.8.0_101/jre/lib/rt.jar
7f31f0800000-7f31f1000000 rw-p 00000000 00:00 0 
7f31f1000000-7f31f17e0000 rwxp 00000000 00:00 0 
7f31f17e0000-7f3200000000 ---p 00000000 00:00 0 
7f3200000000-7f3200798000 rw-p 00000000 00:00 0 
7f3200798000-7f3204000000 ---p 00000000 00:00 0 
7f3204000000-7f3204001000 r--s 00000000 08:02 11143380                   /home/fry/workspace/OWLAPI/libs/javax.inject-1.jar
7f3204001000-7f3204007000 r--s 00032000 08:02 11143376                   /home/fry/workspace/OWLAPI/libs/httpcore-4.2.4.jar
7f3204007000-7f3204032000 r--s 001fc000 08:02 11143370                   /home/fry/workspace/OWLAPI/libs/guava-18.0.jar
7f3204032000-7f3204558000 rw-p 00000000 00:00 0 
7f3204558000-7f3204559000 ---p 00000000 00:00 0 
7f3204559000-7f3204659000 rw-p 00000000 00:00 0 
7f3204659000-7f320465a000 ---p 00000000 00:00 0 
7f320465a000-7f320475a000 rw-p 00000000 00:00 0 
7f320475a000-7f320475b000 ---p 00000000 00:00 0 
7f320475b000-7f320485b000 rw-p 00000000 00:00 0 
7f320485b000-7f320485c000 ---p 00000000 00:00 0 
7f320485c000-7f3204986000 rw-p 00000000 00:00 0 
7f3204986000-7f3204bf0000 ---p 00000000 00:00 0 
7f3204bf0000-7f3204c1a000 rw-p 00000000 00:00 0 
7f3204c1a000-7f3204e83000 ---p 00000000 00:00 0 
7f3204e83000-7f3204ec7000 rw-p 00000000 00:00 0 
7f3204ec7000-7f3204fcd000 ---p 00000000 00:00 0 
7f3204fcd000-7f3204fee000 rw-p 00000000 00:00 0 
7f3204fee000-7f320538e000 ---p 00000000 00:00 0 
7f320538e000-7f32053a8000 r-xp 00000000 08:02 14034456                   /opt/jdk1.8.0_101/jre/lib/amd64/libzip.so
7f32053a8000-7f32055a8000 ---p 0001a000 08:02 14034456                   /opt/jdk1.8.0_101/jre/lib/amd64/libzip.so
7f32055a8000-7f32055a9000 rw-p 0001a000 08:02 14034456                   /opt/jdk1.8.0_101/jre/lib/amd64/libzip.so
7f32055a9000-7f32055b4000 r-xp 00000000 08:02 13633636                   /lib/x86_64-linux-gnu/libnss_files-2.23.so
7f32055b4000-7f32057b3000 ---p 0000b000 08:02 13633636                   /lib/x86_64-linux-gnu/libnss_files-2.23.so
7f32057b3000-7f32057b4000 r--p 0000a000 08:02 13633636                   /lib/x86_64-linux-gnu/libnss_files-2.23.so
7f32057b4000-7f32057b5000 rw-p 0000b000 08:02 13633636                   /lib/x86_64-linux-gnu/libnss_files-2.23.so
7f32057b5000-7f32057bb000 rw-p 00000000 00:00 0 
7f32057bb000-7f32057c6000 r-xp 00000000 08:02 13633621                   /lib/x86_64-linux-gnu/libnss_nis-2.23.so
7f32057c6000-7f32059c5000 ---p 0000b000 08:02 13633621                   /lib/x86_64-linux-gnu/libnss_nis-2.23.so
7f32059c5000-7f32059c6000 r--p 0000a000 08:02 13633621                   /lib/x86_64-linux-gnu/libnss_nis-2.23.so
7f32059c6000-7f32059c7000 rw-p 0000b000 08:02 13633621                   /lib/x86_64-linux-gnu/libnss_nis-2.23.so
7f32059c7000-7f32059dd000 r-xp 00000000 08:02 13633632                   /lib/x86_64-linux-gnu/libnsl-2.23.so
7f32059dd000-7f3205bdc000 ---p 00016000 08:02 13633632                   /lib/x86_64-linux-gnu/libnsl-2.23.so
7f3205bdc000-7f3205bdd000 r--p 00015000 08:02 13633632                   /lib/x86_64-linux-gnu/libnsl-2.23.so
7f3205bdd000-7f3205bde000 rw-p 00016000 08:02 13633632                   /lib/x86_64-linux-gnu/libnsl-2.23.so
7f3205bde000-7f3205be0000 rw-p 00000000 00:00 0 
7f3205be0000-7f3205be8000 r-xp 00000000 08:02 13633633                   /lib/x86_64-linux-gnu/libnss_compat-2.23.so
7f3205be8000-7f3205de7000 ---p 00008000 08:02 13633633                   /lib/x86_64-linux-gnu/libnss_compat-2.23.so
7f3205de7000-7f3205de8000 r--p 00007000 08:02 13633633                   /lib/x86_64-linux-gnu/libnss_compat-2.23.so
7f3205de8000-7f3205de9000 rw-p 00008000 08:02 13633633                   /lib/x86_64-linux-gnu/libnss_compat-2.23.so
7f3205de9000-7f3205e13000 r-xp 00000000 08:02 14034482                   /opt/jdk1.8.0_101/jre/lib/amd64/libjava.so
7f3205e13000-7f3206013000 ---p 0002a000 08:02 14034482                   /opt/jdk1.8.0_101/jre/lib/amd64/libjava.so
7f3206013000-7f3206015000 rw-p 0002a000 08:02 14034482                   /opt/jdk1.8.0_101/jre/lib/amd64/libjava.so
7f3206015000-7f3206022000 r-xp 00000000 08:02 14034436                   /opt/jdk1.8.0_101/jre/lib/amd64/libverify.so
7f3206022000-7f3206222000 ---p 0000d000 08:02 14034436                   /opt/jdk1.8.0_101/jre/lib/amd64/libverify.so
7f3206222000-7f3206224000 rw-p 0000d000 08:02 14034436                   /opt/jdk1.8.0_101/jre/lib/amd64/libverify.so
7f3206224000-7f320622b000 r-xp 00000000 08:02 13633620                   /lib/x86_64-linux-gnu/librt-2.23.so
7f320622b000-7f320642a000 ---p 00007000 08:02 13633620                   /lib/x86_64-linux-gnu/librt-2.23.so
7f320642a000-7f320642b000 r--p 00006000 08:02 13633620                   /lib/x86_64-linux-gnu/librt-2.23.so
7f320642b000-7f320642c000 rw-p 00007000 08:02 13633620                   /lib/x86_64-linux-gnu/librt-2.23.so
7f320642c000-7f3206534000 r-xp 00000000 08:02 13633630                   /lib/x86_64-linux-gnu/libm-2.23.so
7f3206534000-7f3206733000 ---p 00108000 08:02 13633630                   /lib/x86_64-linux-gnu/libm-2.23.so
7f3206733000-7f3206734000 r--p 00107000 08:02 13633630                   /lib/x86_64-linux-gnu/libm-2.23.so
7f3206734000-7f3206735000 rw-p 00108000 08:02 13633630                   /lib/x86_64-linux-gnu/libm-2.23.so
7f3206735000-7f3207400000 r-xp 00000000 08:02 14034486                   /opt/jdk1.8.0_101/jre/lib/amd64/server/libjvm.so
7f3207400000-7f32075ff000 ---p 00ccb000 08:02 14034486                   /opt/jdk1.8.0_101/jre/lib/amd64/server/libjvm.so
7f32075ff000-7f32076d8000 rw-p 00cca000 08:02 14034486                   /opt/jdk1.8.0_101/jre/lib/amd64/server/libjvm.so
7f32076d8000-7f3207723000 rw-p 00000000 00:00 0 
7f3207723000-7f32078e2000 r-xp 00000000 08:02 13633625                   /lib/x86_64-linux-gnu/libc-2.23.so
7f32078e2000-7f3207ae2000 ---p 001bf000 08:02 13633625                   /lib/x86_64-linux-gnu/libc-2.23.so
7f3207ae2000-7f3207ae6000 r--p 001bf000 08:02 13633625                   /lib/x86_64-linux-gnu/libc-2.23.so
7f3207ae6000-7f3207ae8000 rw-p 001c3000 08:02 13633625                   /lib/x86_64-linux-gnu/libc-2.23.so
7f3207ae8000-7f3207aec000 rw-p 00000000 00:00 0 
7f3207aec000-7f3207aef000 r-xp 00000000 08:02 13633624                   /lib/x86_64-linux-gnu/libdl-2.23.so
7f3207aef000-7f3207cee000 ---p 00003000 08:02 13633624                   /lib/x86_64-linux-gnu/libdl-2.23.so
7f3207cee000-7f3207cef000 r--p 00002000 08:02 13633624                   /lib/x86_64-linux-gnu/libdl-2.23.so
7f3207cef000-7f3207cf0000 rw-p 00003000 08:02 13633624                   /lib/x86_64-linux-gnu/libdl-2.23.so
7f3207cf0000-7f3207d05000 r-xp 00000000 08:02 13767580                   /opt/jdk1.8.0_101/lib/amd64/jli/libjli.so
7f3207d05000-7f3207f05000 ---p 00015000 08:02 13767580                   /opt/jdk1.8.0_101/lib/amd64/jli/libjli.so
7f3207f05000-7f3207f06000 rw-p 00015000 08:02 13767580                   /opt/jdk1.8.0_101/lib/amd64/jli/libjli.so
7f3207f06000-7f3207f1e000 r-xp 00000000 08:02 13633631                   /lib/x86_64-linux-gnu/libpthread-2.23.so
7f3207f1e000-7f320811d000 ---p 00018000 08:02 13633631                   /lib/x86_64-linux-gnu/libpthread-2.23.so
7f320811d000-7f320811e000 r--p 00017000 08:02 13633631                   /lib/x86_64-linux-gnu/libpthread-2.23.so
7f320811e000-7f320811f000 rw-p 00018000 08:02 13633631                   /lib/x86_64-linux-gnu/libpthread-2.23.so
7f320811f000-7f3208123000 rw-p 00000000 00:00 0 
7f3208123000-7f3208149000 r-xp 00000000 08:02 13633614                   /lib/x86_64-linux-gnu/ld-2.23.so
7f3208149000-7f3208157000 r--s 00096000 08:02 11143371                   /home/fry/workspace/OWLAPI/libs/guice-4.0.jar
7f3208157000-7f3208222000 rw-p 00000000 00:00 0 
7f3208222000-7f3208225000 ---p 00000000 00:00 0 
7f3208225000-7f3208327000 rw-p 00000000 00:00 0 
7f3208327000-7f3208329000 r--s 00008000 08:02 11143377                   /home/fry/workspace/OWLAPI/libs/jackson-annotations-2.5.1.jar
7f3208329000-7f320832c000 r--s 0001a000 08:02 11143375                   /home/fry/workspace/OWLAPI/libs/httpclient-cache-4.2.5.jar
7f320832c000-7f320832e000 r--s 00012000 08:02 11143373                   /home/fry/workspace/OWLAPI/libs/guice-multibindings-4.0.jar
7f320832e000-7f3208330000 r--s 00009000 08:02 11143372                   /home/fry/workspace/OWLAPI/libs/guice-assistedinject-4.0.jar
7f3208330000-7f3208334000 r--s 0002a000 08:02 11143369                   /home/fry/workspace/OWLAPI/libs/commons-io-2.4.jar
7f3208334000-7f320833a000 r--s 00033000 08:02 11143368                   /home/fry/workspace/OWLAPI/libs/commons-codec-1.6.jar
7f320833a000-7f320833c000 r--s 00000000 08:02 11143367                   /home/fry/workspace/OWLAPI/libs/aopalliance-1.0.jar
7f320833c000-7f3208344000 rw-s 00000000 08:02 11013110                   /tmp/hsperfdata_fry/24474
7f3208344000-7f3208345000 rw-p 00000000 00:00 0 
7f3208345000-7f3208346000 ---p 00000000 00:00 0 
7f3208346000-7f3208348000 rw-p 00000000 00:00 0 
7f3208348000-7f3208349000 r--p 00025000 08:02 13633614                   /lib/x86_64-linux-gnu/ld-2.23.so
7f3208349000-7f320834a000 rw-p 00026000 08:02 13633614                   /lib/x86_64-linux-gnu/ld-2.23.so
7f320834a000-7f320834b000 rw-p 00000000 00:00 0 
7ffde3b0e000-7ffde3b30000 rw-p 00000000 00:00 0                          [stack]
7ffde3b4d000-7ffde3b4f000 r--p 00000000 00:00 0                          [vvar]
7ffde3b4f000-7ffde3b51000 r-xp 00000000 00:00 0                          [vdso]
ffffffffff600000-ffffffffff601000 r-xp 00000000 00:00 0                  [vsyscall]

VM Arguments:
jvm_args: -Dmaven.multiModuleProjectDirectory=$M2_HOME -Dfile.encoding=UTF-8 
java_command: workOwl.AddCEPT
java_class_path (initial): /home/fry/workspace/OWLAPI/bin:/home/fry/workspace/OWLAPI/libs/aopalliance-1.0.jar:/home/fry/workspace/OWLAPI/libs/commons-codec-1.6.jar:/home/fry/workspace/OWLAPI/libs/commons-io-2.4.jar:/home/fry/workspace/OWLAPI/libs/guava-18.0.jar:/home/fry/workspace/OWLAPI/libs/guice-4.0.jar:/home/fry/workspace/OWLAPI/libs/guice-assistedinject-4.0.jar:/home/fry/workspace/OWLAPI/libs/guice-multibindings-4.0.jar:/home/fry/workspace/OWLAPI/libs/httpclient-4.2.5.jar:/home/fry/workspace/OWLAPI/libs/httpclient-cache-4.2.5.jar:/home/fry/workspace/OWLAPI/libs/httpcore-4.2.4.jar:/home/fry/workspace/OWLAPI/libs/jackson-annotations-2.5.1.jar:/home/fry/workspace/OWLAPI/libs/jackson-core-2.5.1.jar:/home/fry/workspace/OWLAPI/libs/jackson-databind-2.5.1.jar:/home/fry/workspace/OWLAPI/libs/javax.inject-1.jar:/home/fry/workspace/OWLAPI/libs/jcl-over-slf4j-1.7.7.jar:/home/fry/workspace/OWLAPI/libs/jsonld-java-0.5.0.jar:/home/fry/workspace/OWLAPI/libs/jsonld-java-sesame-0.5.0.jar:/home/fry/workspace/OWLAPI/libs/jsr305-2.0.1.jar:/home/fry/workspace/OWLAPI/libs/org.apache.commons.io-2.4.jar:/home/fry/workspace/OWLAPI/libs/owlapi-distribution-4.1.4.jar:/home/fry/workspace/OWLAPI/libs/semargl-core-0.6.1.jar:/home/fry/workspace/OWLAPI/libs/semargl-rdf-0.6.1.jar:/home/fry/workspace/OWLAPI/libs/semargl-rdfa-0.6.1.jar:/home/fry/workspace/OWLAPI/libs/semargl-sesame-0.6.1.jar:/home/fry/workspace/OWLAPI/libs/sesame-model-2.7.12.jar:/home/fry/workspace/OWLAPI/libs/sesame-rio-api-2.7.12.jar:/home/fry/workspace/OWLAPI/libs/sesame-rio-binary-2.7.12.jar:/home/fry/workspace/OWLAPI/libs/sesame-rio-datatypes-2.7.12.jar:/home/fry/workspace/OWLAPI/libs/sesame-rio-languages-2.7.12.jar:/home/fry/workspace/OWLAPI/libs/sesame-rio-n3-2.7.12.jar:/home/fry/workspace/OWLAPI/libs/sesame-rio-nquads-2.7.12.jar:/home/fry/workspace/OWLAPI/libs/sesame-rio-ntriples-2.7.12.jar:/home/fry/workspace/OWLAPI/libs/sesame-rio-rdfjson-2.7.12.jar:/home/fry/workspace/OWLAPI/libs/sesame-rio-rdfxml-2.7.12.jar:/home/
Launcher Type: SUN_STANDARD

Environment Variables:
JAVA_HOME=/opt/jdk1.8.0_101
JRE_HOME=/opt/jdk1.8.0_101/jre
CLASSPATH=.:/opt/jdk1.8.0_101/lib:/opt/jdk1.8.0_101/jre/lib
PATH=/usr/local/sbin:/usr/local/bin:/usr/sbin:/usr/bin:/sbin:/bin:/usr/games:/usr/local/games:/snap/bin:/opt/jdk1.8.0_101/bin:/opt/jdk1.8.0_101/jre/bin:/home/fry/workspace/apache-maven-3.3.9/bin:/opt/jdk1.8.0_101/bin:/opt/jdk1.8.0_101/jre/bin
LD_LIBRARY_PATH=:/opt/jdk1.8.0_101/jre/lib
SHELL=/bin/bash
DISPLAY=:0

Signal Handlers:
SIGSEGV: [libjvm.so+0xac4790], sa_mask[0]=11111111011111111101111111111110, sa_flags=SA_RESTART|SA_SIGINFO
SIGBUS: [libjvm.so+0xac4790], sa_mask[0]=11111111011111111101111111111110, sa_flags=SA_RESTART|SA_SIGINFO
SIGFPE: [libjvm.so+0x91f140], sa_mask[0]=11111111011111111101111111111110, sa_flags=SA_RESTART|SA_SIGINFO
SIGPIPE: [libjvm.so+0x91f140], sa_mask[0]=11111111011111111101111111111110, sa_flags=SA_RESTART|SA_SIGINFO
SIGXFSZ: [libjvm.so+0x91f140], sa_mask[0]=11111111011111111101111111111110, sa_flags=SA_RESTART|SA_SIGINFO
SIGILL: [libjvm.so+0x91f140], sa_mask[0]=11111111011111111101111111111110, sa_flags=SA_RESTART|SA_SIGINFO
SIGUSR1: SIG_DFL, sa_mask[0]=00000000000000000000000000000000, sa_flags=none
SIGUSR2: [libjvm.so+0x920770], sa_mask[0]=00100000000000000000000000000000, sa_flags=SA_RESTART|SA_SIGINFO
SIGHUP: [libjvm.so+0x921b70], sa_mask[0]=11111111011111111101111111111110, sa_flags=SA_RESTART|SA_SIGINFO
SIGINT: [libjvm.so+0x921b70], sa_mask[0]=11111111011111111101111111111110, sa_flags=SA_RESTART|SA_SIGINFO
SIGTERM: [libjvm.so+0x921b70], sa_mask[0]=11111111011111111101111111111110, sa_flags=SA_RESTART|SA_SIGINFO
SIGQUIT: [libjvm.so+0x921b70], sa_mask[0]=11111111011111111101111111111110, sa_flags=SA_RESTART|SA_SIGINFO


---------------  S Y S T E M  ---------------

OS:DISTRIB_ID=Ubuntu
DISTRIB_RELEASE=16.04
DISTRIB_CODENAME=xenial
DISTRIB_DESCRIPTION="Ubuntu 16.04.1 LTS"

uname:Linux 4.4.0-59-generic #80-Ubuntu SMP Fri Jan 6 17:47:47 UTC 2017 x86_64
libc:glibc 2.23 NPTL 2.23 
rlimit: STACK 8192k, CORE 0k, NPROC 31054, NOFILE 65536, AS infinity
load average:1.28 0.90 0.86

/proc/meminfo:
MemTotal:        8096088 kB
MemFree:          105044 kB
MemAvailable:       3572 kB
Buffers:            1092 kB
Cached:            39964 kB
SwapCached:        25320 kB
Active:          2347932 kB
Inactive:         780364 kB
Active(anon):    2331956 kB
Inactive(anon):   766940 kB
Active(file):      15976 kB
Inactive(file):    13424 kB
Unevictable:          68 kB
Mlocked:              68 kB
SwapTotal:       8308732 kB
SwapFree:              0 kB
Dirty:                 0 kB
Writeback:            44 kB
AnonPages:       3062828 kB
Mapped:          4608044 kB
Shmem:             11156 kB
Slab:             124236 kB
SReclaimable:      37456 kB
SUnreclaim:        86780 kB
KernelStack:       17008 kB
PageTables:        72536 kB
NFS_Unstable:          0 kB
Bounce:                0 kB
WritebackTmp:          0 kB
CommitLimit:    12356776 kB
Committed_AS:   24641172 kB
VmallocTotal:   34359738367 kB
VmallocUsed:           0 kB
VmallocChunk:          0 kB
HardwareCorrupted:     0 kB
AnonHugePages:    542720 kB
CmaTotal:              0 kB
CmaFree:               0 kB
HugePages_Total:       0
HugePages_Free:        0
HugePages_Rsvd:        0
HugePages_Surp:        0
Hugepagesize:       2048 kB
DirectMap4k:      516932 kB
DirectMap2M:     5695488 kB
DirectMap1G:     3145728 kB


CPU:total 4 (4 cores per cpu, 1 threads per core) family 6 model 94 stepping 3, cmov, cx8, fxsr, mmx, sse, sse2, sse3, ssse3, sse4.1, sse4.2, popcnt, avx, avx2, aes, clmul, erms, rtm, 3dnowpref, lzcnt, tsc, tscinvbit, bmi1, bmi2, adx

/proc/cpuinfo:
processor	: 0
vendor_id	: GenuineIntel
cpu family	: 6
model		: 94
model name	: Intel(R) Core(TM) i5-6500 CPU @ 3.20GHz
stepping	: 3
microcode	: 0x74
cpu MHz		: 2668.375
cache size	: 6144 KB
physical id	: 0
siblings	: 4
core id		: 0
cpu cores	: 4
apicid		: 0
initial apicid	: 0
fpu		: yes
fpu_exception	: yes
cpuid level	: 22
wp		: yes
flags		: fpu vme de pse tsc msr pae mce cx8 apic sep mtrr pge mca cmov pat pse36 clflush dts acpi mmx fxsr sse sse2 ss ht tm pbe syscall nx pdpe1gb rdtscp lm constant_tsc art arch_perfmon pebs bts rep_good nopl xtopology nonstop_tsc aperfmperf eagerfpu pni pclmulqdq dtes64 monitor ds_cpl vmx smx est tm2 ssse3 sdbg fma cx16 xtpr pdcm pcid sse4_1 sse4_2 x2apic movbe popcnt tsc_deadline_timer aes xsave avx f16c rdrand lahf_lm abm 3dnowprefetch epb intel_pt tpr_shadow vnmi flexpriority ept vpid fsgsbase tsc_adjust bmi1 hle avx2 smep bmi2 erms invpcid rtm mpx rdseed adx smap clflushopt xsaveopt xsavec xgetbv1 dtherm ida arat pln pts hwp hwp_notify hwp_act_window hwp_epp
bugs		:
bogomips	: 6383.87
clflush size	: 64
cache_alignment	: 64
address sizes	: 39 bits physical, 48 bits virtual
power management:

processor	: 1
vendor_id	: GenuineIntel
cpu family	: 6
model		: 94
model name	: Intel(R) Core(TM) i5-6500 CPU @ 3.20GHz
stepping	: 3
microcode	: 0x74
cpu MHz		: 2846.000
cache size	: 6144 KB
physical id	: 0
siblings	: 4
core id		: 1
cpu cores	: 4
apicid		: 2
initial apicid	: 2
fpu		: yes
fpu_exception	: yes
cpuid level	: 22
wp		: yes
flags		: fpu vme de pse tsc msr pae mce cx8 apic sep mtrr pge mca cmov pat pse36 clflush dts acpi mmx fxsr sse sse2 ss ht tm pbe syscall nx pdpe1gb rdtscp lm constant_tsc art arch_perfmon pebs bts rep_good nopl xtopology nonstop_tsc aperfmperf eagerfpu pni pclmulqdq dtes64 monitor ds_cpl vmx smx est tm2 ssse3 sdbg fma cx16 xtpr pdcm pcid sse4_1 sse4_2 x2apic movbe popcnt tsc_deadline_timer aes xsave avx f16c rdrand lahf_lm abm 3dnowprefetch epb intel_pt tpr_shadow vnmi flexpriority ept vpid fsgsbase tsc_adjust bmi1 hle avx2 smep bmi2 erms invpcid rtm mpx rdseed adx smap clflushopt xsaveopt xsavec xgetbv1 dtherm ida arat pln pts hwp hwp_notify hwp_act_window hwp_epp
bugs		:
bogomips	: 6383.87
clflush size	: 64
cache_alignment	: 64
address sizes	: 39 bits physical, 48 bits virtual
power management:

processor	: 2
vendor_id	: GenuineIntel
cpu family	: 6
model		: 94
model name	: Intel(R) Core(TM) i5-6500 CPU @ 3.20GHz
stepping	: 3
microcode	: 0x74
cpu MHz		: 1606.500
cache size	: 6144 KB
physical id	: 0
siblings	: 4
core id		: 2
cpu cores	: 4
apicid		: 4
initial apicid	: 4
fpu		: yes
fpu_exception	: yes
cpuid level	: 22
wp		: yes
flags		: fpu vme de pse tsc msr pae mce cx8 apic sep mtrr pge mca cmov pat pse36 clflush dts acpi mmx fxsr sse sse2 ss ht tm pbe syscall nx pdpe1gb rdtscp lm constant_tsc art arch_perfmon pebs bts rep_good nopl xtopology nonstop_tsc aperfmperf eagerfpu pni pclmulqdq dtes64 monitor ds_cpl vmx smx est tm2 ssse3 sdbg fma cx16 xtpr pdcm pcid sse4_1 sse4_2 x2apic movbe popcnt tsc_deadline_timer aes xsave avx f16c rdrand lahf_lm abm 3dnowprefetch epb intel_pt tpr_shadow vnmi flexpriority ept vpid fsgsbase tsc_adjust bmi1 hle avx2 smep bmi2 erms invpcid rtm mpx rdseed adx smap clflushopt xsaveopt xsavec xgetbv1 dtherm ida arat pln pts hwp hwp_notify hwp_act_window hwp_epp
bugs		:
bogomips	: 6383.87
clflush size	: 64
cache_alignment	: 64
address sizes	: 39 bits physical, 48 bits virtual
power management:

processor	: 3
vendor_id	: GenuineIntel
cpu family	: 6
model		: 94
model name	: Intel(R) Core(TM) i5-6500 CPU @ 3.20GHz
stepping	: 3
microcode	: 0x74
cpu MHz		: 2060.500
cache size	: 6144 KB
physical id	: 0
siblings	: 4
core id		: 3
cpu cores	: 4
apicid		: 6
initial apicid	: 6
fpu		: yes
fpu_exception	: yes
cpuid level	: 22
wp		: yes
flags		: fpu vme de pse tsc msr pae mce cx8 apic sep mtrr pge mca cmov pat pse36 clflush dts acpi mmx fxsr sse sse2 ss ht tm pbe syscall nx pdpe1gb rdtscp lm constant_tsc art arch_perfmon pebs bts rep_good nopl xtopology nonstop_tsc aperfmperf eagerfpu pni pclmulqdq dtes64 monitor ds_cpl vmx smx est tm2 ssse3 sdbg fma cx16 xtpr pdcm pcid sse4_1 sse4_2 x2apic movbe popcnt tsc_deadline_timer aes xsave avx f16c rdrand lahf_lm abm 3dnowprefetch epb intel_pt tpr_shadow vnmi flexpriority ept vpid fsgsbase tsc_adjust bmi1 hle avx2 smep bmi2 erms invpcid rtm mpx rdseed adx smap clflushopt xsaveopt xsavec xgetbv1 dtherm ida arat pln pts hwp hwp_notify hwp_act_window hwp_epp
bugs		:
bogomips	: 6383.87
clflush size	: 64
cache_alignment	: 64
address sizes	: 39 bits physical, 48 bits virtual
power management:



Memory: 4k page, physical 8096088k(105216k free), swap 8308732k(0k free)

vm_info: Java HotSpot(TM) 64-Bit Server VM (25.101-b13) for linux-amd64 JRE (1.8.0_101-b13), built on Jun 22 2016 02:59:44 by "java_re" with gcc 4.3.0 20080428 (Red Hat 4.3.0-8)

time: Thu Feb 16 18:51:52 2017
elapsed time: 4 seconds (0d 0h 0m 4s)

